[0.018s] Invoking command in '/home/mido/Pictures/Aya workspace Version 1/aya_ws/build/custom_msgs_pkg': CMAKE_PREFIX_PATH=${CMAKE_PREFIX_PATH}::/home/mido/Pictures/Aya workspace Version 1/aya_ws/install/perception_pkg:/opt/ros/humble /usr/bin/cmake --build /home/mido/Pictures/Aya workspace Version 1/aya_ws/build/custom_msgs_pkg -- -j16 -l16
[0.042s] -- Found ament_cmake: 1.3.11 (/opt/ros/humble/share/ament_cmake/cmake)
[0.147s] -- Found std_msgs: 4.2.4 (/opt/ros/humble/share/std_msgs/cmake)
[0.167s] -- Found rosidl_generator_c: 3.1.6 (/opt/ros/humble/share/rosidl_generator_c/cmake)
[0.169s] -- Found rosidl_adapter: 3.1.6 (/opt/ros/humble/share/rosidl_adapter/cmake)
[0.174s] -- Found rosidl_generator_cpp: 3.1.6 (/opt/ros/humble/share/rosidl_generator_cpp/cmake)
[0.181s] -- Using all available rosidl_typesupport_c: rosidl_typesupport_fastrtps_c;rosidl_typesupport_introspection_c
[0.190s] -- Using all available rosidl_typesupport_cpp: rosidl_typesupport_fastrtps_cpp;rosidl_typesupport_introspection_cpp
[0.210s] -- Found sensor_msgs: 4.2.4 (/opt/ros/humble/share/sensor_msgs/cmake)
[0.237s] -- Found rosidl_default_generators: 1.2.0 (/opt/ros/humble/share/rosidl_default_generators/cmake)
[0.493s] -- Found ament_cmake_ros: 0.10.0 (/opt/ros/humble/share/ament_cmake_ros/cmake)
[0.886s] -- Using all available rosidl_typesupport_c: rosidl_typesupport_fastrtps_c;rosidl_typesupport_introspection_c
[1.037s] -- Using all available rosidl_typesupport_cpp: rosidl_typesupport_fastrtps_cpp;rosidl_typesupport_introspection_cpp
[1.056s] -- Found python_cmake_module: 0.10.0 (/opt/ros/humble/share/python_cmake_module/cmake)
[1.074s] -- Using PYTHON_EXECUTABLE: /usr/bin/python3
[1.074s] -- Using PYTHON_INCLUDE_DIRS: /usr/include/python3.10
[1.074s] -- Using PYTHON_LIBRARIES: /usr/lib/x86_64-linux-gnu/libpython3.10.so
[1.112s] -- Found ament_lint_auto: 0.12.11 (/opt/ros/humble/share/ament_lint_auto/cmake)
[1.120s] -- Added test 'lint_cmake' to check CMake code style
[1.121s] -- Added test 'xmllint' to check XML markup files
[1.123s] -- Configuring done
[1.160s] -- Generating done
[1.171s] -- Build files have been written to: /home/mido/Pictures/Aya workspace Version 1/aya_ws/build/custom_msgs_pkg
[1.197s] [35m[1mConsolidate compiler generated dependencies of target custom_msgs_pkg__rosidl_generator_c[0m
[1.206s] [  2%] Built target custom_msgs_pkg__cpp
[1.209s] [  7%] [32mBuilding C object CMakeFiles/custom_msgs_pkg__rosidl_generator_c.dir/rosidl_generator_c/custom_msgs_pkg/msg/detail/detection_list__functions.c.o[0m
[1.209s] [  7%] [32mBuilding C object CMakeFiles/custom_msgs_pkg__rosidl_generator_c.dir/rosidl_generator_c/custom_msgs_pkg/msg/detail/bounding_box__functions.c.o[0m
[1.216s] [  7%] Built target ament_cmake_python_copy_custom_msgs_pkg
[1.216s] [35m[1mConsolidate compiler generated dependencies of target custom_msgs_pkg__rosidl_typesupport_cpp[0m
[1.216s] [35m[1mConsolidate compiler generated dependencies of target custom_msgs_pkg__rosidl_typesupport_introspection_cpp[0m
[1.216s] [35m[1mConsolidate compiler generated dependencies of target custom_msgs_pkg__rosidl_typesupport_fastrtps_cpp[0m
[1.233s] [ 20%] [32mBuilding CXX object CMakeFiles/custom_msgs_pkg__rosidl_typesupport_introspection_cpp.dir/rosidl_typesupport_introspection_cpp/custom_msgs_pkg/msg/detail/bounding_box__type_support.cpp.o[0m
[1.233s] [ 20%] [32mBuilding CXX object CMakeFiles/custom_msgs_pkg__rosidl_typesupport_fastrtps_cpp.dir/rosidl_typesupport_fastrtps_cpp/custom_msgs_pkg/msg/detail/dds_fastrtps/bounding_box__type_support.cpp.o[0m
[1.233s] [ 20%] [32mBuilding CXX object CMakeFiles/custom_msgs_pkg__rosidl_typesupport_cpp.dir/rosidl_typesupport_cpp/custom_msgs_pkg/msg/detection_list__type_support.cpp.o[0m
[1.233s] [ 20%] [32mBuilding CXX object CMakeFiles/custom_msgs_pkg__rosidl_typesupport_cpp.dir/rosidl_typesupport_cpp/custom_msgs_pkg/msg/bounding_box__type_support.cpp.o[0m
[1.233s] [ 20%] [32mBuilding CXX object CMakeFiles/custom_msgs_pkg__rosidl_typesupport_introspection_cpp.dir/rosidl_typesupport_introspection_cpp/custom_msgs_pkg/msg/detail/detection_list__type_support.cpp.o[0m
[1.234s] [ 23%] [32mBuilding CXX object CMakeFiles/custom_msgs_pkg__rosidl_typesupport_fastrtps_cpp.dir/rosidl_typesupport_fastrtps_cpp/custom_msgs_pkg/msg/detail/dds_fastrtps/detection_list__type_support.cpp.o[0m
[1.265s] [ 25%] [32m[1mLinking C shared library libcustom_msgs_pkg__rosidl_generator_c.so[0m
[1.308s] [ 28%] Built target custom_msgs_pkg__rosidl_generator_c
[1.325s] [35m[1mConsolidate compiler generated dependencies of target custom_msgs_pkg__rosidl_typesupport_c[0m
[1.325s] [35m[1mConsolidate compiler generated dependencies of target custom_msgs_pkg__rosidl_typesupport_introspection_c[0m
[1.325s] [35m[1mConsolidate compiler generated dependencies of target custom_msgs_pkg__rosidl_typesupport_fastrtps_c[0m
[1.347s] [ 35%] [32mBuilding CXX object CMakeFiles/custom_msgs_pkg__rosidl_typesupport_c.dir/rosidl_typesupport_c/custom_msgs_pkg/msg/bounding_box__type_support.cpp.o[0m
[1.347s] [ 35%] [32mBuilding C object CMakeFiles/custom_msgs_pkg__rosidl_typesupport_introspection_c.dir/rosidl_typesupport_introspection_c/custom_msgs_pkg/msg/detail/bounding_box__type_support.c.o[0m
[1.347s] [ 35%] [32mBuilding C object CMakeFiles/custom_msgs_pkg__rosidl_typesupport_introspection_c.dir/rosidl_typesupport_introspection_c/custom_msgs_pkg/msg/detail/detection_list__type_support.c.o[0m
[1.347s] [ 38%] [32mBuilding CXX object CMakeFiles/custom_msgs_pkg__rosidl_typesupport_c.dir/rosidl_typesupport_c/custom_msgs_pkg/msg/detection_list__type_support.cpp.o[0m
[1.349s] [ 41%] [32mBuilding CXX object CMakeFiles/custom_msgs_pkg__rosidl_typesupport_fastrtps_c.dir/rosidl_typesupport_fastrtps_c/custom_msgs_pkg/msg/detail/bounding_box__type_support_c.cpp.o[0m
[1.349s] [ 43%] [32mBuilding CXX object CMakeFiles/custom_msgs_pkg__rosidl_typesupport_fastrtps_c.dir/rosidl_typesupport_fastrtps_c/custom_msgs_pkg/msg/detail/detection_list__type_support_c.cpp.o[0m
[1.395s] [ 46%] [32m[1mLinking CXX shared library libcustom_msgs_pkg__rosidl_typesupport_c.so[0m
[1.414s] [ 48%] [32m[1mLinking C shared library libcustom_msgs_pkg__rosidl_typesupport_introspection_c.so[0m
[1.470s] [ 53%] Built target custom_msgs_pkg__rosidl_typesupport_introspection_c
[1.471s] [ 53%] Built target custom_msgs_pkg__rosidl_typesupport_c
[1.582s] [ 56%] [32m[1mLinking CXX shared library libcustom_msgs_pkg__rosidl_typesupport_cpp.so[0m
[1.618s] running egg_info
[1.618s] writing custom_msgs_pkg.egg-info/PKG-INFO
[1.619s] writing dependency_links to custom_msgs_pkg.egg-info/dependency_links.txt
[1.619s] writing top-level names to custom_msgs_pkg.egg-info/top_level.txt
[1.623s] reading manifest file 'custom_msgs_pkg.egg-info/SOURCES.txt'
[1.623s] writing manifest file 'custom_msgs_pkg.egg-info/SOURCES.txt'
[1.640s] [ 58%] Built target custom_msgs_pkg__rosidl_typesupport_cpp
[1.666s] [ 58%] Built target ament_cmake_python_build_custom_msgs_pkg_egg
[1.696s] [ 61%] [32m[1mLinking CXX shared library libcustom_msgs_pkg__rosidl_typesupport_fastrtps_cpp.so[0m
[1.698s] [ 64%] [32m[1mLinking CXX shared library libcustom_msgs_pkg__rosidl_typesupport_introspection_cpp.so[0m
[1.741s] [ 66%] [32m[1mLinking CXX shared library libcustom_msgs_pkg__rosidl_typesupport_fastrtps_c.so[0m
[1.785s] [ 71%] Built target custom_msgs_pkg__rosidl_typesupport_introspection_cpp
[1.785s] [ 71%] Built target custom_msgs_pkg__rosidl_typesupport_fastrtps_cpp
[1.817s] [ 74%] Built target custom_msgs_pkg__rosidl_typesupport_fastrtps_c
[1.838s] [ 74%] Built target custom_msgs_pkg
[1.859s] [ 76%] Built target custom_msgs_pkg__py
[1.870s] [35m[1mConsolidate compiler generated dependencies of target custom_msgs_pkg__rosidl_generator_py[0m
[1.886s] [ 82%] [32mBuilding C object CMakeFiles/custom_msgs_pkg__rosidl_generator_py.dir/rosidl_generator_py/custom_msgs_pkg/msg/_detection_list_s.c.o[0m
[1.886s] [ 82%] [32mBuilding C object CMakeFiles/custom_msgs_pkg__rosidl_generator_py.dir/rosidl_generator_py/custom_msgs_pkg/msg/_bounding_box_s.c.o[0m
[1.975s] [ 84%] [32m[1mLinking C shared library rosidl_generator_py/custom_msgs_pkg/libcustom_msgs_pkg__rosidl_generator_py.so[0m
[2.016s] [ 84%] Built target custom_msgs_pkg__rosidl_generator_py
[2.026s] [35m[1mConsolidate compiler generated dependencies of target custom_msgs_pkg__rosidl_typesupport_c__pyext[0m
[2.026s] [35m[1mConsolidate compiler generated dependencies of target custom_msgs_pkg__rosidl_typesupport_fastrtps_c__pyext[0m
[2.026s] [35m[1mConsolidate compiler generated dependencies of target custom_msgs_pkg__rosidl_typesupport_introspection_c__pyext[0m
[2.040s] [ 92%] [32mBuilding C object CMakeFiles/custom_msgs_pkg__rosidl_typesupport_c__pyext.dir/rosidl_generator_py/custom_msgs_pkg/_custom_msgs_pkg_s.ep.rosidl_typesupport_c.c.o[0m
[2.040s] [ 92%] [32mBuilding C object CMakeFiles/custom_msgs_pkg__rosidl_typesupport_introspection_c__pyext.dir/rosidl_generator_py/custom_msgs_pkg/_custom_msgs_pkg_s.ep.rosidl_typesupport_introspection_c.c.o[0m
[2.040s] [ 92%] [32mBuilding C object CMakeFiles/custom_msgs_pkg__rosidl_typesupport_fastrtps_c__pyext.dir/rosidl_generator_py/custom_msgs_pkg/_custom_msgs_pkg_s.ep.rosidl_typesupport_fastrtps_c.c.o[0m
[2.131s] [100%] [32m[1mLinking C shared library rosidl_generator_py/custom_msgs_pkg/custom_msgs_pkg_s__rosidl_typesupport_introspection_c.cpython-310-x86_64-linux-gnu.so[0m
[2.131s] [100%] [32m[1mLinking C shared library rosidl_generator_py/custom_msgs_pkg/custom_msgs_pkg_s__rosidl_typesupport_fastrtps_c.cpython-310-x86_64-linux-gnu.so[0m
[2.131s] [100%] [32m[1mLinking C shared library rosidl_generator_py/custom_msgs_pkg/custom_msgs_pkg_s__rosidl_typesupport_c.cpython-310-x86_64-linux-gnu.so[0m
[2.173s] [100%] Built target custom_msgs_pkg__rosidl_typesupport_introspection_c__pyext
[2.173s] [100%] Built target custom_msgs_pkg__rosidl_typesupport_c__pyext
[2.173s] [100%] Built target custom_msgs_pkg__rosidl_typesupport_fastrtps_c__pyext
[2.185s] Invoked command in '/home/mido/Pictures/Aya workspace Version 1/aya_ws/build/custom_msgs_pkg' returned '0': CMAKE_PREFIX_PATH=${CMAKE_PREFIX_PATH}::/home/mido/Pictures/Aya workspace Version 1/aya_ws/install/perception_pkg:/opt/ros/humble /usr/bin/cmake --build /home/mido/Pictures/Aya workspace Version 1/aya_ws/build/custom_msgs_pkg -- -j16 -l16
[2.194s] Invoking command in '/home/mido/Pictures/Aya workspace Version 1/aya_ws/build/custom_msgs_pkg': CMAKE_PREFIX_PATH=${CMAKE_PREFIX_PATH}::/home/mido/Pictures/Aya workspace Version 1/aya_ws/install/perception_pkg:/opt/ros/humble /usr/bin/cmake --install /home/mido/Pictures/Aya workspace Version 1/aya_ws/build/custom_msgs_pkg
[2.201s] -- Install configuration: ""
[2.201s] -- Up-to-date: /home/mido/Pictures/Aya workspace Version 1/aya_ws/install/custom_msgs_pkg/share/ament_index/resource_index/rosidl_interfaces/custom_msgs_pkg
[2.201s] -- Up-to-date: /home/mido/Pictures/Aya workspace Version 1/aya_ws/install/custom_msgs_pkg/include/custom_msgs_pkg/custom_msgs_pkg
[2.201s] -- Up-to-date: /home/mido/Pictures/Aya workspace Version 1/aya_ws/install/custom_msgs_pkg/include/custom_msgs_pkg/custom_msgs_pkg/msg
[2.201s] -- Up-to-date: /home/mido/Pictures/Aya workspace Version 1/aya_ws/install/custom_msgs_pkg/include/custom_msgs_pkg/custom_msgs_pkg/msg/bounding_box.h
[2.201s] -- Up-to-date: /home/mido/Pictures/Aya workspace Version 1/aya_ws/install/custom_msgs_pkg/include/custom_msgs_pkg/custom_msgs_pkg/msg/rosidl_generator_c__visibility_control.h
[2.202s] -- Up-to-date: /home/mido/Pictures/Aya workspace Version 1/aya_ws/install/custom_msgs_pkg/include/custom_msgs_pkg/custom_msgs_pkg/msg/detection_list.h
[2.202s] -- Up-to-date: /home/mido/Pictures/Aya workspace Version 1/aya_ws/install/custom_msgs_pkg/include/custom_msgs_pkg/custom_msgs_pkg/msg/detail
[2.202s] -- Up-to-date: /home/mido/Pictures/Aya workspace Version 1/aya_ws/install/custom_msgs_pkg/include/custom_msgs_pkg/custom_msgs_pkg/msg/detail/bounding_box__type_support.h
[2.202s] -- Up-to-date: /home/mido/Pictures/Aya workspace Version 1/aya_ws/install/custom_msgs_pkg/include/custom_msgs_pkg/custom_msgs_pkg/msg/detail/bounding_box__functions.h
[2.202s] -- Up-to-date: /home/mido/Pictures/Aya workspace Version 1/aya_ws/install/custom_msgs_pkg/include/custom_msgs_pkg/custom_msgs_pkg/msg/detail/detection_list__struct.h
[2.202s] -- Up-to-date: /home/mido/Pictures/Aya workspace Version 1/aya_ws/install/custom_msgs_pkg/include/custom_msgs_pkg/custom_msgs_pkg/msg/detail/detection_list__functions.h
[2.202s] -- Up-to-date: /home/mido/Pictures/Aya workspace Version 1/aya_ws/install/custom_msgs_pkg/include/custom_msgs_pkg/custom_msgs_pkg/msg/detail/detection_list__functions.c
[2.202s] -- Up-to-date: /home/mido/Pictures/Aya workspace Version 1/aya_ws/install/custom_msgs_pkg/include/custom_msgs_pkg/custom_msgs_pkg/msg/detail/bounding_box__struct.h
[2.202s] -- Up-to-date: /home/mido/Pictures/Aya workspace Version 1/aya_ws/install/custom_msgs_pkg/include/custom_msgs_pkg/custom_msgs_pkg/msg/detail/bounding_box__functions.c
[2.202s] -- Up-to-date: /home/mido/Pictures/Aya workspace Version 1/aya_ws/install/custom_msgs_pkg/include/custom_msgs_pkg/custom_msgs_pkg/msg/detail/detection_list__type_support.h
[2.202s] -- Up-to-date: /home/mido/Pictures/Aya workspace Version 1/aya_ws/install/custom_msgs_pkg/share/custom_msgs_pkg/environment/library_path.sh
[2.202s] -- Installing: /home/mido/Pictures/Aya workspace Version 1/aya_ws/install/custom_msgs_pkg/share/custom_msgs_pkg/environment/library_path.dsv
[2.202s] -- Installing: /home/mido/Pictures/Aya workspace Version 1/aya_ws/install/custom_msgs_pkg/lib/libcustom_msgs_pkg__rosidl_generator_c.so
[2.202s] -- Set runtime path of "/home/mido/Pictures/Aya workspace Version 1/aya_ws/install/custom_msgs_pkg/lib/libcustom_msgs_pkg__rosidl_generator_c.so" to ""
[2.203s] -- Up-to-date: /home/mido/Pictures/Aya workspace Version 1/aya_ws/install/custom_msgs_pkg/include/custom_msgs_pkg/custom_msgs_pkg
[2.203s] -- Up-to-date: /home/mido/Pictures/Aya workspace Version 1/aya_ws/install/custom_msgs_pkg/include/custom_msgs_pkg/custom_msgs_pkg/msg
[2.203s] -- Up-to-date: /home/mido/Pictures/Aya workspace Version 1/aya_ws/install/custom_msgs_pkg/include/custom_msgs_pkg/custom_msgs_pkg/msg/rosidl_typesupport_fastrtps_c__visibility_control.h
[2.203s] -- Up-to-date: /home/mido/Pictures/Aya workspace Version 1/aya_ws/install/custom_msgs_pkg/include/custom_msgs_pkg/custom_msgs_pkg/msg/detail
[2.203s] -- Up-to-date: /home/mido/Pictures/Aya workspace Version 1/aya_ws/install/custom_msgs_pkg/include/custom_msgs_pkg/custom_msgs_pkg/msg/detail/bounding_box__rosidl_typesupport_fastrtps_c.h
[2.203s] -- Up-to-date: /home/mido/Pictures/Aya workspace Version 1/aya_ws/install/custom_msgs_pkg/include/custom_msgs_pkg/custom_msgs_pkg/msg/detail/detection_list__rosidl_typesupport_fastrtps_c.h
[2.203s] -- Installing: /home/mido/Pictures/Aya workspace Version 1/aya_ws/install/custom_msgs_pkg/lib/libcustom_msgs_pkg__rosidl_typesupport_fastrtps_c.so
[2.204s] -- Set runtime path of "/home/mido/Pictures/Aya workspace Version 1/aya_ws/install/custom_msgs_pkg/lib/libcustom_msgs_pkg__rosidl_typesupport_fastrtps_c.so" to ""
[2.204s] -- Up-to-date: /home/mido/Pictures/Aya workspace Version 1/aya_ws/install/custom_msgs_pkg/include/custom_msgs_pkg/custom_msgs_pkg
[2.204s] -- Up-to-date: /home/mido/Pictures/Aya workspace Version 1/aya_ws/install/custom_msgs_pkg/include/custom_msgs_pkg/custom_msgs_pkg/msg
[2.204s] -- Up-to-date: /home/mido/Pictures/Aya workspace Version 1/aya_ws/install/custom_msgs_pkg/include/custom_msgs_pkg/custom_msgs_pkg/msg/detection_list.hpp
[2.204s] -- Up-to-date: /home/mido/Pictures/Aya workspace Version 1/aya_ws/install/custom_msgs_pkg/include/custom_msgs_pkg/custom_msgs_pkg/msg/rosidl_generator_cpp__visibility_control.hpp
[2.204s] -- Up-to-date: /home/mido/Pictures/Aya workspace Version 1/aya_ws/install/custom_msgs_pkg/include/custom_msgs_pkg/custom_msgs_pkg/msg/bounding_box.hpp
[2.204s] -- Up-to-date: /home/mido/Pictures/Aya workspace Version 1/aya_ws/install/custom_msgs_pkg/include/custom_msgs_pkg/custom_msgs_pkg/msg/detail
[2.204s] -- Up-to-date: /home/mido/Pictures/Aya workspace Version 1/aya_ws/install/custom_msgs_pkg/include/custom_msgs_pkg/custom_msgs_pkg/msg/detail/bounding_box__struct.hpp
[2.204s] -- Up-to-date: /home/mido/Pictures/Aya workspace Version 1/aya_ws/install/custom_msgs_pkg/include/custom_msgs_pkg/custom_msgs_pkg/msg/detail/detection_list__traits.hpp
[2.204s] -- Up-to-date: /home/mido/Pictures/Aya workspace Version 1/aya_ws/install/custom_msgs_pkg/include/custom_msgs_pkg/custom_msgs_pkg/msg/detail/detection_list__struct.hpp
[2.204s] -- Up-to-date: /home/mido/Pictures/Aya workspace Version 1/aya_ws/install/custom_msgs_pkg/include/custom_msgs_pkg/custom_msgs_pkg/msg/detail/detection_list__builder.hpp
[2.204s] -- Up-to-date: /home/mido/Pictures/Aya workspace Version 1/aya_ws/install/custom_msgs_pkg/include/custom_msgs_pkg/custom_msgs_pkg/msg/detail/detection_list__type_support.hpp
[2.204s] -- Up-to-date: /home/mido/Pictures/Aya workspace Version 1/aya_ws/install/custom_msgs_pkg/include/custom_msgs_pkg/custom_msgs_pkg/msg/detail/bounding_box__traits.hpp
[2.204s] -- Up-to-date: /home/mido/Pictures/Aya workspace Version 1/aya_ws/install/custom_msgs_pkg/include/custom_msgs_pkg/custom_msgs_pkg/msg/detail/bounding_box__builder.hpp
[2.205s] -- Up-to-date: /home/mido/Pictures/Aya workspace Version 1/aya_ws/install/custom_msgs_pkg/include/custom_msgs_pkg/custom_msgs_pkg/msg/detail/bounding_box__type_support.hpp
[2.205s] -- Up-to-date: /home/mido/Pictures/Aya workspace Version 1/aya_ws/install/custom_msgs_pkg/include/custom_msgs_pkg/custom_msgs_pkg
[2.205s] -- Up-to-date: /home/mido/Pictures/Aya workspace Version 1/aya_ws/install/custom_msgs_pkg/include/custom_msgs_pkg/custom_msgs_pkg/msg
[2.205s] -- Up-to-date: /home/mido/Pictures/Aya workspace Version 1/aya_ws/install/custom_msgs_pkg/include/custom_msgs_pkg/custom_msgs_pkg/msg/rosidl_typesupport_fastrtps_cpp__visibility_control.h
[2.205s] -- Up-to-date: /home/mido/Pictures/Aya workspace Version 1/aya_ws/install/custom_msgs_pkg/include/custom_msgs_pkg/custom_msgs_pkg/msg/detail
[2.205s] -- Up-to-date: /home/mido/Pictures/Aya workspace Version 1/aya_ws/install/custom_msgs_pkg/include/custom_msgs_pkg/custom_msgs_pkg/msg/detail/bounding_box__rosidl_typesupport_fastrtps_cpp.hpp
[2.205s] -- Up-to-date: /home/mido/Pictures/Aya workspace Version 1/aya_ws/install/custom_msgs_pkg/include/custom_msgs_pkg/custom_msgs_pkg/msg/detail/dds_fastrtps
[2.205s] -- Up-to-date: /home/mido/Pictures/Aya workspace Version 1/aya_ws/install/custom_msgs_pkg/include/custom_msgs_pkg/custom_msgs_pkg/msg/detail/detection_list__rosidl_typesupport_fastrtps_cpp.hpp
[2.206s] -- Installing: /home/mido/Pictures/Aya workspace Version 1/aya_ws/install/custom_msgs_pkg/lib/libcustom_msgs_pkg__rosidl_typesupport_fastrtps_cpp.so
[2.206s] -- Set runtime path of "/home/mido/Pictures/Aya workspace Version 1/aya_ws/install/custom_msgs_pkg/lib/libcustom_msgs_pkg__rosidl_typesupport_fastrtps_cpp.so" to ""
[2.206s] -- Up-to-date: /home/mido/Pictures/Aya workspace Version 1/aya_ws/install/custom_msgs_pkg/include/custom_msgs_pkg/custom_msgs_pkg
[2.206s] -- Up-to-date: /home/mido/Pictures/Aya workspace Version 1/aya_ws/install/custom_msgs_pkg/include/custom_msgs_pkg/custom_msgs_pkg/msg
[2.206s] -- Up-to-date: /home/mido/Pictures/Aya workspace Version 1/aya_ws/install/custom_msgs_pkg/include/custom_msgs_pkg/custom_msgs_pkg/msg/rosidl_typesupport_introspection_c__visibility_control.h
[2.206s] -- Up-to-date: /home/mido/Pictures/Aya workspace Version 1/aya_ws/install/custom_msgs_pkg/include/custom_msgs_pkg/custom_msgs_pkg/msg/detail
[2.206s] -- Up-to-date: /home/mido/Pictures/Aya workspace Version 1/aya_ws/install/custom_msgs_pkg/include/custom_msgs_pkg/custom_msgs_pkg/msg/detail/detection_list__rosidl_typesupport_introspection_c.h
[2.206s] -- Up-to-date: /home/mido/Pictures/Aya workspace Version 1/aya_ws/install/custom_msgs_pkg/include/custom_msgs_pkg/custom_msgs_pkg/msg/detail/detection_list__type_support.c
[2.206s] -- Up-to-date: /home/mido/Pictures/Aya workspace Version 1/aya_ws/install/custom_msgs_pkg/include/custom_msgs_pkg/custom_msgs_pkg/msg/detail/bounding_box__rosidl_typesupport_introspection_c.h
[2.206s] -- Up-to-date: /home/mido/Pictures/Aya workspace Version 1/aya_ws/install/custom_msgs_pkg/include/custom_msgs_pkg/custom_msgs_pkg/msg/detail/bounding_box__type_support.c
[2.206s] -- Installing: /home/mido/Pictures/Aya workspace Version 1/aya_ws/install/custom_msgs_pkg/lib/libcustom_msgs_pkg__rosidl_typesupport_introspection_c.so
[2.206s] -- Set runtime path of "/home/mido/Pictures/Aya workspace Version 1/aya_ws/install/custom_msgs_pkg/lib/libcustom_msgs_pkg__rosidl_typesupport_introspection_c.so" to ""
[2.206s] -- Installing: /home/mido/Pictures/Aya workspace Version 1/aya_ws/install/custom_msgs_pkg/lib/libcustom_msgs_pkg__rosidl_typesupport_c.so
[2.206s] -- Set runtime path of "/home/mido/Pictures/Aya workspace Version 1/aya_ws/install/custom_msgs_pkg/lib/libcustom_msgs_pkg__rosidl_typesupport_c.so" to ""
[2.207s] -- Up-to-date: /home/mido/Pictures/Aya workspace Version 1/aya_ws/install/custom_msgs_pkg/include/custom_msgs_pkg/custom_msgs_pkg
[2.207s] -- Up-to-date: /home/mido/Pictures/Aya workspace Version 1/aya_ws/install/custom_msgs_pkg/include/custom_msgs_pkg/custom_msgs_pkg/msg
[2.207s] -- Up-to-date: /home/mido/Pictures/Aya workspace Version 1/aya_ws/install/custom_msgs_pkg/include/custom_msgs_pkg/custom_msgs_pkg/msg/detail
[2.207s] -- Up-to-date: /home/mido/Pictures/Aya workspace Version 1/aya_ws/install/custom_msgs_pkg/include/custom_msgs_pkg/custom_msgs_pkg/msg/detail/detection_list__rosidl_typesupport_introspection_cpp.hpp
[2.207s] -- Up-to-date: /home/mido/Pictures/Aya workspace Version 1/aya_ws/install/custom_msgs_pkg/include/custom_msgs_pkg/custom_msgs_pkg/msg/detail/detection_list__type_support.cpp
[2.207s] -- Up-to-date: /home/mido/Pictures/Aya workspace Version 1/aya_ws/install/custom_msgs_pkg/include/custom_msgs_pkg/custom_msgs_pkg/msg/detail/bounding_box__type_support.cpp
[2.207s] -- Up-to-date: /home/mido/Pictures/Aya workspace Version 1/aya_ws/install/custom_msgs_pkg/include/custom_msgs_pkg/custom_msgs_pkg/msg/detail/bounding_box__rosidl_typesupport_introspection_cpp.hpp
[2.207s] -- Installing: /home/mido/Pictures/Aya workspace Version 1/aya_ws/install/custom_msgs_pkg/lib/libcustom_msgs_pkg__rosidl_typesupport_introspection_cpp.so
[2.207s] -- Set runtime path of "/home/mido/Pictures/Aya workspace Version 1/aya_ws/install/custom_msgs_pkg/lib/libcustom_msgs_pkg__rosidl_typesupport_introspection_cpp.so" to ""
[2.207s] -- Installing: /home/mido/Pictures/Aya workspace Version 1/aya_ws/install/custom_msgs_pkg/lib/libcustom_msgs_pkg__rosidl_typesupport_cpp.so
[2.208s] -- Set runtime path of "/home/mido/Pictures/Aya workspace Version 1/aya_ws/install/custom_msgs_pkg/lib/libcustom_msgs_pkg__rosidl_typesupport_cpp.so" to ""
[2.208s] -- Up-to-date: /home/mido/Pictures/Aya workspace Version 1/aya_ws/install/custom_msgs_pkg/share/custom_msgs_pkg/environment/pythonpath.sh
[2.208s] -- Installing: /home/mido/Pictures/Aya workspace Version 1/aya_ws/install/custom_msgs_pkg/share/custom_msgs_pkg/environment/pythonpath.dsv
[2.208s] -- Up-to-date: /home/mido/Pictures/Aya workspace Version 1/aya_ws/install/custom_msgs_pkg/local/lib/python3.10/dist-packages/custom_msgs_pkg-0.0.0-py3.10.egg-info
[2.209s] -- Installing: /home/mido/Pictures/Aya workspace Version 1/aya_ws/install/custom_msgs_pkg/local/lib/python3.10/dist-packages/custom_msgs_pkg-0.0.0-py3.10.egg-info/PKG-INFO
[2.209s] -- Installing: /home/mido/Pictures/Aya workspace Version 1/aya_ws/install/custom_msgs_pkg/local/lib/python3.10/dist-packages/custom_msgs_pkg-0.0.0-py3.10.egg-info/top_level.txt
[2.209s] -- Installing: /home/mido/Pictures/Aya workspace Version 1/aya_ws/install/custom_msgs_pkg/local/lib/python3.10/dist-packages/custom_msgs_pkg-0.0.0-py3.10.egg-info/dependency_links.txt
[2.209s] -- Installing: /home/mido/Pictures/Aya workspace Version 1/aya_ws/install/custom_msgs_pkg/local/lib/python3.10/dist-packages/custom_msgs_pkg-0.0.0-py3.10.egg-info/SOURCES.txt
[2.209s] -- Up-to-date: /home/mido/Pictures/Aya workspace Version 1/aya_ws/install/custom_msgs_pkg/local/lib/python3.10/dist-packages/custom_msgs_pkg
[2.209s] -- Up-to-date: /home/mido/Pictures/Aya workspace Version 1/aya_ws/install/custom_msgs_pkg/local/lib/python3.10/dist-packages/custom_msgs_pkg/_custom_msgs_pkg_s.ep.rosidl_typesupport_introspection_c.c
[2.209s] -- Up-to-date: /home/mido/Pictures/Aya workspace Version 1/aya_ws/install/custom_msgs_pkg/local/lib/python3.10/dist-packages/custom_msgs_pkg/_custom_msgs_pkg_s.ep.rosidl_typesupport_c.c
[2.209s] -- Installing: /home/mido/Pictures/Aya workspace Version 1/aya_ws/install/custom_msgs_pkg/local/lib/python3.10/dist-packages/custom_msgs_pkg/__init__.py
[2.209s] -- Installing: /home/mido/Pictures/Aya workspace Version 1/aya_ws/install/custom_msgs_pkg/local/lib/python3.10/dist-packages/custom_msgs_pkg/custom_msgs_pkg_s__rosidl_typesupport_introspection_c.cpython-310-x86_64-linux-gnu.so
[2.210s] -- Installing: /home/mido/Pictures/Aya workspace Version 1/aya_ws/install/custom_msgs_pkg/local/lib/python3.10/dist-packages/custom_msgs_pkg/libcustom_msgs_pkg__rosidl_generator_py.so
[2.210s] -- Up-to-date: /home/mido/Pictures/Aya workspace Version 1/aya_ws/install/custom_msgs_pkg/local/lib/python3.10/dist-packages/custom_msgs_pkg/_custom_msgs_pkg_s.ep.rosidl_typesupport_fastrtps_c.c
[2.210s] -- Installing: /home/mido/Pictures/Aya workspace Version 1/aya_ws/install/custom_msgs_pkg/local/lib/python3.10/dist-packages/custom_msgs_pkg/custom_msgs_pkg_s__rosidl_typesupport_c.cpython-310-x86_64-linux-gnu.so
[2.210s] -- Installing: /home/mido/Pictures/Aya workspace Version 1/aya_ws/install/custom_msgs_pkg/local/lib/python3.10/dist-packages/custom_msgs_pkg/custom_msgs_pkg_s__rosidl_typesupport_fastrtps_c.cpython-310-x86_64-linux-gnu.so
[2.211s] -- Up-to-date: /home/mido/Pictures/Aya workspace Version 1/aya_ws/install/custom_msgs_pkg/local/lib/python3.10/dist-packages/custom_msgs_pkg/msg
[2.211s] -- Up-to-date: /home/mido/Pictures/Aya workspace Version 1/aya_ws/install/custom_msgs_pkg/local/lib/python3.10/dist-packages/custom_msgs_pkg/msg/_bounding_box.py
[2.211s] -- Up-to-date: /home/mido/Pictures/Aya workspace Version 1/aya_ws/install/custom_msgs_pkg/local/lib/python3.10/dist-packages/custom_msgs_pkg/msg/_detection_list_s.c
[2.211s] -- Up-to-date: /home/mido/Pictures/Aya workspace Version 1/aya_ws/install/custom_msgs_pkg/local/lib/python3.10/dist-packages/custom_msgs_pkg/msg/__init__.py
[2.211s] -- Up-to-date: /home/mido/Pictures/Aya workspace Version 1/aya_ws/install/custom_msgs_pkg/local/lib/python3.10/dist-packages/custom_msgs_pkg/msg/_detection_list.py
[2.211s] -- Up-to-date: /home/mido/Pictures/Aya workspace Version 1/aya_ws/install/custom_msgs_pkg/local/lib/python3.10/dist-packages/custom_msgs_pkg/msg/_bounding_box_s.c
[2.238s] Listing '/home/mido/Pictures/Aya workspace Version 1/aya_ws/install/custom_msgs_pkg/local/lib/python3.10/dist-packages/custom_msgs_pkg'...
[2.238s] Compiling '/home/mido/Pictures/Aya workspace Version 1/aya_ws/install/custom_msgs_pkg/local/lib/python3.10/dist-packages/custom_msgs_pkg/__init__.py'...
[2.238s] Listing '/home/mido/Pictures/Aya workspace Version 1/aya_ws/install/custom_msgs_pkg/local/lib/python3.10/dist-packages/custom_msgs_pkg/msg'...
[2.242s] -- Installing: /home/mido/Pictures/Aya workspace Version 1/aya_ws/install/custom_msgs_pkg/local/lib/python3.10/dist-packages/custom_msgs_pkg/custom_msgs_pkg_s__rosidl_typesupport_fastrtps_c.cpython-310-x86_64-linux-gnu.so
[2.243s] -- Set runtime path of "/home/mido/Pictures/Aya workspace Version 1/aya_ws/install/custom_msgs_pkg/local/lib/python3.10/dist-packages/custom_msgs_pkg/custom_msgs_pkg_s__rosidl_typesupport_fastrtps_c.cpython-310-x86_64-linux-gnu.so" to ""
[2.243s] -- Installing: /home/mido/Pictures/Aya workspace Version 1/aya_ws/install/custom_msgs_pkg/local/lib/python3.10/dist-packages/custom_msgs_pkg/custom_msgs_pkg_s__rosidl_typesupport_introspection_c.cpython-310-x86_64-linux-gnu.so
[2.243s] -- Set runtime path of "/home/mido/Pictures/Aya workspace Version 1/aya_ws/install/custom_msgs_pkg/local/lib/python3.10/dist-packages/custom_msgs_pkg/custom_msgs_pkg_s__rosidl_typesupport_introspection_c.cpython-310-x86_64-linux-gnu.so" to ""
[2.244s] -- Installing: /home/mido/Pictures/Aya workspace Version 1/aya_ws/install/custom_msgs_pkg/local/lib/python3.10/dist-packages/custom_msgs_pkg/custom_msgs_pkg_s__rosidl_typesupport_c.cpython-310-x86_64-linux-gnu.so
[2.244s] -- Set runtime path of "/home/mido/Pictures/Aya workspace Version 1/aya_ws/install/custom_msgs_pkg/local/lib/python3.10/dist-packages/custom_msgs_pkg/custom_msgs_pkg_s__rosidl_typesupport_c.cpython-310-x86_64-linux-gnu.so" to ""
[2.244s] -- Installing: /home/mido/Pictures/Aya workspace Version 1/aya_ws/install/custom_msgs_pkg/lib/libcustom_msgs_pkg__rosidl_generator_py.so
[2.244s] -- Set runtime path of "/home/mido/Pictures/Aya workspace Version 1/aya_ws/install/custom_msgs_pkg/lib/libcustom_msgs_pkg__rosidl_generator_py.so" to ""
[2.245s] -- Up-to-date: /home/mido/Pictures/Aya workspace Version 1/aya_ws/install/custom_msgs_pkg/share/custom_msgs_pkg/msg/BoundingBox.idl
[2.245s] -- Up-to-date: /home/mido/Pictures/Aya workspace Version 1/aya_ws/install/custom_msgs_pkg/share/custom_msgs_pkg/msg/DetectionList.idl
[2.245s] -- Up-to-date: /home/mido/Pictures/Aya workspace Version 1/aya_ws/install/custom_msgs_pkg/share/custom_msgs_pkg/msgs/BoundingBox.msg
[2.245s] -- Up-to-date: /home/mido/Pictures/Aya workspace Version 1/aya_ws/install/custom_msgs_pkg/share/custom_msgs_pkg/msgs/DetectionList.msg
[2.245s] -- Installing: /home/mido/Pictures/Aya workspace Version 1/aya_ws/install/custom_msgs_pkg/share/ament_index/resource_index/package_run_dependencies/custom_msgs_pkg
[2.245s] -- Installing: /home/mido/Pictures/Aya workspace Version 1/aya_ws/install/custom_msgs_pkg/share/ament_index/resource_index/parent_prefix_path/custom_msgs_pkg
[2.245s] -- Up-to-date: /home/mido/Pictures/Aya workspace Version 1/aya_ws/install/custom_msgs_pkg/share/custom_msgs_pkg/environment/ament_prefix_path.sh
[2.245s] -- Installing: /home/mido/Pictures/Aya workspace Version 1/aya_ws/install/custom_msgs_pkg/share/custom_msgs_pkg/environment/ament_prefix_path.dsv
[2.246s] -- Up-to-date: /home/mido/Pictures/Aya workspace Version 1/aya_ws/install/custom_msgs_pkg/share/custom_msgs_pkg/environment/path.sh
[2.246s] -- Installing: /home/mido/Pictures/Aya workspace Version 1/aya_ws/install/custom_msgs_pkg/share/custom_msgs_pkg/environment/path.dsv
[2.246s] -- Up-to-date: /home/mido/Pictures/Aya workspace Version 1/aya_ws/install/custom_msgs_pkg/share/custom_msgs_pkg/local_setup.bash
[2.246s] -- Up-to-date: /home/mido/Pictures/Aya workspace Version 1/aya_ws/install/custom_msgs_pkg/share/custom_msgs_pkg/local_setup.sh
[2.246s] -- Up-to-date: /home/mido/Pictures/Aya workspace Version 1/aya_ws/install/custom_msgs_pkg/share/custom_msgs_pkg/local_setup.zsh
[2.246s] -- Installing: /home/mido/Pictures/Aya workspace Version 1/aya_ws/install/custom_msgs_pkg/share/custom_msgs_pkg/local_setup.dsv
[2.246s] -- Installing: /home/mido/Pictures/Aya workspace Version 1/aya_ws/install/custom_msgs_pkg/share/custom_msgs_pkg/package.dsv
[2.247s] -- Up-to-date: /home/mido/Pictures/Aya workspace Version 1/aya_ws/install/custom_msgs_pkg/share/ament_index/resource_index/packages/custom_msgs_pkg
[2.247s] -- Old export file "/home/mido/Pictures/Aya workspace Version 1/aya_ws/install/custom_msgs_pkg/share/custom_msgs_pkg/cmake/export_custom_msgs_pkg__rosidl_generator_cExport.cmake" will be replaced.  Removing files [/home/mido/Pictures/Aya workspace Version 1/aya_ws/install/custom_msgs_pkg/share/custom_msgs_pkg/cmake/export_custom_msgs_pkg__rosidl_generator_cExport-noconfig.cmake].
[2.247s] -- Installing: /home/mido/Pictures/Aya workspace Version 1/aya_ws/install/custom_msgs_pkg/share/custom_msgs_pkg/cmake/export_custom_msgs_pkg__rosidl_generator_cExport.cmake
[2.247s] -- Installing: /home/mido/Pictures/Aya workspace Version 1/aya_ws/install/custom_msgs_pkg/share/custom_msgs_pkg/cmake/export_custom_msgs_pkg__rosidl_generator_cExport-noconfig.cmake
[2.247s] -- Old export file "/home/mido/Pictures/Aya workspace Version 1/aya_ws/install/custom_msgs_pkg/share/custom_msgs_pkg/cmake/export_custom_msgs_pkg__rosidl_typesupport_fastrtps_cExport.cmake" will be replaced.  Removing files [/home/mido/Pictures/Aya workspace Version 1/aya_ws/install/custom_msgs_pkg/share/custom_msgs_pkg/cmake/export_custom_msgs_pkg__rosidl_typesupport_fastrtps_cExport-noconfig.cmake].
[2.247s] -- Installing: /home/mido/Pictures/Aya workspace Version 1/aya_ws/install/custom_msgs_pkg/share/custom_msgs_pkg/cmake/export_custom_msgs_pkg__rosidl_typesupport_fastrtps_cExport.cmake
[2.247s] -- Installing: /home/mido/Pictures/Aya workspace Version 1/aya_ws/install/custom_msgs_pkg/share/custom_msgs_pkg/cmake/export_custom_msgs_pkg__rosidl_typesupport_fastrtps_cExport-noconfig.cmake
[2.248s] -- Installing: /home/mido/Pictures/Aya workspace Version 1/aya_ws/install/custom_msgs_pkg/share/custom_msgs_pkg/cmake/export_custom_msgs_pkg__rosidl_generator_cppExport.cmake
[2.248s] -- Old export file "/home/mido/Pictures/Aya workspace Version 1/aya_ws/install/custom_msgs_pkg/share/custom_msgs_pkg/cmake/export_custom_msgs_pkg__rosidl_typesupport_fastrtps_cppExport.cmake" will be replaced.  Removing files [/home/mido/Pictures/Aya workspace Version 1/aya_ws/install/custom_msgs_pkg/share/custom_msgs_pkg/cmake/export_custom_msgs_pkg__rosidl_typesupport_fastrtps_cppExport-noconfig.cmake].
[2.248s] -- Installing: /home/mido/Pictures/Aya workspace Version 1/aya_ws/install/custom_msgs_pkg/share/custom_msgs_pkg/cmake/export_custom_msgs_pkg__rosidl_typesupport_fastrtps_cppExport.cmake
[2.248s] -- Installing: /home/mido/Pictures/Aya workspace Version 1/aya_ws/install/custom_msgs_pkg/share/custom_msgs_pkg/cmake/export_custom_msgs_pkg__rosidl_typesupport_fastrtps_cppExport-noconfig.cmake
[2.248s] -- Old export file "/home/mido/Pictures/Aya workspace Version 1/aya_ws/install/custom_msgs_pkg/share/custom_msgs_pkg/cmake/custom_msgs_pkg__rosidl_typesupport_introspection_cExport.cmake" will be replaced.  Removing files [/home/mido/Pictures/Aya workspace Version 1/aya_ws/install/custom_msgs_pkg/share/custom_msgs_pkg/cmake/custom_msgs_pkg__rosidl_typesupport_introspection_cExport-noconfig.cmake].
[2.248s] -- Installing: /home/mido/Pictures/Aya workspace Version 1/aya_ws/install/custom_msgs_pkg/share/custom_msgs_pkg/cmake/custom_msgs_pkg__rosidl_typesupport_introspection_cExport.cmake
[2.249s] -- Installing: /home/mido/Pictures/Aya workspace Version 1/aya_ws/install/custom_msgs_pkg/share/custom_msgs_pkg/cmake/custom_msgs_pkg__rosidl_typesupport_introspection_cExport-noconfig.cmake
[2.249s] -- Old export file "/home/mido/Pictures/Aya workspace Version 1/aya_ws/install/custom_msgs_pkg/share/custom_msgs_pkg/cmake/custom_msgs_pkg__rosidl_typesupport_cExport.cmake" will be replaced.  Removing files [/home/mido/Pictures/Aya workspace Version 1/aya_ws/install/custom_msgs_pkg/share/custom_msgs_pkg/cmake/custom_msgs_pkg__rosidl_typesupport_cExport-noconfig.cmake].
[2.249s] -- Installing: /home/mido/Pictures/Aya workspace Version 1/aya_ws/install/custom_msgs_pkg/share/custom_msgs_pkg/cmake/custom_msgs_pkg__rosidl_typesupport_cExport.cmake
[2.249s] -- Installing: /home/mido/Pictures/Aya workspace Version 1/aya_ws/install/custom_msgs_pkg/share/custom_msgs_pkg/cmake/custom_msgs_pkg__rosidl_typesupport_cExport-noconfig.cmake
[2.249s] -- Old export file "/home/mido/Pictures/Aya workspace Version 1/aya_ws/install/custom_msgs_pkg/share/custom_msgs_pkg/cmake/custom_msgs_pkg__rosidl_typesupport_introspection_cppExport.cmake" will be replaced.  Removing files [/home/mido/Pictures/Aya workspace Version 1/aya_ws/install/custom_msgs_pkg/share/custom_msgs_pkg/cmake/custom_msgs_pkg__rosidl_typesupport_introspection_cppExport-noconfig.cmake].
[2.249s] -- Installing: /home/mido/Pictures/Aya workspace Version 1/aya_ws/install/custom_msgs_pkg/share/custom_msgs_pkg/cmake/custom_msgs_pkg__rosidl_typesupport_introspection_cppExport.cmake
[2.250s] -- Installing: /home/mido/Pictures/Aya workspace Version 1/aya_ws/install/custom_msgs_pkg/share/custom_msgs_pkg/cmake/custom_msgs_pkg__rosidl_typesupport_introspection_cppExport-noconfig.cmake
[2.250s] -- Old export file "/home/mido/Pictures/Aya workspace Version 1/aya_ws/install/custom_msgs_pkg/share/custom_msgs_pkg/cmake/custom_msgs_pkg__rosidl_typesupport_cppExport.cmake" will be replaced.  Removing files [/home/mido/Pictures/Aya workspace Version 1/aya_ws/install/custom_msgs_pkg/share/custom_msgs_pkg/cmake/custom_msgs_pkg__rosidl_typesupport_cppExport-noconfig.cmake].
[2.250s] -- Installing: /home/mido/Pictures/Aya workspace Version 1/aya_ws/install/custom_msgs_pkg/share/custom_msgs_pkg/cmake/custom_msgs_pkg__rosidl_typesupport_cppExport.cmake
[2.250s] -- Installing: /home/mido/Pictures/Aya workspace Version 1/aya_ws/install/custom_msgs_pkg/share/custom_msgs_pkg/cmake/custom_msgs_pkg__rosidl_typesupport_cppExport-noconfig.cmake
[2.250s] -- Old export file "/home/mido/Pictures/Aya workspace Version 1/aya_ws/install/custom_msgs_pkg/share/custom_msgs_pkg/cmake/export_custom_msgs_pkg__rosidl_generator_pyExport.cmake" will be replaced.  Removing files [/home/mido/Pictures/Aya workspace Version 1/aya_ws/install/custom_msgs_pkg/share/custom_msgs_pkg/cmake/export_custom_msgs_pkg__rosidl_generator_pyExport-noconfig.cmake].
[2.250s] -- Installing: /home/mido/Pictures/Aya workspace Version 1/aya_ws/install/custom_msgs_pkg/share/custom_msgs_pkg/cmake/export_custom_msgs_pkg__rosidl_generator_pyExport.cmake
[2.250s] -- Installing: /home/mido/Pictures/Aya workspace Version 1/aya_ws/install/custom_msgs_pkg/share/custom_msgs_pkg/cmake/export_custom_msgs_pkg__rosidl_generator_pyExport-noconfig.cmake
[2.251s] -- Up-to-date: /home/mido/Pictures/Aya workspace Version 1/aya_ws/install/custom_msgs_pkg/share/custom_msgs_pkg/cmake/rosidl_cmake-extras.cmake
[2.251s] -- Installing: /home/mido/Pictures/Aya workspace Version 1/aya_ws/install/custom_msgs_pkg/share/custom_msgs_pkg/cmake/ament_cmake_export_dependencies-extras.cmake
[2.251s] -- Up-to-date: /home/mido/Pictures/Aya workspace Version 1/aya_ws/install/custom_msgs_pkg/share/custom_msgs_pkg/cmake/ament_cmake_export_include_directories-extras.cmake
[2.251s] -- Up-to-date: /home/mido/Pictures/Aya workspace Version 1/aya_ws/install/custom_msgs_pkg/share/custom_msgs_pkg/cmake/ament_cmake_export_libraries-extras.cmake
[2.251s] -- Up-to-date: /home/mido/Pictures/Aya workspace Version 1/aya_ws/install/custom_msgs_pkg/share/custom_msgs_pkg/cmake/ament_cmake_export_targets-extras.cmake
[2.251s] -- Up-to-date: /home/mido/Pictures/Aya workspace Version 1/aya_ws/install/custom_msgs_pkg/share/custom_msgs_pkg/cmake/rosidl_cmake_export_typesupport_targets-extras.cmake
[2.251s] -- Up-to-date: /home/mido/Pictures/Aya workspace Version 1/aya_ws/install/custom_msgs_pkg/share/custom_msgs_pkg/cmake/rosidl_cmake_export_typesupport_libraries-extras.cmake
[2.251s] -- Up-to-date: /home/mido/Pictures/Aya workspace Version 1/aya_ws/install/custom_msgs_pkg/share/custom_msgs_pkg/cmake/custom_msgs_pkgConfig.cmake
[2.251s] -- Up-to-date: /home/mido/Pictures/Aya workspace Version 1/aya_ws/install/custom_msgs_pkg/share/custom_msgs_pkg/cmake/custom_msgs_pkgConfig-version.cmake
[2.251s] -- Installing: /home/mido/Pictures/Aya workspace Version 1/aya_ws/install/custom_msgs_pkg/share/custom_msgs_pkg/package.xml
[2.255s] Invoked command in '/home/mido/Pictures/Aya workspace Version 1/aya_ws/build/custom_msgs_pkg' returned '0': CMAKE_PREFIX_PATH=${CMAKE_PREFIX_PATH}::/home/mido/Pictures/Aya workspace Version 1/aya_ws/install/perception_pkg:/opt/ros/humble /usr/bin/cmake --install /home/mido/Pictures/Aya workspace Version 1/aya_ws/build/custom_msgs_pkg
