[0.020s] Invoking command in '/home/mido/Pictures/Aya workspace Version 1/aya_ws/build/custom_msgs_pkg': CMAKE_PREFIX_PATH=${CMAKE_PREFIX_PATH}:/home/mido/Pictures/Aya workspace Version 1/aya_ws/install/perception_pkg:/opt/ros/humble CONDA_PROMPT_MODIFIER=(base) /usr/bin/cmake --build /home/mido/Pictures/Aya workspace Version 1/aya_ws/build/custom_msgs_pkg -- -j16 -l16
[0.099s] [  3%] Built target custom_msgs_pkg__cpp
[0.099s] [ 12%] Built target custom_msgs_pkg__rosidl_generator_c
[0.118s] [ 12%] Built target ament_cmake_python_copy_custom_msgs_pkg
[0.136s] [ 76%] Built target custom_msgs_pkg__rosidl_typesupport_c
[0.136s] [ 76%] Built target custom_msgs_pkg__rosidl_typesupport_fastrtps_c
[0.136s] [ 76%] Built target custom_msgs_pkg__rosidl_typesupport_cpp
[0.136s] [ 76%] Built target custom_msgs_pkg__rosidl_typesupport_fastrtps_cpp
[0.136s] [ 76%] Built target custom_msgs_pkg__rosidl_typesupport_introspection_cpp
[0.136s] [ 78%] Built target custom_msgs_pkg__rosidl_typesupport_introspection_c
[0.166s] [ 78%] Built target custom_msgs_pkg
[0.201s] [ 80%] Built target custom_msgs_pkg__py
[0.242s] [ 89%] Built target custom_msgs_pkg__rosidl_generator_py
[0.279s] [ 98%] Built target custom_msgs_pkg__rosidl_typesupport_fastrtps_c__pyext
[0.280s] [100%] Built target custom_msgs_pkg__rosidl_typesupport_c__pyext
[0.280s] [100%] Built target custom_msgs_pkg__rosidl_typesupport_introspection_c__pyext
[0.481s] running egg_info
[0.482s] writing custom_msgs_pkg.egg-info/PKG-INFO
[0.482s] writing dependency_links to custom_msgs_pkg.egg-info/dependency_links.txt
[0.482s] writing top-level names to custom_msgs_pkg.egg-info/top_level.txt
[0.487s] reading manifest file 'custom_msgs_pkg.egg-info/SOURCES.txt'
[0.487s] writing manifest file 'custom_msgs_pkg.egg-info/SOURCES.txt'
[0.546s] [100%] Built target ament_cmake_python_build_custom_msgs_pkg_egg
[0.567s] Invoked command in '/home/mido/Pictures/Aya workspace Version 1/aya_ws/build/custom_msgs_pkg' returned '0': CMAKE_PREFIX_PATH=${CMAKE_PREFIX_PATH}:/home/mido/Pictures/Aya workspace Version 1/aya_ws/install/perception_pkg:/opt/ros/humble CONDA_PROMPT_MODIFIER=(base) /usr/bin/cmake --build /home/mido/Pictures/Aya workspace Version 1/aya_ws/build/custom_msgs_pkg -- -j16 -l16
[0.584s] Invoking command in '/home/mido/Pictures/Aya workspace Version 1/aya_ws/build/custom_msgs_pkg': CMAKE_PREFIX_PATH=${CMAKE_PREFIX_PATH}:/home/mido/Pictures/Aya workspace Version 1/aya_ws/install/perception_pkg:/opt/ros/humble CONDA_PROMPT_MODIFIER=(base) /usr/bin/cmake --install /home/mido/Pictures/Aya workspace Version 1/aya_ws/build/custom_msgs_pkg
[0.595s] -- Install configuration: ""
[0.595s] -- Up-to-date: /home/mido/Pictures/Aya workspace Version 1/aya_ws/install/custom_msgs_pkg/share/ament_index/resource_index/rosidl_interfaces/custom_msgs_pkg
[0.595s] -- Up-to-date: /home/mido/Pictures/Aya workspace Version 1/aya_ws/install/custom_msgs_pkg/include/custom_msgs_pkg/custom_msgs_pkg
[0.595s] -- Up-to-date: /home/mido/Pictures/Aya workspace Version 1/aya_ws/install/custom_msgs_pkg/include/custom_msgs_pkg/custom_msgs_pkg/msg
[0.596s] -- Up-to-date: /home/mido/Pictures/Aya workspace Version 1/aya_ws/install/custom_msgs_pkg/include/custom_msgs_pkg/custom_msgs_pkg/msg/bounding_box.h
[0.596s] -- Up-to-date: /home/mido/Pictures/Aya workspace Version 1/aya_ws/install/custom_msgs_pkg/include/custom_msgs_pkg/custom_msgs_pkg/msg/detection3_d_list.h
[0.596s] -- Up-to-date: /home/mido/Pictures/Aya workspace Version 1/aya_ws/install/custom_msgs_pkg/include/custom_msgs_pkg/custom_msgs_pkg/msg/object3_d.h
[0.596s] -- Up-to-date: /home/mido/Pictures/Aya workspace Version 1/aya_ws/install/custom_msgs_pkg/include/custom_msgs_pkg/custom_msgs_pkg/msg/rosidl_generator_c__visibility_control.h
[0.596s] -- Up-to-date: /home/mido/Pictures/Aya workspace Version 1/aya_ws/install/custom_msgs_pkg/include/custom_msgs_pkg/custom_msgs_pkg/msg/detection_list.h
[0.596s] -- Up-to-date: /home/mido/Pictures/Aya workspace Version 1/aya_ws/install/custom_msgs_pkg/include/custom_msgs_pkg/custom_msgs_pkg/msg/detail
[0.597s] -- Up-to-date: /home/mido/Pictures/Aya workspace Version 1/aya_ws/install/custom_msgs_pkg/include/custom_msgs_pkg/custom_msgs_pkg/msg/detail/bounding_box__type_support.h
[0.597s] -- Up-to-date: /home/mido/Pictures/Aya workspace Version 1/aya_ws/install/custom_msgs_pkg/include/custom_msgs_pkg/custom_msgs_pkg/msg/detail/detection3_d_list__functions.c
[0.597s] -- Up-to-date: /home/mido/Pictures/Aya workspace Version 1/aya_ws/install/custom_msgs_pkg/include/custom_msgs_pkg/custom_msgs_pkg/msg/detail/bounding_box__functions.h
[0.597s] -- Up-to-date: /home/mido/Pictures/Aya workspace Version 1/aya_ws/install/custom_msgs_pkg/include/custom_msgs_pkg/custom_msgs_pkg/msg/detail/detection3_d_list__functions.h
[0.597s] -- Up-to-date: /home/mido/Pictures/Aya workspace Version 1/aya_ws/install/custom_msgs_pkg/include/custom_msgs_pkg/custom_msgs_pkg/msg/detail/detection_list__struct.h
[0.598s] -- Up-to-date: /home/mido/Pictures/Aya workspace Version 1/aya_ws/install/custom_msgs_pkg/include/custom_msgs_pkg/custom_msgs_pkg/msg/detail/detection_list__functions.h
[0.598s] -- Up-to-date: /home/mido/Pictures/Aya workspace Version 1/aya_ws/install/custom_msgs_pkg/include/custom_msgs_pkg/custom_msgs_pkg/msg/detail/object3_d__struct.h
[0.598s] -- Up-to-date: /home/mido/Pictures/Aya workspace Version 1/aya_ws/install/custom_msgs_pkg/include/custom_msgs_pkg/custom_msgs_pkg/msg/detail/object3_d__type_support.h
[0.598s] -- Up-to-date: /home/mido/Pictures/Aya workspace Version 1/aya_ws/install/custom_msgs_pkg/include/custom_msgs_pkg/custom_msgs_pkg/msg/detail/detection_list__functions.c
[0.598s] -- Up-to-date: /home/mido/Pictures/Aya workspace Version 1/aya_ws/install/custom_msgs_pkg/include/custom_msgs_pkg/custom_msgs_pkg/msg/detail/bounding_box__struct.h
[0.598s] -- Up-to-date: /home/mido/Pictures/Aya workspace Version 1/aya_ws/install/custom_msgs_pkg/include/custom_msgs_pkg/custom_msgs_pkg/msg/detail/bounding_box__functions.c
[0.598s] -- Up-to-date: /home/mido/Pictures/Aya workspace Version 1/aya_ws/install/custom_msgs_pkg/include/custom_msgs_pkg/custom_msgs_pkg/msg/detail/object3_d__functions.h
[0.598s] -- Up-to-date: /home/mido/Pictures/Aya workspace Version 1/aya_ws/install/custom_msgs_pkg/include/custom_msgs_pkg/custom_msgs_pkg/msg/detail/detection3_d_list__type_support.h
[0.598s] -- Up-to-date: /home/mido/Pictures/Aya workspace Version 1/aya_ws/install/custom_msgs_pkg/include/custom_msgs_pkg/custom_msgs_pkg/msg/detail/detection_list__type_support.h
[0.599s] -- Up-to-date: /home/mido/Pictures/Aya workspace Version 1/aya_ws/install/custom_msgs_pkg/include/custom_msgs_pkg/custom_msgs_pkg/msg/detail/object3_d__functions.c
[0.599s] -- Up-to-date: /home/mido/Pictures/Aya workspace Version 1/aya_ws/install/custom_msgs_pkg/include/custom_msgs_pkg/custom_msgs_pkg/msg/detail/detection3_d_list__struct.h
[0.599s] -- Up-to-date: /home/mido/Pictures/Aya workspace Version 1/aya_ws/install/custom_msgs_pkg/share/custom_msgs_pkg/environment/library_path.sh
[0.599s] -- Up-to-date: /home/mido/Pictures/Aya workspace Version 1/aya_ws/install/custom_msgs_pkg/share/custom_msgs_pkg/environment/library_path.dsv
[0.599s] -- Up-to-date: /home/mido/Pictures/Aya workspace Version 1/aya_ws/install/custom_msgs_pkg/lib/libcustom_msgs_pkg__rosidl_generator_c.so
[0.599s] -- Up-to-date: /home/mido/Pictures/Aya workspace Version 1/aya_ws/install/custom_msgs_pkg/include/custom_msgs_pkg/custom_msgs_pkg
[0.599s] -- Up-to-date: /home/mido/Pictures/Aya workspace Version 1/aya_ws/install/custom_msgs_pkg/include/custom_msgs_pkg/custom_msgs_pkg/msg
[0.599s] -- Up-to-date: /home/mido/Pictures/Aya workspace Version 1/aya_ws/install/custom_msgs_pkg/include/custom_msgs_pkg/custom_msgs_pkg/msg/rosidl_typesupport_fastrtps_c__visibility_control.h
[0.600s] -- Up-to-date: /home/mido/Pictures/Aya workspace Version 1/aya_ws/install/custom_msgs_pkg/include/custom_msgs_pkg/custom_msgs_pkg/msg/detail
[0.600s] -- Up-to-date: /home/mido/Pictures/Aya workspace Version 1/aya_ws/install/custom_msgs_pkg/include/custom_msgs_pkg/custom_msgs_pkg/msg/detail/object3_d__rosidl_typesupport_fastrtps_c.h
[0.600s] -- Up-to-date: /home/mido/Pictures/Aya workspace Version 1/aya_ws/install/custom_msgs_pkg/include/custom_msgs_pkg/custom_msgs_pkg/msg/detail/bounding_box__rosidl_typesupport_fastrtps_c.h
[0.600s] -- Up-to-date: /home/mido/Pictures/Aya workspace Version 1/aya_ws/install/custom_msgs_pkg/include/custom_msgs_pkg/custom_msgs_pkg/msg/detail/detection_list__rosidl_typesupport_fastrtps_c.h
[0.601s] -- Up-to-date: /home/mido/Pictures/Aya workspace Version 1/aya_ws/install/custom_msgs_pkg/include/custom_msgs_pkg/custom_msgs_pkg/msg/detail/detection3_d_list__rosidl_typesupport_fastrtps_c.h
[0.601s] -- Up-to-date: /home/mido/Pictures/Aya workspace Version 1/aya_ws/install/custom_msgs_pkg/lib/libcustom_msgs_pkg__rosidl_typesupport_fastrtps_c.so
[0.601s] -- Up-to-date: /home/mido/Pictures/Aya workspace Version 1/aya_ws/install/custom_msgs_pkg/include/custom_msgs_pkg/custom_msgs_pkg
[0.601s] -- Up-to-date: /home/mido/Pictures/Aya workspace Version 1/aya_ws/install/custom_msgs_pkg/include/custom_msgs_pkg/custom_msgs_pkg/msg
[0.601s] -- Up-to-date: /home/mido/Pictures/Aya workspace Version 1/aya_ws/install/custom_msgs_pkg/include/custom_msgs_pkg/custom_msgs_pkg/msg/detection3_d_list.hpp
[0.601s] -- Up-to-date: /home/mido/Pictures/Aya workspace Version 1/aya_ws/install/custom_msgs_pkg/include/custom_msgs_pkg/custom_msgs_pkg/msg/object3_d.hpp
[0.602s] -- Up-to-date: /home/mido/Pictures/Aya workspace Version 1/aya_ws/install/custom_msgs_pkg/include/custom_msgs_pkg/custom_msgs_pkg/msg/detection_list.hpp
[0.602s] -- Up-to-date: /home/mido/Pictures/Aya workspace Version 1/aya_ws/install/custom_msgs_pkg/include/custom_msgs_pkg/custom_msgs_pkg/msg/rosidl_generator_cpp__visibility_control.hpp
[0.602s] -- Up-to-date: /home/mido/Pictures/Aya workspace Version 1/aya_ws/install/custom_msgs_pkg/include/custom_msgs_pkg/custom_msgs_pkg/msg/bounding_box.hpp
[0.602s] -- Up-to-date: /home/mido/Pictures/Aya workspace Version 1/aya_ws/install/custom_msgs_pkg/include/custom_msgs_pkg/custom_msgs_pkg/msg/detail
[0.602s] -- Up-to-date: /home/mido/Pictures/Aya workspace Version 1/aya_ws/install/custom_msgs_pkg/include/custom_msgs_pkg/custom_msgs_pkg/msg/detail/detection3_d_list__type_support.hpp
[0.602s] -- Up-to-date: /home/mido/Pictures/Aya workspace Version 1/aya_ws/install/custom_msgs_pkg/include/custom_msgs_pkg/custom_msgs_pkg/msg/detail/object3_d__struct.hpp
[0.602s] -- Up-to-date: /home/mido/Pictures/Aya workspace Version 1/aya_ws/install/custom_msgs_pkg/include/custom_msgs_pkg/custom_msgs_pkg/msg/detail/bounding_box__struct.hpp
[0.602s] -- Up-to-date: /home/mido/Pictures/Aya workspace Version 1/aya_ws/install/custom_msgs_pkg/include/custom_msgs_pkg/custom_msgs_pkg/msg/detail/object3_d__type_support.hpp
[0.603s] -- Up-to-date: /home/mido/Pictures/Aya workspace Version 1/aya_ws/install/custom_msgs_pkg/include/custom_msgs_pkg/custom_msgs_pkg/msg/detail/detection_list__traits.hpp
[0.603s] -- Up-to-date: /home/mido/Pictures/Aya workspace Version 1/aya_ws/install/custom_msgs_pkg/include/custom_msgs_pkg/custom_msgs_pkg/msg/detail/detection3_d_list__struct.hpp
[0.603s] -- Up-to-date: /home/mido/Pictures/Aya workspace Version 1/aya_ws/install/custom_msgs_pkg/include/custom_msgs_pkg/custom_msgs_pkg/msg/detail/detection_list__struct.hpp
[0.603s] -- Up-to-date: /home/mido/Pictures/Aya workspace Version 1/aya_ws/install/custom_msgs_pkg/include/custom_msgs_pkg/custom_msgs_pkg/msg/detail/detection_list__builder.hpp
[0.603s] -- Up-to-date: /home/mido/Pictures/Aya workspace Version 1/aya_ws/install/custom_msgs_pkg/include/custom_msgs_pkg/custom_msgs_pkg/msg/detail/detection_list__type_support.hpp
[0.603s] -- Up-to-date: /home/mido/Pictures/Aya workspace Version 1/aya_ws/install/custom_msgs_pkg/include/custom_msgs_pkg/custom_msgs_pkg/msg/detail/object3_d__traits.hpp
[0.603s] -- Up-to-date: /home/mido/Pictures/Aya workspace Version 1/aya_ws/install/custom_msgs_pkg/include/custom_msgs_pkg/custom_msgs_pkg/msg/detail/detection3_d_list__builder.hpp
[0.603s] -- Up-to-date: /home/mido/Pictures/Aya workspace Version 1/aya_ws/install/custom_msgs_pkg/include/custom_msgs_pkg/custom_msgs_pkg/msg/detail/object3_d__builder.hpp
[0.603s] -- Up-to-date: /home/mido/Pictures/Aya workspace Version 1/aya_ws/install/custom_msgs_pkg/include/custom_msgs_pkg/custom_msgs_pkg/msg/detail/bounding_box__traits.hpp
[0.603s] -- Up-to-date: /home/mido/Pictures/Aya workspace Version 1/aya_ws/install/custom_msgs_pkg/include/custom_msgs_pkg/custom_msgs_pkg/msg/detail/bounding_box__builder.hpp
[0.604s] -- Up-to-date: /home/mido/Pictures/Aya workspace Version 1/aya_ws/install/custom_msgs_pkg/include/custom_msgs_pkg/custom_msgs_pkg/msg/detail/bounding_box__type_support.hpp
[0.604s] -- Up-to-date: /home/mido/Pictures/Aya workspace Version 1/aya_ws/install/custom_msgs_pkg/include/custom_msgs_pkg/custom_msgs_pkg/msg/detail/detection3_d_list__traits.hpp
[0.604s] -- Up-to-date: /home/mido/Pictures/Aya workspace Version 1/aya_ws/install/custom_msgs_pkg/include/custom_msgs_pkg/custom_msgs_pkg
[0.604s] -- Up-to-date: /home/mido/Pictures/Aya workspace Version 1/aya_ws/install/custom_msgs_pkg/include/custom_msgs_pkg/custom_msgs_pkg/msg
[0.604s] -- Up-to-date: /home/mido/Pictures/Aya workspace Version 1/aya_ws/install/custom_msgs_pkg/include/custom_msgs_pkg/custom_msgs_pkg/msg/rosidl_typesupport_fastrtps_cpp__visibility_control.h
[0.604s] -- Up-to-date: /home/mido/Pictures/Aya workspace Version 1/aya_ws/install/custom_msgs_pkg/include/custom_msgs_pkg/custom_msgs_pkg/msg/detail
[0.604s] -- Up-to-date: /home/mido/Pictures/Aya workspace Version 1/aya_ws/install/custom_msgs_pkg/include/custom_msgs_pkg/custom_msgs_pkg/msg/detail/object3_d__rosidl_typesupport_fastrtps_cpp.hpp
[0.604s] -- Up-to-date: /home/mido/Pictures/Aya workspace Version 1/aya_ws/install/custom_msgs_pkg/include/custom_msgs_pkg/custom_msgs_pkg/msg/detail/bounding_box__rosidl_typesupport_fastrtps_cpp.hpp
[0.604s] -- Up-to-date: /home/mido/Pictures/Aya workspace Version 1/aya_ws/install/custom_msgs_pkg/include/custom_msgs_pkg/custom_msgs_pkg/msg/detail/dds_fastrtps
[0.604s] -- Up-to-date: /home/mido/Pictures/Aya workspace Version 1/aya_ws/install/custom_msgs_pkg/include/custom_msgs_pkg/custom_msgs_pkg/msg/detail/detection_list__rosidl_typesupport_fastrtps_cpp.hpp
[0.605s] -- Up-to-date: /home/mido/Pictures/Aya workspace Version 1/aya_ws/install/custom_msgs_pkg/include/custom_msgs_pkg/custom_msgs_pkg/msg/detail/detection3_d_list__rosidl_typesupport_fastrtps_cpp.hpp
[0.605s] -- Up-to-date: /home/mido/Pictures/Aya workspace Version 1/aya_ws/install/custom_msgs_pkg/lib/libcustom_msgs_pkg__rosidl_typesupport_fastrtps_cpp.so
[0.605s] -- Up-to-date: /home/mido/Pictures/Aya workspace Version 1/aya_ws/install/custom_msgs_pkg/include/custom_msgs_pkg/custom_msgs_pkg
[0.605s] -- Up-to-date: /home/mido/Pictures/Aya workspace Version 1/aya_ws/install/custom_msgs_pkg/include/custom_msgs_pkg/custom_msgs_pkg/msg
[0.605s] -- Up-to-date: /home/mido/Pictures/Aya workspace Version 1/aya_ws/install/custom_msgs_pkg/include/custom_msgs_pkg/custom_msgs_pkg/msg/rosidl_typesupport_introspection_c__visibility_control.h
[0.605s] -- Up-to-date: /home/mido/Pictures/Aya workspace Version 1/aya_ws/install/custom_msgs_pkg/include/custom_msgs_pkg/custom_msgs_pkg/msg/detail
[0.605s] -- Up-to-date: /home/mido/Pictures/Aya workspace Version 1/aya_ws/install/custom_msgs_pkg/include/custom_msgs_pkg/custom_msgs_pkg/msg/detail/detection3_d_list__type_support.c
[0.605s] -- Up-to-date: /home/mido/Pictures/Aya workspace Version 1/aya_ws/install/custom_msgs_pkg/include/custom_msgs_pkg/custom_msgs_pkg/msg/detail/detection3_d_list__rosidl_typesupport_introspection_c.h
[0.605s] -- Up-to-date: /home/mido/Pictures/Aya workspace Version 1/aya_ws/install/custom_msgs_pkg/include/custom_msgs_pkg/custom_msgs_pkg/msg/detail/object3_d__type_support.c
[0.605s] -- Up-to-date: /home/mido/Pictures/Aya workspace Version 1/aya_ws/install/custom_msgs_pkg/include/custom_msgs_pkg/custom_msgs_pkg/msg/detail/detection_list__rosidl_typesupport_introspection_c.h
[0.605s] -- Up-to-date: /home/mido/Pictures/Aya workspace Version 1/aya_ws/install/custom_msgs_pkg/include/custom_msgs_pkg/custom_msgs_pkg/msg/detail/object3_d__rosidl_typesupport_introspection_c.h
[0.605s] -- Up-to-date: /home/mido/Pictures/Aya workspace Version 1/aya_ws/install/custom_msgs_pkg/include/custom_msgs_pkg/custom_msgs_pkg/msg/detail/detection_list__type_support.c
[0.606s] -- Up-to-date: /home/mido/Pictures/Aya workspace Version 1/aya_ws/install/custom_msgs_pkg/include/custom_msgs_pkg/custom_msgs_pkg/msg/detail/bounding_box__rosidl_typesupport_introspection_c.h
[0.606s] -- Up-to-date: /home/mido/Pictures/Aya workspace Version 1/aya_ws/install/custom_msgs_pkg/include/custom_msgs_pkg/custom_msgs_pkg/msg/detail/bounding_box__type_support.c
[0.606s] -- Up-to-date: /home/mido/Pictures/Aya workspace Version 1/aya_ws/install/custom_msgs_pkg/lib/libcustom_msgs_pkg__rosidl_typesupport_introspection_c.so
[0.606s] -- Up-to-date: /home/mido/Pictures/Aya workspace Version 1/aya_ws/install/custom_msgs_pkg/lib/libcustom_msgs_pkg__rosidl_typesupport_c.so
[0.606s] -- Up-to-date: /home/mido/Pictures/Aya workspace Version 1/aya_ws/install/custom_msgs_pkg/include/custom_msgs_pkg/custom_msgs_pkg
[0.606s] -- Up-to-date: /home/mido/Pictures/Aya workspace Version 1/aya_ws/install/custom_msgs_pkg/include/custom_msgs_pkg/custom_msgs_pkg/msg
[0.606s] -- Up-to-date: /home/mido/Pictures/Aya workspace Version 1/aya_ws/install/custom_msgs_pkg/include/custom_msgs_pkg/custom_msgs_pkg/msg/detail
[0.606s] -- Up-to-date: /home/mido/Pictures/Aya workspace Version 1/aya_ws/install/custom_msgs_pkg/include/custom_msgs_pkg/custom_msgs_pkg/msg/detail/object3_d__rosidl_typesupport_introspection_cpp.hpp
[0.606s] -- Up-to-date: /home/mido/Pictures/Aya workspace Version 1/aya_ws/install/custom_msgs_pkg/include/custom_msgs_pkg/custom_msgs_pkg/msg/detail/detection_list__rosidl_typesupport_introspection_cpp.hpp
[0.606s] -- Up-to-date: /home/mido/Pictures/Aya workspace Version 1/aya_ws/install/custom_msgs_pkg/include/custom_msgs_pkg/custom_msgs_pkg/msg/detail/detection3_d_list__type_support.cpp
[0.606s] -- Up-to-date: /home/mido/Pictures/Aya workspace Version 1/aya_ws/install/custom_msgs_pkg/include/custom_msgs_pkg/custom_msgs_pkg/msg/detail/detection_list__type_support.cpp
[0.606s] -- Up-to-date: /home/mido/Pictures/Aya workspace Version 1/aya_ws/install/custom_msgs_pkg/include/custom_msgs_pkg/custom_msgs_pkg/msg/detail/detection3_d_list__rosidl_typesupport_introspection_cpp.hpp
[0.606s] -- Up-to-date: /home/mido/Pictures/Aya workspace Version 1/aya_ws/install/custom_msgs_pkg/include/custom_msgs_pkg/custom_msgs_pkg/msg/detail/bounding_box__type_support.cpp
[0.607s] -- Up-to-date: /home/mido/Pictures/Aya workspace Version 1/aya_ws/install/custom_msgs_pkg/include/custom_msgs_pkg/custom_msgs_pkg/msg/detail/object3_d__type_support.cpp
[0.607s] -- Up-to-date: /home/mido/Pictures/Aya workspace Version 1/aya_ws/install/custom_msgs_pkg/include/custom_msgs_pkg/custom_msgs_pkg/msg/detail/bounding_box__rosidl_typesupport_introspection_cpp.hpp
[0.607s] -- Up-to-date: /home/mido/Pictures/Aya workspace Version 1/aya_ws/install/custom_msgs_pkg/lib/libcustom_msgs_pkg__rosidl_typesupport_introspection_cpp.so
[0.607s] -- Up-to-date: /home/mido/Pictures/Aya workspace Version 1/aya_ws/install/custom_msgs_pkg/lib/libcustom_msgs_pkg__rosidl_typesupport_cpp.so
[0.607s] -- Up-to-date: /home/mido/Pictures/Aya workspace Version 1/aya_ws/install/custom_msgs_pkg/share/custom_msgs_pkg/environment/pythonpath.sh
[0.607s] -- Up-to-date: /home/mido/Pictures/Aya workspace Version 1/aya_ws/install/custom_msgs_pkg/share/custom_msgs_pkg/environment/pythonpath.dsv
[0.607s] -- Up-to-date: /home/mido/Pictures/Aya workspace Version 1/aya_ws/install/custom_msgs_pkg/local/lib/python3.10/dist-packages/custom_msgs_pkg-0.0.0-py3.10.egg-info
[0.607s] -- Installing: /home/mido/Pictures/Aya workspace Version 1/aya_ws/install/custom_msgs_pkg/local/lib/python3.10/dist-packages/custom_msgs_pkg-0.0.0-py3.10.egg-info/PKG-INFO
[0.607s] -- Installing: /home/mido/Pictures/Aya workspace Version 1/aya_ws/install/custom_msgs_pkg/local/lib/python3.10/dist-packages/custom_msgs_pkg-0.0.0-py3.10.egg-info/top_level.txt
[0.607s] -- Installing: /home/mido/Pictures/Aya workspace Version 1/aya_ws/install/custom_msgs_pkg/local/lib/python3.10/dist-packages/custom_msgs_pkg-0.0.0-py3.10.egg-info/dependency_links.txt
[0.607s] -- Installing: /home/mido/Pictures/Aya workspace Version 1/aya_ws/install/custom_msgs_pkg/local/lib/python3.10/dist-packages/custom_msgs_pkg-0.0.0-py3.10.egg-info/SOURCES.txt
[0.607s] -- Up-to-date: /home/mido/Pictures/Aya workspace Version 1/aya_ws/install/custom_msgs_pkg/local/lib/python3.10/dist-packages/custom_msgs_pkg
[0.608s] -- Up-to-date: /home/mido/Pictures/Aya workspace Version 1/aya_ws/install/custom_msgs_pkg/local/lib/python3.10/dist-packages/custom_msgs_pkg/_custom_msgs_pkg_s.ep.rosidl_typesupport_introspection_c.c
[0.608s] -- Up-to-date: /home/mido/Pictures/Aya workspace Version 1/aya_ws/install/custom_msgs_pkg/local/lib/python3.10/dist-packages/custom_msgs_pkg/_custom_msgs_pkg_s.ep.rosidl_typesupport_c.c
[0.608s] -- Up-to-date: /home/mido/Pictures/Aya workspace Version 1/aya_ws/install/custom_msgs_pkg/local/lib/python3.10/dist-packages/custom_msgs_pkg/__init__.py
[0.608s] -- Up-to-date: /home/mido/Pictures/Aya workspace Version 1/aya_ws/install/custom_msgs_pkg/local/lib/python3.10/dist-packages/custom_msgs_pkg/custom_msgs_pkg_s__rosidl_typesupport_introspection_c.cpython-310-x86_64-linux-gnu.so
[0.608s] -- Up-to-date: /home/mido/Pictures/Aya workspace Version 1/aya_ws/install/custom_msgs_pkg/local/lib/python3.10/dist-packages/custom_msgs_pkg/libcustom_msgs_pkg__rosidl_generator_py.so
[0.608s] -- Up-to-date: /home/mido/Pictures/Aya workspace Version 1/aya_ws/install/custom_msgs_pkg/local/lib/python3.10/dist-packages/custom_msgs_pkg/_custom_msgs_pkg_s.ep.rosidl_typesupport_fastrtps_c.c
[0.608s] -- Up-to-date: /home/mido/Pictures/Aya workspace Version 1/aya_ws/install/custom_msgs_pkg/local/lib/python3.10/dist-packages/custom_msgs_pkg/custom_msgs_pkg_s__rosidl_typesupport_c.cpython-310-x86_64-linux-gnu.so
[0.608s] -- Up-to-date: /home/mido/Pictures/Aya workspace Version 1/aya_ws/install/custom_msgs_pkg/local/lib/python3.10/dist-packages/custom_msgs_pkg/custom_msgs_pkg_s__rosidl_typesupport_fastrtps_c.cpython-310-x86_64-linux-gnu.so
[0.608s] -- Up-to-date: /home/mido/Pictures/Aya workspace Version 1/aya_ws/install/custom_msgs_pkg/local/lib/python3.10/dist-packages/custom_msgs_pkg/msg
[0.608s] -- Up-to-date: /home/mido/Pictures/Aya workspace Version 1/aya_ws/install/custom_msgs_pkg/local/lib/python3.10/dist-packages/custom_msgs_pkg/msg/_bounding_box.py
[0.608s] -- Up-to-date: /home/mido/Pictures/Aya workspace Version 1/aya_ws/install/custom_msgs_pkg/local/lib/python3.10/dist-packages/custom_msgs_pkg/msg/_detection_list_s.c
[0.608s] -- Up-to-date: /home/mido/Pictures/Aya workspace Version 1/aya_ws/install/custom_msgs_pkg/local/lib/python3.10/dist-packages/custom_msgs_pkg/msg/_detection3_d_list.py
[0.608s] -- Up-to-date: /home/mido/Pictures/Aya workspace Version 1/aya_ws/install/custom_msgs_pkg/local/lib/python3.10/dist-packages/custom_msgs_pkg/msg/__init__.py
[0.609s] -- Up-to-date: /home/mido/Pictures/Aya workspace Version 1/aya_ws/install/custom_msgs_pkg/local/lib/python3.10/dist-packages/custom_msgs_pkg/msg/_detection_list.py
[0.609s] -- Up-to-date: /home/mido/Pictures/Aya workspace Version 1/aya_ws/install/custom_msgs_pkg/local/lib/python3.10/dist-packages/custom_msgs_pkg/msg/_object3_d.py
[0.609s] -- Up-to-date: /home/mido/Pictures/Aya workspace Version 1/aya_ws/install/custom_msgs_pkg/local/lib/python3.10/dist-packages/custom_msgs_pkg/msg/_bounding_box_s.c
[0.609s] -- Up-to-date: /home/mido/Pictures/Aya workspace Version 1/aya_ws/install/custom_msgs_pkg/local/lib/python3.10/dist-packages/custom_msgs_pkg/msg/_object3_d_s.c
[0.609s] -- Up-to-date: /home/mido/Pictures/Aya workspace Version 1/aya_ws/install/custom_msgs_pkg/local/lib/python3.10/dist-packages/custom_msgs_pkg/msg/_detection3_d_list_s.c
[0.641s] Listing '/home/mido/Pictures/Aya workspace Version 1/aya_ws/install/custom_msgs_pkg/local/lib/python3.10/dist-packages/custom_msgs_pkg'...
[0.642s] Listing '/home/mido/Pictures/Aya workspace Version 1/aya_ws/install/custom_msgs_pkg/local/lib/python3.10/dist-packages/custom_msgs_pkg/msg'...
[0.647s] -- Up-to-date: /home/mido/Pictures/Aya workspace Version 1/aya_ws/install/custom_msgs_pkg/local/lib/python3.10/dist-packages/custom_msgs_pkg/custom_msgs_pkg_s__rosidl_typesupport_fastrtps_c.cpython-310-x86_64-linux-gnu.so
[0.647s] -- Up-to-date: /home/mido/Pictures/Aya workspace Version 1/aya_ws/install/custom_msgs_pkg/local/lib/python3.10/dist-packages/custom_msgs_pkg/custom_msgs_pkg_s__rosidl_typesupport_introspection_c.cpython-310-x86_64-linux-gnu.so
[0.648s] -- Up-to-date: /home/mido/Pictures/Aya workspace Version 1/aya_ws/install/custom_msgs_pkg/local/lib/python3.10/dist-packages/custom_msgs_pkg/custom_msgs_pkg_s__rosidl_typesupport_c.cpython-310-x86_64-linux-gnu.so
[0.648s] -- Up-to-date: /home/mido/Pictures/Aya workspace Version 1/aya_ws/install/custom_msgs_pkg/lib/libcustom_msgs_pkg__rosidl_generator_py.so
[0.648s] -- Up-to-date: /home/mido/Pictures/Aya workspace Version 1/aya_ws/install/custom_msgs_pkg/share/custom_msgs_pkg/msg/BoundingBox.idl
[0.649s] -- Up-to-date: /home/mido/Pictures/Aya workspace Version 1/aya_ws/install/custom_msgs_pkg/share/custom_msgs_pkg/msg/DetectionList.idl
[0.649s] -- Up-to-date: /home/mido/Pictures/Aya workspace Version 1/aya_ws/install/custom_msgs_pkg/share/custom_msgs_pkg/msg/Object3D.idl
[0.649s] -- Up-to-date: /home/mido/Pictures/Aya workspace Version 1/aya_ws/install/custom_msgs_pkg/share/custom_msgs_pkg/msg/Detection3DList.idl
[0.649s] -- Up-to-date: /home/mido/Pictures/Aya workspace Version 1/aya_ws/install/custom_msgs_pkg/share/custom_msgs_pkg/msgs/BoundingBox.msg
[0.649s] -- Up-to-date: /home/mido/Pictures/Aya workspace Version 1/aya_ws/install/custom_msgs_pkg/share/custom_msgs_pkg/msgs/DetectionList.msg
[0.649s] -- Up-to-date: /home/mido/Pictures/Aya workspace Version 1/aya_ws/install/custom_msgs_pkg/share/custom_msgs_pkg/msgs/Object3D.msg
[0.649s] -- Up-to-date: /home/mido/Pictures/Aya workspace Version 1/aya_ws/install/custom_msgs_pkg/share/custom_msgs_pkg/msgs/Detection3DList.msg
[0.649s] -- Up-to-date: /home/mido/Pictures/Aya workspace Version 1/aya_ws/install/custom_msgs_pkg/share/ament_index/resource_index/package_run_dependencies/custom_msgs_pkg
[0.650s] -- Up-to-date: /home/mido/Pictures/Aya workspace Version 1/aya_ws/install/custom_msgs_pkg/share/ament_index/resource_index/parent_prefix_path/custom_msgs_pkg
[0.650s] -- Up-to-date: /home/mido/Pictures/Aya workspace Version 1/aya_ws/install/custom_msgs_pkg/share/custom_msgs_pkg/environment/ament_prefix_path.sh
[0.650s] -- Up-to-date: /home/mido/Pictures/Aya workspace Version 1/aya_ws/install/custom_msgs_pkg/share/custom_msgs_pkg/environment/ament_prefix_path.dsv
[0.650s] -- Up-to-date: /home/mido/Pictures/Aya workspace Version 1/aya_ws/install/custom_msgs_pkg/share/custom_msgs_pkg/environment/path.sh
[0.650s] -- Up-to-date: /home/mido/Pictures/Aya workspace Version 1/aya_ws/install/custom_msgs_pkg/share/custom_msgs_pkg/environment/path.dsv
[0.650s] -- Up-to-date: /home/mido/Pictures/Aya workspace Version 1/aya_ws/install/custom_msgs_pkg/share/custom_msgs_pkg/local_setup.bash
[0.650s] -- Up-to-date: /home/mido/Pictures/Aya workspace Version 1/aya_ws/install/custom_msgs_pkg/share/custom_msgs_pkg/local_setup.sh
[0.650s] -- Up-to-date: /home/mido/Pictures/Aya workspace Version 1/aya_ws/install/custom_msgs_pkg/share/custom_msgs_pkg/local_setup.zsh
[0.650s] -- Up-to-date: /home/mido/Pictures/Aya workspace Version 1/aya_ws/install/custom_msgs_pkg/share/custom_msgs_pkg/local_setup.dsv
[0.650s] -- Installing: /home/mido/Pictures/Aya workspace Version 1/aya_ws/install/custom_msgs_pkg/share/custom_msgs_pkg/package.dsv
[0.650s] -- Up-to-date: /home/mido/Pictures/Aya workspace Version 1/aya_ws/install/custom_msgs_pkg/share/ament_index/resource_index/packages/custom_msgs_pkg
[0.651s] -- Up-to-date: /home/mido/Pictures/Aya workspace Version 1/aya_ws/install/custom_msgs_pkg/share/custom_msgs_pkg/cmake/export_custom_msgs_pkg__rosidl_generator_cExport.cmake
[0.651s] -- Up-to-date: /home/mido/Pictures/Aya workspace Version 1/aya_ws/install/custom_msgs_pkg/share/custom_msgs_pkg/cmake/export_custom_msgs_pkg__rosidl_generator_cExport-noconfig.cmake
[0.651s] -- Up-to-date: /home/mido/Pictures/Aya workspace Version 1/aya_ws/install/custom_msgs_pkg/share/custom_msgs_pkg/cmake/export_custom_msgs_pkg__rosidl_typesupport_fastrtps_cExport.cmake
[0.651s] -- Up-to-date: /home/mido/Pictures/Aya workspace Version 1/aya_ws/install/custom_msgs_pkg/share/custom_msgs_pkg/cmake/export_custom_msgs_pkg__rosidl_typesupport_fastrtps_cExport-noconfig.cmake
[0.651s] -- Up-to-date: /home/mido/Pictures/Aya workspace Version 1/aya_ws/install/custom_msgs_pkg/share/custom_msgs_pkg/cmake/export_custom_msgs_pkg__rosidl_generator_cppExport.cmake
[0.651s] -- Up-to-date: /home/mido/Pictures/Aya workspace Version 1/aya_ws/install/custom_msgs_pkg/share/custom_msgs_pkg/cmake/export_custom_msgs_pkg__rosidl_typesupport_fastrtps_cppExport.cmake
[0.651s] -- Up-to-date: /home/mido/Pictures/Aya workspace Version 1/aya_ws/install/custom_msgs_pkg/share/custom_msgs_pkg/cmake/export_custom_msgs_pkg__rosidl_typesupport_fastrtps_cppExport-noconfig.cmake
[0.651s] -- Up-to-date: /home/mido/Pictures/Aya workspace Version 1/aya_ws/install/custom_msgs_pkg/share/custom_msgs_pkg/cmake/custom_msgs_pkg__rosidl_typesupport_introspection_cExport.cmake
[0.651s] -- Up-to-date: /home/mido/Pictures/Aya workspace Version 1/aya_ws/install/custom_msgs_pkg/share/custom_msgs_pkg/cmake/custom_msgs_pkg__rosidl_typesupport_introspection_cExport-noconfig.cmake
[0.652s] -- Up-to-date: /home/mido/Pictures/Aya workspace Version 1/aya_ws/install/custom_msgs_pkg/share/custom_msgs_pkg/cmake/custom_msgs_pkg__rosidl_typesupport_cExport.cmake
[0.652s] -- Up-to-date: /home/mido/Pictures/Aya workspace Version 1/aya_ws/install/custom_msgs_pkg/share/custom_msgs_pkg/cmake/custom_msgs_pkg__rosidl_typesupport_cExport-noconfig.cmake
[0.652s] -- Up-to-date: /home/mido/Pictures/Aya workspace Version 1/aya_ws/install/custom_msgs_pkg/share/custom_msgs_pkg/cmake/custom_msgs_pkg__rosidl_typesupport_introspection_cppExport.cmake
[0.652s] -- Up-to-date: /home/mido/Pictures/Aya workspace Version 1/aya_ws/install/custom_msgs_pkg/share/custom_msgs_pkg/cmake/custom_msgs_pkg__rosidl_typesupport_introspection_cppExport-noconfig.cmake
[0.652s] -- Up-to-date: /home/mido/Pictures/Aya workspace Version 1/aya_ws/install/custom_msgs_pkg/share/custom_msgs_pkg/cmake/custom_msgs_pkg__rosidl_typesupport_cppExport.cmake
[0.652s] -- Up-to-date: /home/mido/Pictures/Aya workspace Version 1/aya_ws/install/custom_msgs_pkg/share/custom_msgs_pkg/cmake/custom_msgs_pkg__rosidl_typesupport_cppExport-noconfig.cmake
[0.652s] -- Up-to-date: /home/mido/Pictures/Aya workspace Version 1/aya_ws/install/custom_msgs_pkg/share/custom_msgs_pkg/cmake/export_custom_msgs_pkg__rosidl_generator_pyExport.cmake
[0.652s] -- Up-to-date: /home/mido/Pictures/Aya workspace Version 1/aya_ws/install/custom_msgs_pkg/share/custom_msgs_pkg/cmake/export_custom_msgs_pkg__rosidl_generator_pyExport-noconfig.cmake
[0.652s] -- Up-to-date: /home/mido/Pictures/Aya workspace Version 1/aya_ws/install/custom_msgs_pkg/share/custom_msgs_pkg/cmake/rosidl_cmake-extras.cmake
[0.652s] -- Up-to-date: /home/mido/Pictures/Aya workspace Version 1/aya_ws/install/custom_msgs_pkg/share/custom_msgs_pkg/cmake/ament_cmake_export_dependencies-extras.cmake
[0.653s] -- Up-to-date: /home/mido/Pictures/Aya workspace Version 1/aya_ws/install/custom_msgs_pkg/share/custom_msgs_pkg/cmake/ament_cmake_export_include_directories-extras.cmake
[0.653s] -- Up-to-date: /home/mido/Pictures/Aya workspace Version 1/aya_ws/install/custom_msgs_pkg/share/custom_msgs_pkg/cmake/ament_cmake_export_libraries-extras.cmake
[0.653s] -- Up-to-date: /home/mido/Pictures/Aya workspace Version 1/aya_ws/install/custom_msgs_pkg/share/custom_msgs_pkg/cmake/ament_cmake_export_targets-extras.cmake
[0.653s] -- Up-to-date: /home/mido/Pictures/Aya workspace Version 1/aya_ws/install/custom_msgs_pkg/share/custom_msgs_pkg/cmake/rosidl_cmake_export_typesupport_targets-extras.cmake
[0.653s] -- Up-to-date: /home/mido/Pictures/Aya workspace Version 1/aya_ws/install/custom_msgs_pkg/share/custom_msgs_pkg/cmake/rosidl_cmake_export_typesupport_libraries-extras.cmake
[0.653s] -- Up-to-date: /home/mido/Pictures/Aya workspace Version 1/aya_ws/install/custom_msgs_pkg/share/custom_msgs_pkg/cmake/custom_msgs_pkgConfig.cmake
[0.653s] -- Up-to-date: /home/mido/Pictures/Aya workspace Version 1/aya_ws/install/custom_msgs_pkg/share/custom_msgs_pkg/cmake/custom_msgs_pkgConfig-version.cmake
[0.653s] -- Up-to-date: /home/mido/Pictures/Aya workspace Version 1/aya_ws/install/custom_msgs_pkg/share/custom_msgs_pkg/package.xml
[0.657s] Invoked command in '/home/mido/Pictures/Aya workspace Version 1/aya_ws/build/custom_msgs_pkg' returned '0': CMAKE_PREFIX_PATH=${CMAKE_PREFIX_PATH}:/home/mido/Pictures/Aya workspace Version 1/aya_ws/install/perception_pkg:/opt/ros/humble CONDA_PROMPT_MODIFIER=(base) /usr/bin/cmake --install /home/mido/Pictures/Aya workspace Version 1/aya_ws/build/custom_msgs_pkg
