[0.870s] Invoking command in '/home/mido/Pictures/Aya workspace Version 1/aya_ws/src/perception_pkg': CONDA_PROMPT_MODIFIER=(base) PYTHONPATH=/home/mido/Pictures/Aya workspace Version 1/aya_ws/build/perception_pkg/prefix_override:/usr/lib/python3/dist-packages/colcon_core/task/python/colcon_distutils_commands:/home/mido/Pictures/Aya workspace Version 1/aya_ws/install/perception_pkg/lib/python3.10/site-packages:${PYTHONPATH} /usr/bin/python3 -W ignore:setup.py install is deprecated -W ignore:easy_install command is deprecated setup.py egg_info --egg-base ../../build/perception_pkg build --build-base /home/mido/Pictures/Aya workspace Version 1/aya_ws/build/perception_pkg/build install --record /home/mido/Pictures/Aya workspace Version 1/aya_ws/build/perception_pkg/install.log --single-version-externally-managed install_data
[1.180s] running egg_info
[1.181s] writing ../../build/perception_pkg/perception_pkg.egg-info/PKG-INFO
[1.182s] writing dependency_links to ../../build/perception_pkg/perception_pkg.egg-info/dependency_links.txt
[1.182s] writing entry points to ../../build/perception_pkg/perception_pkg.egg-info/entry_points.txt
[1.182s] writing requirements to ../../build/perception_pkg/perception_pkg.egg-info/requires.txt
[1.182s] writing top-level names to ../../build/perception_pkg/perception_pkg.egg-info/top_level.txt
[1.186s] reading manifest file '../../build/perception_pkg/perception_pkg.egg-info/SOURCES.txt'
[1.193s] writing manifest file '../../build/perception_pkg/perception_pkg.egg-info/SOURCES.txt'
[1.193s] running build
[1.193s] running build_py
[1.193s] copying perception_pkg/perception_processor.py -> /home/mido/Pictures/Aya workspace Version 1/aya_ws/build/perception_pkg/build/lib/perception_pkg
[1.194s] running install
[1.194s] running install_lib
[1.195s] copying /home/mido/Pictures/Aya workspace Version 1/aya_ws/build/perception_pkg/build/lib/perception_pkg/perception_processor.py -> /home/mido/Pictures/Aya workspace Version 1/aya_ws/install/perception_pkg/lib/python3.10/site-packages/perception_pkg
[1.196s] byte-compiling /home/mido/Pictures/Aya workspace Version 1/aya_ws/install/perception_pkg/lib/python3.10/site-packages/perception_pkg/perception_processor.py to perception_processor.cpython-310.pyc
[1.198s] running install_data
[1.199s] running install_egg_info
[1.200s] removing '/home/mido/Pictures/Aya workspace Version 1/aya_ws/install/perception_pkg/lib/python3.10/site-packages/perception_pkg-0.0.0-py3.10.egg-info' (and everything under it)
[1.201s] Copying ../../build/perception_pkg/perception_pkg.egg-info to /home/mido/Pictures/Aya workspace Version 1/aya_ws/install/perception_pkg/lib/python3.10/site-packages/perception_pkg-0.0.0-py3.10.egg-info
[1.202s] running install_scripts
[1.225s] Installing cam_stream script to /home/mido/Pictures/Aya workspace Version 1/aya_ws/install/perception_pkg/lib/perception_pkg
[1.225s] Installing depth_estimator script to /home/mido/Pictures/Aya workspace Version 1/aya_ws/install/perception_pkg/lib/perception_pkg
[1.225s] Installing object_detector script to /home/mido/Pictures/Aya workspace Version 1/aya_ws/install/perception_pkg/lib/perception_pkg
[1.225s] Installing perception_processor script to /home/mido/Pictures/Aya workspace Version 1/aya_ws/install/perception_pkg/lib/perception_pkg
[1.225s] writing list of installed files to '/home/mido/Pictures/Aya workspace Version 1/aya_ws/build/perception_pkg/install.log'
[1.251s] Invoked command in '/home/mido/Pictures/Aya workspace Version 1/aya_ws/src/perception_pkg' returned '0': CONDA_PROMPT_MODIFIER=(base) PYTHONPATH=/home/mido/Pictures/Aya workspace Version 1/aya_ws/build/perception_pkg/prefix_override:/usr/lib/python3/dist-packages/colcon_core/task/python/colcon_distutils_commands:/home/mido/Pictures/Aya workspace Version 1/aya_ws/install/perception_pkg/lib/python3.10/site-packages:${PYTHONPATH} /usr/bin/python3 -W ignore:setup.py install is deprecated -W ignore:easy_install command is deprecated setup.py egg_info --egg-base ../../build/perception_pkg build --build-base /home/mido/Pictures/Aya workspace Version 1/aya_ws/build/perception_pkg/build install --record /home/mido/Pictures/Aya workspace Version 1/aya_ws/build/perception_pkg/install.log --single-version-externally-managed install_data
