[0.588s] Invoking command in '/home/mido/Pictures/Aya workspace Version 1/aya_ws/src/perception_pkg': PYTHONPATH=/home/mido/Pictures/Aya workspace Version 1/aya_ws/build/perception_pkg/prefix_override:/usr/lib/python3/dist-packages/colcon_core/task/python/colcon_distutils_commands:/home/mido/Pictures/Aya workspace Version 1/aya_ws/install/perception_pkg/lib/python3.10/site-packages:${PYTHONPATH} /usr/bin/python3 -W ignore:setup.py install is deprecated -W ignore:easy_install command is deprecated setup.py egg_info --egg-base ../../build/perception_pkg build --build-base /home/mido/Pictures/Aya workspace Version 1/aya_ws/build/perception_pkg/build install --record /home/mido/Pictures/Aya workspace Version 1/aya_ws/build/perception_pkg/install.log --single-version-externally-managed install_data
[0.812s] running egg_info
[0.812s] writing ../../build/perception_pkg/perception_pkg.egg-info/PKG-INFO
[0.812s] writing dependency_links to ../../build/perception_pkg/perception_pkg.egg-info/dependency_links.txt
[0.812s] writing entry points to ../../build/perception_pkg/perception_pkg.egg-info/entry_points.txt
[0.813s] writing requirements to ../../build/perception_pkg/perception_pkg.egg-info/requires.txt
[0.813s] writing top-level names to ../../build/perception_pkg/perception_pkg.egg-info/top_level.txt
[0.815s] reading manifest file '../../build/perception_pkg/perception_pkg.egg-info/SOURCES.txt'
[0.823s] writing manifest file '../../build/perception_pkg/perception_pkg.egg-info/SOURCES.txt'
[0.823s] running build
[0.824s] running build_py
[0.824s] copying perception_pkg/perception_processor.py -> /home/mido/Pictures/Aya workspace Version 1/aya_ws/build/perception_pkg/build/lib/perception_pkg
[0.824s] running install
[0.824s] running install_lib
[0.825s] copying /home/mido/Pictures/Aya workspace Version 1/aya_ws/build/perception_pkg/build/lib/perception_pkg/perception_processor.py -> /home/mido/Pictures/Aya workspace Version 1/aya_ws/install/perception_pkg/lib/python3.10/site-packages/perception_pkg
[0.825s] byte-compiling /home/mido/Pictures/Aya workspace Version 1/aya_ws/install/perception_pkg/lib/python3.10/site-packages/perception_pkg/perception_processor.py to perception_processor.cpython-310.pyc
[0.826s] running install_data
[0.826s] running install_egg_info
[0.828s] removing '/home/mido/Pictures/Aya workspace Version 1/aya_ws/install/perception_pkg/lib/python3.10/site-packages/perception_pkg-0.0.0-py3.10.egg-info' (and everything under it)
[0.828s] Copying ../../build/perception_pkg/perception_pkg.egg-info to /home/mido/Pictures/Aya workspace Version 1/aya_ws/install/perception_pkg/lib/python3.10/site-packages/perception_pkg-0.0.0-py3.10.egg-info
[0.829s] running install_scripts
[0.844s] Installing cam_stream script to /home/mido/Pictures/Aya workspace Version 1/aya_ws/install/perception_pkg/lib/perception_pkg
[0.844s] Installing depth_estimator script to /home/mido/Pictures/Aya workspace Version 1/aya_ws/install/perception_pkg/lib/perception_pkg
[0.844s] Installing object_detector script to /home/mido/Pictures/Aya workspace Version 1/aya_ws/install/perception_pkg/lib/perception_pkg
[0.844s] Installing perception_processor script to /home/mido/Pictures/Aya workspace Version 1/aya_ws/install/perception_pkg/lib/perception_pkg
[0.844s] writing list of installed files to '/home/mido/Pictures/Aya workspace Version 1/aya_ws/build/perception_pkg/install.log'
[0.866s] Invoked command in '/home/mido/Pictures/Aya workspace Version 1/aya_ws/src/perception_pkg' returned '0': PYTHONPATH=/home/mido/Pictures/Aya workspace Version 1/aya_ws/build/perception_pkg/prefix_override:/usr/lib/python3/dist-packages/colcon_core/task/python/colcon_distutils_commands:/home/mido/Pictures/Aya workspace Version 1/aya_ws/install/perception_pkg/lib/python3.10/site-packages:${PYTHONPATH} /usr/bin/python3 -W ignore:setup.py install is deprecated -W ignore:easy_install command is deprecated setup.py egg_info --egg-base ../../build/perception_pkg build --build-base /home/mido/Pictures/Aya workspace Version 1/aya_ws/build/perception_pkg/build install --record /home/mido/Pictures/Aya workspace Version 1/aya_ws/build/perception_pkg/install.log --single-version-externally-managed install_data
