[0.012s] Invoking command in '/home/mido/Pictures/Aya workspace Version 1/aya_ws/build/custom_msgs_pkg': CMAKE_PREFIX_PATH=${CMAKE_PREFIX_PATH}:/home/mido/Pictures/Aya workspace Version 1/aya_ws/install/perception_pkg:/opt/ros/humble /usr/bin/cmake --build /home/mido/Pictures/Aya workspace Version 1/aya_ws/build/custom_msgs_pkg -- -j16 -l16
[0.036s] -- Found ament_cmake: 1.3.11 (/opt/ros/humble/share/ament_cmake/cmake)
[0.139s] -- Found std_msgs: 4.8.0 (/opt/ros/humble/share/std_msgs/cmake)
[0.160s] -- Found rosidl_generator_c: 3.1.6 (/opt/ros/humble/share/rosidl_generator_c/cmake)
[0.162s] -- Found rosidl_adapter: 3.1.6 (/opt/ros/humble/share/rosidl_adapter/cmake)
[0.166s] -- Found rosidl_generator_cpp: 3.1.6 (/opt/ros/humble/share/rosidl_generator_cpp/cmake)
[0.173s] -- Using all available rosidl_typesupport_c: rosidl_typesupport_fastrtps_c;rosidl_typesupport_introspection_c
[0.182s] -- Using all available rosidl_typesupport_cpp: rosidl_typesupport_fastrtps_cpp;rosidl_typesupport_introspection_cpp
[0.199s] -- Found sensor_msgs: 4.8.0 (/opt/ros/humble/share/sensor_msgs/cmake)
[0.221s] -- Found rosidl_default_generators: 1.2.0 (/opt/ros/humble/share/rosidl_default_generators/cmake)
[0.489s] -- Found ament_cmake_ros: 0.10.0 (/opt/ros/humble/share/ament_cmake_ros/cmake)
[0.880s] -- Using all available rosidl_typesupport_c: rosidl_typesupport_fastrtps_c;rosidl_typesupport_introspection_c
[1.034s] -- Using all available rosidl_typesupport_cpp: rosidl_typesupport_fastrtps_cpp;rosidl_typesupport_introspection_cpp
[1.054s] -- Found python_cmake_module: 0.10.0 (/opt/ros/humble/share/python_cmake_module/cmake)
[1.073s] -- Using PYTHON_EXECUTABLE: /usr/bin/python3
[1.073s] -- Using PYTHON_INCLUDE_DIRS: /usr/include/python3.10
[1.074s] -- Using PYTHON_LIBRARIES: /usr/lib/x86_64-linux-gnu/libpython3.10.so
[1.114s] -- Found ament_lint_auto: 0.12.12 (/opt/ros/humble/share/ament_lint_auto/cmake)
[1.126s] -- Added test 'lint_cmake' to check CMake code style
[1.127s] -- Added test 'xmllint' to check XML markup files
[1.129s] -- Configuring done
[1.172s] -- Generating done
[1.184s] -- Build files have been written to: /home/mido/Pictures/Aya workspace Version 1/aya_ws/build/custom_msgs_pkg
[1.210s] [  1%] [34m[1mGenerating C code for ROS interfaces[0m
[1.220s] [  3%] [34m[1mGenerating C++ code for ROS interfaces[0m
[1.231s] [  3%] Built target ament_cmake_python_copy_custom_msgs_pkg
[1.479s] running egg_info
[1.480s] writing custom_msgs_pkg.egg-info/PKG-INFO
[1.480s] writing dependency_links to custom_msgs_pkg.egg-info/dependency_links.txt
[1.481s] writing top-level names to custom_msgs_pkg.egg-info/top_level.txt
[1.483s] reading manifest file 'custom_msgs_pkg.egg-info/SOURCES.txt'
[1.483s] writing manifest file 'custom_msgs_pkg.egg-info/SOURCES.txt'
[1.515s] [  3%] Built target ament_cmake_python_build_custom_msgs_pkg_egg
[1.552s] [35m[1mConsolidate compiler generated dependencies of target custom_msgs_pkg__rosidl_generator_c[0m
[1.567s] [ 10%] [32mBuilding C object CMakeFiles/custom_msgs_pkg__rosidl_generator_c.dir/rosidl_generator_c/custom_msgs_pkg/msg/detail/object3_d__functions.c.o[0m
[1.567s] [ 10%] [32mBuilding C object CMakeFiles/custom_msgs_pkg__rosidl_generator_c.dir/rosidl_generator_c/custom_msgs_pkg/msg/detail/detection3_d_list__functions.c.o[0m
[1.567s] [ 10%] [32mBuilding C object CMakeFiles/custom_msgs_pkg__rosidl_generator_c.dir/rosidl_generator_c/custom_msgs_pkg/msg/detail/detection_list__functions.c.o[0m
[1.567s] [ 10%] [32mBuilding C object CMakeFiles/custom_msgs_pkg__rosidl_generator_c.dir/rosidl_generator_c/custom_msgs_pkg/msg/detail/bounding_box__functions.c.o[0m
[1.569s] [ 10%] Built target custom_msgs_pkg__cpp
[1.581s] [ 14%] [34m[1mGenerating C++ type support dispatch for ROS interfaces[0m
[1.581s] [ 14%] [34m[1mGenerating C++ introspection for ROS interfaces[0m
[1.583s] [ 16%] [34m[1mGenerating C++ type support for eProsima Fast-RTPS[0m
[1.639s] [ 18%] [32m[1mLinking C shared library libcustom_msgs_pkg__rosidl_generator_c.so[0m
[1.685s] [ 18%] Built target custom_msgs_pkg__rosidl_generator_c
[1.695s] [ 23%] [34m[1mGenerating C type support dispatch for ROS interfaces[0m
[1.696s] [ 23%] [34m[1mGenerating C type support for eProsima Fast-RTPS[0m
[1.696s] [ 23%] [34m[1mGenerating C introspection for ROS interfaces[0m
[1.835s] [35m[1mConsolidate compiler generated dependencies of target custom_msgs_pkg__rosidl_typesupport_cpp[0m
[1.854s] [ 27%] [32mBuilding CXX object CMakeFiles/custom_msgs_pkg__rosidl_typesupport_cpp.dir/rosidl_typesupport_cpp/custom_msgs_pkg/msg/detection_list__type_support.cpp.o[0m
[1.854s] [ 27%] [32mBuilding CXX object CMakeFiles/custom_msgs_pkg__rosidl_typesupport_cpp.dir/rosidl_typesupport_cpp/custom_msgs_pkg/msg/object3_d__type_support.cpp.o[0m
[1.855s] [ 29%] [32mBuilding CXX object CMakeFiles/custom_msgs_pkg__rosidl_typesupport_cpp.dir/rosidl_typesupport_cpp/custom_msgs_pkg/msg/bounding_box__type_support.cpp.o[0m
[1.855s] [ 30%] [32mBuilding CXX object CMakeFiles/custom_msgs_pkg__rosidl_typesupport_cpp.dir/rosidl_typesupport_cpp/custom_msgs_pkg/msg/detection3_d_list__type_support.cpp.o[0m
[1.865s] [35m[1mConsolidate compiler generated dependencies of target custom_msgs_pkg__rosidl_typesupport_introspection_cpp[0m
[1.884s] [ 32%] [32mBuilding CXX object CMakeFiles/custom_msgs_pkg__rosidl_typesupport_introspection_cpp.dir/rosidl_typesupport_introspection_cpp/custom_msgs_pkg/msg/detail/bounding_box__type_support.cpp.o[0m
[1.885s] [ 34%] [32mBuilding CXX object CMakeFiles/custom_msgs_pkg__rosidl_typesupport_introspection_cpp.dir/rosidl_typesupport_introspection_cpp/custom_msgs_pkg/msg/detail/detection_list__type_support.cpp.o[0m
[1.885s] [ 36%] [32mBuilding CXX object CMakeFiles/custom_msgs_pkg__rosidl_typesupport_introspection_cpp.dir/rosidl_typesupport_introspection_cpp/custom_msgs_pkg/msg/detail/object3_d__type_support.cpp.o[0m
[1.885s] [ 38%] [32mBuilding CXX object CMakeFiles/custom_msgs_pkg__rosidl_typesupport_introspection_cpp.dir/rosidl_typesupport_introspection_cpp/custom_msgs_pkg/msg/detail/detection3_d_list__type_support.cpp.o[0m
[1.920s] [35m[1mConsolidate compiler generated dependencies of target custom_msgs_pkg__rosidl_typesupport_fastrtps_cpp[0m
[1.946s] [ 40%] [32mBuilding CXX object CMakeFiles/custom_msgs_pkg__rosidl_typesupport_fastrtps_cpp.dir/rosidl_typesupport_fastrtps_cpp/custom_msgs_pkg/msg/detail/dds_fastrtps/detection_list__type_support.cpp.o[0m
[1.947s] [ 43%] [32mBuilding CXX object CMakeFiles/custom_msgs_pkg__rosidl_typesupport_fastrtps_cpp.dir/rosidl_typesupport_fastrtps_cpp/custom_msgs_pkg/msg/detail/dds_fastrtps/detection3_d_list__type_support.cpp.o[0m
[1.947s] [ 43%] [32mBuilding CXX object CMakeFiles/custom_msgs_pkg__rosidl_typesupport_fastrtps_cpp.dir/rosidl_typesupport_fastrtps_cpp/custom_msgs_pkg/msg/detail/dds_fastrtps/bounding_box__type_support.cpp.o[0m
[1.948s] [ 45%] [32mBuilding CXX object CMakeFiles/custom_msgs_pkg__rosidl_typesupport_fastrtps_cpp.dir/rosidl_typesupport_fastrtps_cpp/custom_msgs_pkg/msg/detail/dds_fastrtps/object3_d__type_support.cpp.o[0m
[2.058s] [35m[1mConsolidate compiler generated dependencies of target custom_msgs_pkg__rosidl_typesupport_c[0m
[2.096s] [ 47%] [32mBuilding CXX object CMakeFiles/custom_msgs_pkg__rosidl_typesupport_c.dir/rosidl_typesupport_c/custom_msgs_pkg/msg/bounding_box__type_support.cpp.o[0m
[2.099s] [ 49%] [32mBuilding CXX object CMakeFiles/custom_msgs_pkg__rosidl_typesupport_c.dir/rosidl_typesupport_c/custom_msgs_pkg/msg/detection_list__type_support.cpp.o[0m
[2.185s] [ 50%] [32mBuilding CXX object CMakeFiles/custom_msgs_pkg__rosidl_typesupport_c.dir/rosidl_typesupport_c/custom_msgs_pkg/msg/object3_d__type_support.cpp.o[0m
[2.234s] [35m[1mConsolidate compiler generated dependencies of target custom_msgs_pkg__rosidl_typesupport_introspection_c[0m
[2.264s] [ 52%] [32mBuilding CXX object CMakeFiles/custom_msgs_pkg__rosidl_typesupport_c.dir/rosidl_typesupport_c/custom_msgs_pkg/msg/detection3_d_list__type_support.cpp.o[0m
[2.271s] [ 54%] [32mBuilding C object CMakeFiles/custom_msgs_pkg__rosidl_typesupport_introspection_c.dir/rosidl_typesupport_introspection_c/custom_msgs_pkg/msg/detail/bounding_box__type_support.c.o[0m
[2.286s] [35m[1mConsolidate compiler generated dependencies of target custom_msgs_pkg__rosidl_typesupport_fastrtps_c[0m
[2.290s] [ 56%] [32mBuilding C object CMakeFiles/custom_msgs_pkg__rosidl_typesupport_introspection_c.dir/rosidl_typesupport_introspection_c/custom_msgs_pkg/msg/detail/detection_list__type_support.c.o[0m
[2.309s] [ 58%] [32m[1mLinking CXX shared library libcustom_msgs_pkg__rosidl_typesupport_c.so[0m
[2.329s] [ 60%] [32mBuilding CXX object CMakeFiles/custom_msgs_pkg__rosidl_typesupport_fastrtps_c.dir/rosidl_typesupport_fastrtps_c/custom_msgs_pkg/msg/detail/bounding_box__type_support_c.cpp.o[0m
[2.330s] [ 61%] [32mBuilding C object CMakeFiles/custom_msgs_pkg__rosidl_typesupport_introspection_c.dir/rosidl_typesupport_introspection_c/custom_msgs_pkg/msg/detail/object3_d__type_support.c.o[0m
[2.335s] [ 63%] [32mBuilding C object CMakeFiles/custom_msgs_pkg__rosidl_typesupport_introspection_c.dir/rosidl_typesupport_introspection_c/custom_msgs_pkg/msg/detail/detection3_d_list__type_support.c.o[0m
[2.347s] [ 65%] [32m[1mLinking CXX shared library libcustom_msgs_pkg__rosidl_typesupport_cpp.so[0m
[2.354s] [ 67%] [32mBuilding CXX object CMakeFiles/custom_msgs_pkg__rosidl_typesupport_fastrtps_c.dir/rosidl_typesupport_fastrtps_c/custom_msgs_pkg/msg/detail/detection_list__type_support_c.cpp.o[0m
[2.361s] [ 69%] [32mBuilding CXX object CMakeFiles/custom_msgs_pkg__rosidl_typesupport_fastrtps_c.dir/rosidl_typesupport_fastrtps_c/custom_msgs_pkg/msg/detail/object3_d__type_support_c.cpp.o[0m
[2.374s] [ 70%] [32mBuilding CXX object CMakeFiles/custom_msgs_pkg__rosidl_typesupport_fastrtps_c.dir/rosidl_typesupport_fastrtps_c/custom_msgs_pkg/msg/detail/detection3_d_list__type_support_c.cpp.o[0m
[2.419s] [ 72%] [32m[1mLinking C shared library libcustom_msgs_pkg__rosidl_typesupport_introspection_c.so[0m
[2.438s] [ 72%] Built target custom_msgs_pkg__rosidl_typesupport_c
[2.446s] [ 72%] Built target custom_msgs_pkg__rosidl_typesupport_cpp
[2.492s] [ 72%] Built target custom_msgs_pkg__rosidl_typesupport_introspection_c
[2.566s] [ 74%] [32m[1mLinking CXX shared library libcustom_msgs_pkg__rosidl_typesupport_introspection_cpp.so[0m
[2.668s] [ 76%] [32m[1mLinking CXX shared library libcustom_msgs_pkg__rosidl_typesupport_fastrtps_cpp.so[0m
[2.672s] [ 76%] Built target custom_msgs_pkg__rosidl_typesupport_introspection_cpp
[2.756s] [ 76%] Built target custom_msgs_pkg__rosidl_typesupport_fastrtps_cpp
[2.771s] [ 78%] [32m[1mLinking CXX shared library libcustom_msgs_pkg__rosidl_typesupport_fastrtps_c.so[0m
[2.843s] [ 78%] Built target custom_msgs_pkg__rosidl_typesupport_fastrtps_c
[2.862s] [ 78%] Built target custom_msgs_pkg
[2.883s] [ 80%] [34m[1mGenerating Python code for ROS interfaces[0m
[3.311s] [ 80%] Built target custom_msgs_pkg__py
[3.323s] [35m[1mConsolidate compiler generated dependencies of target custom_msgs_pkg__rosidl_generator_py[0m
[3.339s] [ 87%] [32mBuilding C object CMakeFiles/custom_msgs_pkg__rosidl_generator_py.dir/rosidl_generator_py/custom_msgs_pkg/msg/_bounding_box_s.c.o[0m
[3.339s] [ 87%] [32mBuilding C object CMakeFiles/custom_msgs_pkg__rosidl_generator_py.dir/rosidl_generator_py/custom_msgs_pkg/msg/_object3_d_s.c.o[0m
[3.339s] [ 87%] [32mBuilding C object CMakeFiles/custom_msgs_pkg__rosidl_generator_py.dir/rosidl_generator_py/custom_msgs_pkg/msg/_detection3_d_list_s.c.o[0m
[3.339s] [ 87%] [32mBuilding C object CMakeFiles/custom_msgs_pkg__rosidl_generator_py.dir/rosidl_generator_py/custom_msgs_pkg/msg/_detection_list_s.c.o[0m
[3.429s] [ 89%] [32m[1mLinking C shared library rosidl_generator_py/custom_msgs_pkg/libcustom_msgs_pkg__rosidl_generator_py.so[0m
[3.470s] [ 89%] Built target custom_msgs_pkg__rosidl_generator_py
[3.480s] [35m[1mConsolidate compiler generated dependencies of target custom_msgs_pkg__rosidl_typesupport_fastrtps_c__pyext[0m
[3.480s] [35m[1mConsolidate compiler generated dependencies of target custom_msgs_pkg__rosidl_typesupport_c__pyext[0m
[3.480s] [35m[1mConsolidate compiler generated dependencies of target custom_msgs_pkg__rosidl_typesupport_introspection_c__pyext[0m
[3.494s] [ 94%] [32mBuilding C object CMakeFiles/custom_msgs_pkg__rosidl_typesupport_introspection_c__pyext.dir/rosidl_generator_py/custom_msgs_pkg/_custom_msgs_pkg_s.ep.rosidl_typesupport_introspection_c.c.o[0m
[3.494s] [ 94%] [32mBuilding C object CMakeFiles/custom_msgs_pkg__rosidl_typesupport_fastrtps_c__pyext.dir/rosidl_generator_py/custom_msgs_pkg/_custom_msgs_pkg_s.ep.rosidl_typesupport_fastrtps_c.c.o[0m
[3.494s] [ 94%] [32mBuilding C object CMakeFiles/custom_msgs_pkg__rosidl_typesupport_c__pyext.dir/rosidl_generator_py/custom_msgs_pkg/_custom_msgs_pkg_s.ep.rosidl_typesupport_c.c.o[0m
[3.588s] [ 98%] [32m[1mLinking C shared library rosidl_generator_py/custom_msgs_pkg/custom_msgs_pkg_s__rosidl_typesupport_introspection_c.cpython-310-x86_64-linux-gnu.so[0m
[3.589s] [ 98%] [32m[1mLinking C shared library rosidl_generator_py/custom_msgs_pkg/custom_msgs_pkg_s__rosidl_typesupport_fastrtps_c.cpython-310-x86_64-linux-gnu.so[0m
[3.592s] [100%] [32m[1mLinking C shared library rosidl_generator_py/custom_msgs_pkg/custom_msgs_pkg_s__rosidl_typesupport_c.cpython-310-x86_64-linux-gnu.so[0m
[3.631s] [100%] Built target custom_msgs_pkg__rosidl_typesupport_introspection_c__pyext
[3.631s] [100%] Built target custom_msgs_pkg__rosidl_typesupport_fastrtps_c__pyext
[3.631s] [100%] Built target custom_msgs_pkg__rosidl_typesupport_c__pyext
[3.644s] Invoked command in '/home/mido/Pictures/Aya workspace Version 1/aya_ws/build/custom_msgs_pkg' returned '0': CMAKE_PREFIX_PATH=${CMAKE_PREFIX_PATH}:/home/mido/Pictures/Aya workspace Version 1/aya_ws/install/perception_pkg:/opt/ros/humble /usr/bin/cmake --build /home/mido/Pictures/Aya workspace Version 1/aya_ws/build/custom_msgs_pkg -- -j16 -l16
[3.654s] Invoking command in '/home/mido/Pictures/Aya workspace Version 1/aya_ws/build/custom_msgs_pkg': CMAKE_PREFIX_PATH=${CMAKE_PREFIX_PATH}:/home/mido/Pictures/Aya workspace Version 1/aya_ws/install/perception_pkg:/opt/ros/humble /usr/bin/cmake --install /home/mido/Pictures/Aya workspace Version 1/aya_ws/build/custom_msgs_pkg
[3.661s] -- Install configuration: ""
[3.661s] -- Installing: /home/mido/Pictures/Aya workspace Version 1/aya_ws/install/custom_msgs_pkg/share/ament_index/resource_index/rosidl_interfaces/custom_msgs_pkg
[3.661s] -- Up-to-date: /home/mido/Pictures/Aya workspace Version 1/aya_ws/install/custom_msgs_pkg/include/custom_msgs_pkg/custom_msgs_pkg
[3.661s] -- Up-to-date: /home/mido/Pictures/Aya workspace Version 1/aya_ws/install/custom_msgs_pkg/include/custom_msgs_pkg/custom_msgs_pkg/msg
[3.662s] -- Installing: /home/mido/Pictures/Aya workspace Version 1/aya_ws/install/custom_msgs_pkg/include/custom_msgs_pkg/custom_msgs_pkg/msg/bounding_box.h
[3.662s] -- Installing: /home/mido/Pictures/Aya workspace Version 1/aya_ws/install/custom_msgs_pkg/include/custom_msgs_pkg/custom_msgs_pkg/msg/detection3_d_list.h
[3.662s] -- Installing: /home/mido/Pictures/Aya workspace Version 1/aya_ws/install/custom_msgs_pkg/include/custom_msgs_pkg/custom_msgs_pkg/msg/object3_d.h
[3.662s] -- Up-to-date: /home/mido/Pictures/Aya workspace Version 1/aya_ws/install/custom_msgs_pkg/include/custom_msgs_pkg/custom_msgs_pkg/msg/rosidl_generator_c__visibility_control.h
[3.662s] -- Installing: /home/mido/Pictures/Aya workspace Version 1/aya_ws/install/custom_msgs_pkg/include/custom_msgs_pkg/custom_msgs_pkg/msg/detection_list.h
[3.662s] -- Up-to-date: /home/mido/Pictures/Aya workspace Version 1/aya_ws/install/custom_msgs_pkg/include/custom_msgs_pkg/custom_msgs_pkg/msg/detail
[3.662s] -- Installing: /home/mido/Pictures/Aya workspace Version 1/aya_ws/install/custom_msgs_pkg/include/custom_msgs_pkg/custom_msgs_pkg/msg/detail/bounding_box__type_support.h
[3.662s] -- Installing: /home/mido/Pictures/Aya workspace Version 1/aya_ws/install/custom_msgs_pkg/include/custom_msgs_pkg/custom_msgs_pkg/msg/detail/detection3_d_list__functions.c
[3.662s] -- Installing: /home/mido/Pictures/Aya workspace Version 1/aya_ws/install/custom_msgs_pkg/include/custom_msgs_pkg/custom_msgs_pkg/msg/detail/bounding_box__functions.h
[3.663s] -- Installing: /home/mido/Pictures/Aya workspace Version 1/aya_ws/install/custom_msgs_pkg/include/custom_msgs_pkg/custom_msgs_pkg/msg/detail/detection3_d_list__functions.h
[3.663s] -- Installing: /home/mido/Pictures/Aya workspace Version 1/aya_ws/install/custom_msgs_pkg/include/custom_msgs_pkg/custom_msgs_pkg/msg/detail/detection_list__struct.h
[3.663s] -- Installing: /home/mido/Pictures/Aya workspace Version 1/aya_ws/install/custom_msgs_pkg/include/custom_msgs_pkg/custom_msgs_pkg/msg/detail/detection_list__functions.h
[3.663s] -- Installing: /home/mido/Pictures/Aya workspace Version 1/aya_ws/install/custom_msgs_pkg/include/custom_msgs_pkg/custom_msgs_pkg/msg/detail/object3_d__struct.h
[3.663s] -- Installing: /home/mido/Pictures/Aya workspace Version 1/aya_ws/install/custom_msgs_pkg/include/custom_msgs_pkg/custom_msgs_pkg/msg/detail/object3_d__type_support.h
[3.663s] -- Installing: /home/mido/Pictures/Aya workspace Version 1/aya_ws/install/custom_msgs_pkg/include/custom_msgs_pkg/custom_msgs_pkg/msg/detail/detection_list__functions.c
[3.664s] -- Installing: /home/mido/Pictures/Aya workspace Version 1/aya_ws/install/custom_msgs_pkg/include/custom_msgs_pkg/custom_msgs_pkg/msg/detail/bounding_box__struct.h
[3.664s] -- Installing: /home/mido/Pictures/Aya workspace Version 1/aya_ws/install/custom_msgs_pkg/include/custom_msgs_pkg/custom_msgs_pkg/msg/detail/bounding_box__functions.c
[3.664s] -- Installing: /home/mido/Pictures/Aya workspace Version 1/aya_ws/install/custom_msgs_pkg/include/custom_msgs_pkg/custom_msgs_pkg/msg/detail/object3_d__functions.h
[3.664s] -- Installing: /home/mido/Pictures/Aya workspace Version 1/aya_ws/install/custom_msgs_pkg/include/custom_msgs_pkg/custom_msgs_pkg/msg/detail/detection3_d_list__type_support.h
[3.664s] -- Installing: /home/mido/Pictures/Aya workspace Version 1/aya_ws/install/custom_msgs_pkg/include/custom_msgs_pkg/custom_msgs_pkg/msg/detail/detection_list__type_support.h
[3.664s] -- Installing: /home/mido/Pictures/Aya workspace Version 1/aya_ws/install/custom_msgs_pkg/include/custom_msgs_pkg/custom_msgs_pkg/msg/detail/object3_d__functions.c
[3.665s] -- Installing: /home/mido/Pictures/Aya workspace Version 1/aya_ws/install/custom_msgs_pkg/include/custom_msgs_pkg/custom_msgs_pkg/msg/detail/detection3_d_list__struct.h
[3.665s] -- Up-to-date: /home/mido/Pictures/Aya workspace Version 1/aya_ws/install/custom_msgs_pkg/share/custom_msgs_pkg/environment/library_path.sh
[3.665s] -- Installing: /home/mido/Pictures/Aya workspace Version 1/aya_ws/install/custom_msgs_pkg/share/custom_msgs_pkg/environment/library_path.dsv
[3.665s] -- Installing: /home/mido/Pictures/Aya workspace Version 1/aya_ws/install/custom_msgs_pkg/lib/libcustom_msgs_pkg__rosidl_generator_c.so
[3.666s] -- Set runtime path of "/home/mido/Pictures/Aya workspace Version 1/aya_ws/install/custom_msgs_pkg/lib/libcustom_msgs_pkg__rosidl_generator_c.so" to ""
[3.666s] -- Up-to-date: /home/mido/Pictures/Aya workspace Version 1/aya_ws/install/custom_msgs_pkg/include/custom_msgs_pkg/custom_msgs_pkg
[3.666s] -- Up-to-date: /home/mido/Pictures/Aya workspace Version 1/aya_ws/install/custom_msgs_pkg/include/custom_msgs_pkg/custom_msgs_pkg/msg
[3.666s] -- Up-to-date: /home/mido/Pictures/Aya workspace Version 1/aya_ws/install/custom_msgs_pkg/include/custom_msgs_pkg/custom_msgs_pkg/msg/rosidl_typesupport_fastrtps_c__visibility_control.h
[3.666s] -- Up-to-date: /home/mido/Pictures/Aya workspace Version 1/aya_ws/install/custom_msgs_pkg/include/custom_msgs_pkg/custom_msgs_pkg/msg/detail
[3.666s] -- Installing: /home/mido/Pictures/Aya workspace Version 1/aya_ws/install/custom_msgs_pkg/include/custom_msgs_pkg/custom_msgs_pkg/msg/detail/object3_d__rosidl_typesupport_fastrtps_c.h
[3.666s] -- Installing: /home/mido/Pictures/Aya workspace Version 1/aya_ws/install/custom_msgs_pkg/include/custom_msgs_pkg/custom_msgs_pkg/msg/detail/bounding_box__rosidl_typesupport_fastrtps_c.h
[3.666s] -- Installing: /home/mido/Pictures/Aya workspace Version 1/aya_ws/install/custom_msgs_pkg/include/custom_msgs_pkg/custom_msgs_pkg/msg/detail/detection_list__rosidl_typesupport_fastrtps_c.h
[3.666s] -- Installing: /home/mido/Pictures/Aya workspace Version 1/aya_ws/install/custom_msgs_pkg/include/custom_msgs_pkg/custom_msgs_pkg/msg/detail/detection3_d_list__rosidl_typesupport_fastrtps_c.h
[3.667s] -- Installing: /home/mido/Pictures/Aya workspace Version 1/aya_ws/install/custom_msgs_pkg/lib/libcustom_msgs_pkg__rosidl_typesupport_fastrtps_c.so
[3.667s] -- Set runtime path of "/home/mido/Pictures/Aya workspace Version 1/aya_ws/install/custom_msgs_pkg/lib/libcustom_msgs_pkg__rosidl_typesupport_fastrtps_c.so" to ""
[3.667s] -- Up-to-date: /home/mido/Pictures/Aya workspace Version 1/aya_ws/install/custom_msgs_pkg/include/custom_msgs_pkg/custom_msgs_pkg
[3.667s] -- Up-to-date: /home/mido/Pictures/Aya workspace Version 1/aya_ws/install/custom_msgs_pkg/include/custom_msgs_pkg/custom_msgs_pkg/msg
[3.667s] -- Installing: /home/mido/Pictures/Aya workspace Version 1/aya_ws/install/custom_msgs_pkg/include/custom_msgs_pkg/custom_msgs_pkg/msg/detection3_d_list.hpp
[3.668s] -- Installing: /home/mido/Pictures/Aya workspace Version 1/aya_ws/install/custom_msgs_pkg/include/custom_msgs_pkg/custom_msgs_pkg/msg/object3_d.hpp
[3.668s] -- Installing: /home/mido/Pictures/Aya workspace Version 1/aya_ws/install/custom_msgs_pkg/include/custom_msgs_pkg/custom_msgs_pkg/msg/detection_list.hpp
[3.668s] -- Up-to-date: /home/mido/Pictures/Aya workspace Version 1/aya_ws/install/custom_msgs_pkg/include/custom_msgs_pkg/custom_msgs_pkg/msg/rosidl_generator_cpp__visibility_control.hpp
[3.668s] -- Installing: /home/mido/Pictures/Aya workspace Version 1/aya_ws/install/custom_msgs_pkg/include/custom_msgs_pkg/custom_msgs_pkg/msg/bounding_box.hpp
[3.668s] -- Up-to-date: /home/mido/Pictures/Aya workspace Version 1/aya_ws/install/custom_msgs_pkg/include/custom_msgs_pkg/custom_msgs_pkg/msg/detail
[3.668s] -- Installing: /home/mido/Pictures/Aya workspace Version 1/aya_ws/install/custom_msgs_pkg/include/custom_msgs_pkg/custom_msgs_pkg/msg/detail/detection3_d_list__type_support.hpp
[3.668s] -- Installing: /home/mido/Pictures/Aya workspace Version 1/aya_ws/install/custom_msgs_pkg/include/custom_msgs_pkg/custom_msgs_pkg/msg/detail/object3_d__struct.hpp
[3.668s] -- Installing: /home/mido/Pictures/Aya workspace Version 1/aya_ws/install/custom_msgs_pkg/include/custom_msgs_pkg/custom_msgs_pkg/msg/detail/bounding_box__struct.hpp
[3.669s] -- Installing: /home/mido/Pictures/Aya workspace Version 1/aya_ws/install/custom_msgs_pkg/include/custom_msgs_pkg/custom_msgs_pkg/msg/detail/object3_d__type_support.hpp
[3.669s] -- Installing: /home/mido/Pictures/Aya workspace Version 1/aya_ws/install/custom_msgs_pkg/include/custom_msgs_pkg/custom_msgs_pkg/msg/detail/detection_list__traits.hpp
[3.669s] -- Installing: /home/mido/Pictures/Aya workspace Version 1/aya_ws/install/custom_msgs_pkg/include/custom_msgs_pkg/custom_msgs_pkg/msg/detail/detection3_d_list__struct.hpp
[3.669s] -- Installing: /home/mido/Pictures/Aya workspace Version 1/aya_ws/install/custom_msgs_pkg/include/custom_msgs_pkg/custom_msgs_pkg/msg/detail/detection_list__struct.hpp
[3.669s] -- Installing: /home/mido/Pictures/Aya workspace Version 1/aya_ws/install/custom_msgs_pkg/include/custom_msgs_pkg/custom_msgs_pkg/msg/detail/detection_list__builder.hpp
[3.669s] -- Installing: /home/mido/Pictures/Aya workspace Version 1/aya_ws/install/custom_msgs_pkg/include/custom_msgs_pkg/custom_msgs_pkg/msg/detail/detection_list__type_support.hpp
[3.670s] -- Installing: /home/mido/Pictures/Aya workspace Version 1/aya_ws/install/custom_msgs_pkg/include/custom_msgs_pkg/custom_msgs_pkg/msg/detail/object3_d__traits.hpp
[3.670s] -- Installing: /home/mido/Pictures/Aya workspace Version 1/aya_ws/install/custom_msgs_pkg/include/custom_msgs_pkg/custom_msgs_pkg/msg/detail/detection3_d_list__builder.hpp
[3.670s] -- Installing: /home/mido/Pictures/Aya workspace Version 1/aya_ws/install/custom_msgs_pkg/include/custom_msgs_pkg/custom_msgs_pkg/msg/detail/object3_d__builder.hpp
[3.670s] -- Installing: /home/mido/Pictures/Aya workspace Version 1/aya_ws/install/custom_msgs_pkg/include/custom_msgs_pkg/custom_msgs_pkg/msg/detail/bounding_box__traits.hpp
[3.670s] -- Installing: /home/mido/Pictures/Aya workspace Version 1/aya_ws/install/custom_msgs_pkg/include/custom_msgs_pkg/custom_msgs_pkg/msg/detail/bounding_box__builder.hpp
[3.670s] -- Installing: /home/mido/Pictures/Aya workspace Version 1/aya_ws/install/custom_msgs_pkg/include/custom_msgs_pkg/custom_msgs_pkg/msg/detail/bounding_box__type_support.hpp
[3.671s] -- Installing: /home/mido/Pictures/Aya workspace Version 1/aya_ws/install/custom_msgs_pkg/include/custom_msgs_pkg/custom_msgs_pkg/msg/detail/detection3_d_list__traits.hpp
[3.671s] -- Up-to-date: /home/mido/Pictures/Aya workspace Version 1/aya_ws/install/custom_msgs_pkg/include/custom_msgs_pkg/custom_msgs_pkg
[3.671s] -- Up-to-date: /home/mido/Pictures/Aya workspace Version 1/aya_ws/install/custom_msgs_pkg/include/custom_msgs_pkg/custom_msgs_pkg/msg
[3.671s] -- Up-to-date: /home/mido/Pictures/Aya workspace Version 1/aya_ws/install/custom_msgs_pkg/include/custom_msgs_pkg/custom_msgs_pkg/msg/rosidl_typesupport_fastrtps_cpp__visibility_control.h
[3.671s] -- Up-to-date: /home/mido/Pictures/Aya workspace Version 1/aya_ws/install/custom_msgs_pkg/include/custom_msgs_pkg/custom_msgs_pkg/msg/detail
[3.671s] -- Installing: /home/mido/Pictures/Aya workspace Version 1/aya_ws/install/custom_msgs_pkg/include/custom_msgs_pkg/custom_msgs_pkg/msg/detail/object3_d__rosidl_typesupport_fastrtps_cpp.hpp
[3.671s] -- Installing: /home/mido/Pictures/Aya workspace Version 1/aya_ws/install/custom_msgs_pkg/include/custom_msgs_pkg/custom_msgs_pkg/msg/detail/bounding_box__rosidl_typesupport_fastrtps_cpp.hpp
[3.671s] -- Up-to-date: /home/mido/Pictures/Aya workspace Version 1/aya_ws/install/custom_msgs_pkg/include/custom_msgs_pkg/custom_msgs_pkg/msg/detail/dds_fastrtps
[3.671s] -- Installing: /home/mido/Pictures/Aya workspace Version 1/aya_ws/install/custom_msgs_pkg/include/custom_msgs_pkg/custom_msgs_pkg/msg/detail/detection_list__rosidl_typesupport_fastrtps_cpp.hpp
[3.672s] -- Installing: /home/mido/Pictures/Aya workspace Version 1/aya_ws/install/custom_msgs_pkg/include/custom_msgs_pkg/custom_msgs_pkg/msg/detail/detection3_d_list__rosidl_typesupport_fastrtps_cpp.hpp
[3.672s] -- Installing: /home/mido/Pictures/Aya workspace Version 1/aya_ws/install/custom_msgs_pkg/lib/libcustom_msgs_pkg__rosidl_typesupport_fastrtps_cpp.so
[3.673s] -- Set runtime path of "/home/mido/Pictures/Aya workspace Version 1/aya_ws/install/custom_msgs_pkg/lib/libcustom_msgs_pkg__rosidl_typesupport_fastrtps_cpp.so" to ""
[3.673s] -- Up-to-date: /home/mido/Pictures/Aya workspace Version 1/aya_ws/install/custom_msgs_pkg/include/custom_msgs_pkg/custom_msgs_pkg
[3.673s] -- Up-to-date: /home/mido/Pictures/Aya workspace Version 1/aya_ws/install/custom_msgs_pkg/include/custom_msgs_pkg/custom_msgs_pkg/msg
[3.673s] -- Up-to-date: /home/mido/Pictures/Aya workspace Version 1/aya_ws/install/custom_msgs_pkg/include/custom_msgs_pkg/custom_msgs_pkg/msg/rosidl_typesupport_introspection_c__visibility_control.h
[3.673s] -- Up-to-date: /home/mido/Pictures/Aya workspace Version 1/aya_ws/install/custom_msgs_pkg/include/custom_msgs_pkg/custom_msgs_pkg/msg/detail
[3.673s] -- Installing: /home/mido/Pictures/Aya workspace Version 1/aya_ws/install/custom_msgs_pkg/include/custom_msgs_pkg/custom_msgs_pkg/msg/detail/detection3_d_list__type_support.c
[3.673s] -- Installing: /home/mido/Pictures/Aya workspace Version 1/aya_ws/install/custom_msgs_pkg/include/custom_msgs_pkg/custom_msgs_pkg/msg/detail/detection3_d_list__rosidl_typesupport_introspection_c.h
[3.673s] -- Installing: /home/mido/Pictures/Aya workspace Version 1/aya_ws/install/custom_msgs_pkg/include/custom_msgs_pkg/custom_msgs_pkg/msg/detail/object3_d__type_support.c
[3.673s] -- Installing: /home/mido/Pictures/Aya workspace Version 1/aya_ws/install/custom_msgs_pkg/include/custom_msgs_pkg/custom_msgs_pkg/msg/detail/detection_list__rosidl_typesupport_introspection_c.h
[3.673s] -- Installing: /home/mido/Pictures/Aya workspace Version 1/aya_ws/install/custom_msgs_pkg/include/custom_msgs_pkg/custom_msgs_pkg/msg/detail/object3_d__rosidl_typesupport_introspection_c.h
[3.674s] -- Installing: /home/mido/Pictures/Aya workspace Version 1/aya_ws/install/custom_msgs_pkg/include/custom_msgs_pkg/custom_msgs_pkg/msg/detail/detection_list__type_support.c
[3.674s] -- Installing: /home/mido/Pictures/Aya workspace Version 1/aya_ws/install/custom_msgs_pkg/include/custom_msgs_pkg/custom_msgs_pkg/msg/detail/bounding_box__rosidl_typesupport_introspection_c.h
[3.674s] -- Installing: /home/mido/Pictures/Aya workspace Version 1/aya_ws/install/custom_msgs_pkg/include/custom_msgs_pkg/custom_msgs_pkg/msg/detail/bounding_box__type_support.c
[3.674s] -- Installing: /home/mido/Pictures/Aya workspace Version 1/aya_ws/install/custom_msgs_pkg/lib/libcustom_msgs_pkg__rosidl_typesupport_introspection_c.so
[3.675s] -- Set runtime path of "/home/mido/Pictures/Aya workspace Version 1/aya_ws/install/custom_msgs_pkg/lib/libcustom_msgs_pkg__rosidl_typesupport_introspection_c.so" to ""
[3.675s] -- Installing: /home/mido/Pictures/Aya workspace Version 1/aya_ws/install/custom_msgs_pkg/lib/libcustom_msgs_pkg__rosidl_typesupport_c.so
[3.675s] -- Set runtime path of "/home/mido/Pictures/Aya workspace Version 1/aya_ws/install/custom_msgs_pkg/lib/libcustom_msgs_pkg__rosidl_typesupport_c.so" to ""
[3.675s] -- Up-to-date: /home/mido/Pictures/Aya workspace Version 1/aya_ws/install/custom_msgs_pkg/include/custom_msgs_pkg/custom_msgs_pkg
[3.675s] -- Up-to-date: /home/mido/Pictures/Aya workspace Version 1/aya_ws/install/custom_msgs_pkg/include/custom_msgs_pkg/custom_msgs_pkg/msg
[3.676s] -- Up-to-date: /home/mido/Pictures/Aya workspace Version 1/aya_ws/install/custom_msgs_pkg/include/custom_msgs_pkg/custom_msgs_pkg/msg/detail
[3.676s] -- Installing: /home/mido/Pictures/Aya workspace Version 1/aya_ws/install/custom_msgs_pkg/include/custom_msgs_pkg/custom_msgs_pkg/msg/detail/object3_d__rosidl_typesupport_introspection_cpp.hpp
[3.676s] -- Installing: /home/mido/Pictures/Aya workspace Version 1/aya_ws/install/custom_msgs_pkg/include/custom_msgs_pkg/custom_msgs_pkg/msg/detail/detection_list__rosidl_typesupport_introspection_cpp.hpp
[3.676s] -- Installing: /home/mido/Pictures/Aya workspace Version 1/aya_ws/install/custom_msgs_pkg/include/custom_msgs_pkg/custom_msgs_pkg/msg/detail/detection3_d_list__type_support.cpp
[3.676s] -- Installing: /home/mido/Pictures/Aya workspace Version 1/aya_ws/install/custom_msgs_pkg/include/custom_msgs_pkg/custom_msgs_pkg/msg/detail/detection_list__type_support.cpp
[3.676s] -- Installing: /home/mido/Pictures/Aya workspace Version 1/aya_ws/install/custom_msgs_pkg/include/custom_msgs_pkg/custom_msgs_pkg/msg/detail/detection3_d_list__rosidl_typesupport_introspection_cpp.hpp
[3.676s] -- Installing: /home/mido/Pictures/Aya workspace Version 1/aya_ws/install/custom_msgs_pkg/include/custom_msgs_pkg/custom_msgs_pkg/msg/detail/bounding_box__type_support.cpp
[3.676s] -- Installing: /home/mido/Pictures/Aya workspace Version 1/aya_ws/install/custom_msgs_pkg/include/custom_msgs_pkg/custom_msgs_pkg/msg/detail/object3_d__type_support.cpp
[3.677s] -- Installing: /home/mido/Pictures/Aya workspace Version 1/aya_ws/install/custom_msgs_pkg/include/custom_msgs_pkg/custom_msgs_pkg/msg/detail/bounding_box__rosidl_typesupport_introspection_cpp.hpp
[3.677s] -- Installing: /home/mido/Pictures/Aya workspace Version 1/aya_ws/install/custom_msgs_pkg/lib/libcustom_msgs_pkg__rosidl_typesupport_introspection_cpp.so
[3.677s] -- Set runtime path of "/home/mido/Pictures/Aya workspace Version 1/aya_ws/install/custom_msgs_pkg/lib/libcustom_msgs_pkg__rosidl_typesupport_introspection_cpp.so" to ""
[3.678s] -- Installing: /home/mido/Pictures/Aya workspace Version 1/aya_ws/install/custom_msgs_pkg/lib/libcustom_msgs_pkg__rosidl_typesupport_cpp.so
[3.678s] -- Set runtime path of "/home/mido/Pictures/Aya workspace Version 1/aya_ws/install/custom_msgs_pkg/lib/libcustom_msgs_pkg__rosidl_typesupport_cpp.so" to ""
[3.678s] -- Up-to-date: /home/mido/Pictures/Aya workspace Version 1/aya_ws/install/custom_msgs_pkg/share/custom_msgs_pkg/environment/pythonpath.sh
[3.678s] -- Installing: /home/mido/Pictures/Aya workspace Version 1/aya_ws/install/custom_msgs_pkg/share/custom_msgs_pkg/environment/pythonpath.dsv
[3.678s] -- Up-to-date: /home/mido/Pictures/Aya workspace Version 1/aya_ws/install/custom_msgs_pkg/local/lib/python3.10/dist-packages/custom_msgs_pkg-0.0.0-py3.10.egg-info
[3.679s] -- Installing: /home/mido/Pictures/Aya workspace Version 1/aya_ws/install/custom_msgs_pkg/local/lib/python3.10/dist-packages/custom_msgs_pkg-0.0.0-py3.10.egg-info/PKG-INFO
[3.679s] -- Installing: /home/mido/Pictures/Aya workspace Version 1/aya_ws/install/custom_msgs_pkg/local/lib/python3.10/dist-packages/custom_msgs_pkg-0.0.0-py3.10.egg-info/top_level.txt
[3.679s] -- Installing: /home/mido/Pictures/Aya workspace Version 1/aya_ws/install/custom_msgs_pkg/local/lib/python3.10/dist-packages/custom_msgs_pkg-0.0.0-py3.10.egg-info/dependency_links.txt
[3.679s] -- Installing: /home/mido/Pictures/Aya workspace Version 1/aya_ws/install/custom_msgs_pkg/local/lib/python3.10/dist-packages/custom_msgs_pkg-0.0.0-py3.10.egg-info/SOURCES.txt
[3.679s] -- Up-to-date: /home/mido/Pictures/Aya workspace Version 1/aya_ws/install/custom_msgs_pkg/local/lib/python3.10/dist-packages/custom_msgs_pkg
[3.680s] -- Installing: /home/mido/Pictures/Aya workspace Version 1/aya_ws/install/custom_msgs_pkg/local/lib/python3.10/dist-packages/custom_msgs_pkg/_custom_msgs_pkg_s.ep.rosidl_typesupport_introspection_c.c
[3.680s] -- Installing: /home/mido/Pictures/Aya workspace Version 1/aya_ws/install/custom_msgs_pkg/local/lib/python3.10/dist-packages/custom_msgs_pkg/_custom_msgs_pkg_s.ep.rosidl_typesupport_c.c
[3.680s] -- Installing: /home/mido/Pictures/Aya workspace Version 1/aya_ws/install/custom_msgs_pkg/local/lib/python3.10/dist-packages/custom_msgs_pkg/__init__.py
[3.680s] -- Installing: /home/mido/Pictures/Aya workspace Version 1/aya_ws/install/custom_msgs_pkg/local/lib/python3.10/dist-packages/custom_msgs_pkg/custom_msgs_pkg_s__rosidl_typesupport_introspection_c.cpython-310-x86_64-linux-gnu.so
[3.680s] -- Installing: /home/mido/Pictures/Aya workspace Version 1/aya_ws/install/custom_msgs_pkg/local/lib/python3.10/dist-packages/custom_msgs_pkg/libcustom_msgs_pkg__rosidl_generator_py.so
[3.680s] -- Installing: /home/mido/Pictures/Aya workspace Version 1/aya_ws/install/custom_msgs_pkg/local/lib/python3.10/dist-packages/custom_msgs_pkg/_custom_msgs_pkg_s.ep.rosidl_typesupport_fastrtps_c.c
[3.681s] -- Installing: /home/mido/Pictures/Aya workspace Version 1/aya_ws/install/custom_msgs_pkg/local/lib/python3.10/dist-packages/custom_msgs_pkg/custom_msgs_pkg_s__rosidl_typesupport_c.cpython-310-x86_64-linux-gnu.so
[3.681s] -- Installing: /home/mido/Pictures/Aya workspace Version 1/aya_ws/install/custom_msgs_pkg/local/lib/python3.10/dist-packages/custom_msgs_pkg/custom_msgs_pkg_s__rosidl_typesupport_fastrtps_c.cpython-310-x86_64-linux-gnu.so
[3.681s] -- Up-to-date: /home/mido/Pictures/Aya workspace Version 1/aya_ws/install/custom_msgs_pkg/local/lib/python3.10/dist-packages/custom_msgs_pkg/msg
[3.681s] -- Installing: /home/mido/Pictures/Aya workspace Version 1/aya_ws/install/custom_msgs_pkg/local/lib/python3.10/dist-packages/custom_msgs_pkg/msg/_bounding_box.py
[3.681s] -- Installing: /home/mido/Pictures/Aya workspace Version 1/aya_ws/install/custom_msgs_pkg/local/lib/python3.10/dist-packages/custom_msgs_pkg/msg/_detection_list_s.c
[3.682s] -- Installing: /home/mido/Pictures/Aya workspace Version 1/aya_ws/install/custom_msgs_pkg/local/lib/python3.10/dist-packages/custom_msgs_pkg/msg/_detection3_d_list.py
[3.682s] -- Installing: /home/mido/Pictures/Aya workspace Version 1/aya_ws/install/custom_msgs_pkg/local/lib/python3.10/dist-packages/custom_msgs_pkg/msg/__init__.py
[3.682s] -- Installing: /home/mido/Pictures/Aya workspace Version 1/aya_ws/install/custom_msgs_pkg/local/lib/python3.10/dist-packages/custom_msgs_pkg/msg/_detection_list.py
[3.682s] -- Installing: /home/mido/Pictures/Aya workspace Version 1/aya_ws/install/custom_msgs_pkg/local/lib/python3.10/dist-packages/custom_msgs_pkg/msg/_object3_d.py
[3.682s] -- Installing: /home/mido/Pictures/Aya workspace Version 1/aya_ws/install/custom_msgs_pkg/local/lib/python3.10/dist-packages/custom_msgs_pkg/msg/_bounding_box_s.c
[3.682s] -- Installing: /home/mido/Pictures/Aya workspace Version 1/aya_ws/install/custom_msgs_pkg/local/lib/python3.10/dist-packages/custom_msgs_pkg/msg/_object3_d_s.c
[3.682s] -- Installing: /home/mido/Pictures/Aya workspace Version 1/aya_ws/install/custom_msgs_pkg/local/lib/python3.10/dist-packages/custom_msgs_pkg/msg/_detection3_d_list_s.c
[3.715s] Listing '/home/mido/Pictures/Aya workspace Version 1/aya_ws/install/custom_msgs_pkg/local/lib/python3.10/dist-packages/custom_msgs_pkg'...
[3.715s] Compiling '/home/mido/Pictures/Aya workspace Version 1/aya_ws/install/custom_msgs_pkg/local/lib/python3.10/dist-packages/custom_msgs_pkg/__init__.py'...
[3.715s] Listing '/home/mido/Pictures/Aya workspace Version 1/aya_ws/install/custom_msgs_pkg/local/lib/python3.10/dist-packages/custom_msgs_pkg/msg'...
[3.715s] Compiling '/home/mido/Pictures/Aya workspace Version 1/aya_ws/install/custom_msgs_pkg/local/lib/python3.10/dist-packages/custom_msgs_pkg/msg/__init__.py'...
[3.715s] Compiling '/home/mido/Pictures/Aya workspace Version 1/aya_ws/install/custom_msgs_pkg/local/lib/python3.10/dist-packages/custom_msgs_pkg/msg/_bounding_box.py'...
[3.715s] Compiling '/home/mido/Pictures/Aya workspace Version 1/aya_ws/install/custom_msgs_pkg/local/lib/python3.10/dist-packages/custom_msgs_pkg/msg/_detection3_d_list.py'...
[3.715s] Compiling '/home/mido/Pictures/Aya workspace Version 1/aya_ws/install/custom_msgs_pkg/local/lib/python3.10/dist-packages/custom_msgs_pkg/msg/_detection_list.py'...
[3.715s] Compiling '/home/mido/Pictures/Aya workspace Version 1/aya_ws/install/custom_msgs_pkg/local/lib/python3.10/dist-packages/custom_msgs_pkg/msg/_object3_d.py'...
[3.719s] -- Installing: /home/mido/Pictures/Aya workspace Version 1/aya_ws/install/custom_msgs_pkg/local/lib/python3.10/dist-packages/custom_msgs_pkg/custom_msgs_pkg_s__rosidl_typesupport_fastrtps_c.cpython-310-x86_64-linux-gnu.so
[3.720s] -- Set runtime path of "/home/mido/Pictures/Aya workspace Version 1/aya_ws/install/custom_msgs_pkg/local/lib/python3.10/dist-packages/custom_msgs_pkg/custom_msgs_pkg_s__rosidl_typesupport_fastrtps_c.cpython-310-x86_64-linux-gnu.so" to ""
[3.720s] -- Installing: /home/mido/Pictures/Aya workspace Version 1/aya_ws/install/custom_msgs_pkg/local/lib/python3.10/dist-packages/custom_msgs_pkg/custom_msgs_pkg_s__rosidl_typesupport_introspection_c.cpython-310-x86_64-linux-gnu.so
[3.720s] -- Set runtime path of "/home/mido/Pictures/Aya workspace Version 1/aya_ws/install/custom_msgs_pkg/local/lib/python3.10/dist-packages/custom_msgs_pkg/custom_msgs_pkg_s__rosidl_typesupport_introspection_c.cpython-310-x86_64-linux-gnu.so" to ""
[3.720s] -- Installing: /home/mido/Pictures/Aya workspace Version 1/aya_ws/install/custom_msgs_pkg/local/lib/python3.10/dist-packages/custom_msgs_pkg/custom_msgs_pkg_s__rosidl_typesupport_c.cpython-310-x86_64-linux-gnu.so
[3.721s] -- Set runtime path of "/home/mido/Pictures/Aya workspace Version 1/aya_ws/install/custom_msgs_pkg/local/lib/python3.10/dist-packages/custom_msgs_pkg/custom_msgs_pkg_s__rosidl_typesupport_c.cpython-310-x86_64-linux-gnu.so" to ""
[3.721s] -- Installing: /home/mido/Pictures/Aya workspace Version 1/aya_ws/install/custom_msgs_pkg/lib/libcustom_msgs_pkg__rosidl_generator_py.so
[3.722s] -- Set runtime path of "/home/mido/Pictures/Aya workspace Version 1/aya_ws/install/custom_msgs_pkg/lib/libcustom_msgs_pkg__rosidl_generator_py.so" to ""
[3.722s] -- Up-to-date: /home/mido/Pictures/Aya workspace Version 1/aya_ws/install/custom_msgs_pkg/share/custom_msgs_pkg/msg/BoundingBox.idl
[3.722s] -- Up-to-date: /home/mido/Pictures/Aya workspace Version 1/aya_ws/install/custom_msgs_pkg/share/custom_msgs_pkg/msg/DetectionList.idl
[3.722s] -- Installing: /home/mido/Pictures/Aya workspace Version 1/aya_ws/install/custom_msgs_pkg/share/custom_msgs_pkg/msg/Object3D.idl
[3.722s] -- Installing: /home/mido/Pictures/Aya workspace Version 1/aya_ws/install/custom_msgs_pkg/share/custom_msgs_pkg/msg/Detection3DList.idl
[3.722s] -- Up-to-date: /home/mido/Pictures/Aya workspace Version 1/aya_ws/install/custom_msgs_pkg/share/custom_msgs_pkg/msgs/BoundingBox.msg
[3.722s] -- Up-to-date: /home/mido/Pictures/Aya workspace Version 1/aya_ws/install/custom_msgs_pkg/share/custom_msgs_pkg/msgs/DetectionList.msg
[3.722s] -- Installing: /home/mido/Pictures/Aya workspace Version 1/aya_ws/install/custom_msgs_pkg/share/custom_msgs_pkg/msgs/Object3D.msg
[3.722s] -- Installing: /home/mido/Pictures/Aya workspace Version 1/aya_ws/install/custom_msgs_pkg/share/custom_msgs_pkg/msgs/Detection3DList.msg
[3.722s] -- Up-to-date: /home/mido/Pictures/Aya workspace Version 1/aya_ws/install/custom_msgs_pkg/share/ament_index/resource_index/package_run_dependencies/custom_msgs_pkg
[3.722s] -- Installing: /home/mido/Pictures/Aya workspace Version 1/aya_ws/install/custom_msgs_pkg/share/ament_index/resource_index/parent_prefix_path/custom_msgs_pkg
[3.723s] -- Up-to-date: /home/mido/Pictures/Aya workspace Version 1/aya_ws/install/custom_msgs_pkg/share/custom_msgs_pkg/environment/ament_prefix_path.sh
[3.723s] -- Installing: /home/mido/Pictures/Aya workspace Version 1/aya_ws/install/custom_msgs_pkg/share/custom_msgs_pkg/environment/ament_prefix_path.dsv
[3.723s] -- Up-to-date: /home/mido/Pictures/Aya workspace Version 1/aya_ws/install/custom_msgs_pkg/share/custom_msgs_pkg/environment/path.sh
[3.723s] -- Installing: /home/mido/Pictures/Aya workspace Version 1/aya_ws/install/custom_msgs_pkg/share/custom_msgs_pkg/environment/path.dsv
[3.723s] -- Up-to-date: /home/mido/Pictures/Aya workspace Version 1/aya_ws/install/custom_msgs_pkg/share/custom_msgs_pkg/local_setup.bash
[3.724s] -- Up-to-date: /home/mido/Pictures/Aya workspace Version 1/aya_ws/install/custom_msgs_pkg/share/custom_msgs_pkg/local_setup.sh
[3.724s] -- Up-to-date: /home/mido/Pictures/Aya workspace Version 1/aya_ws/install/custom_msgs_pkg/share/custom_msgs_pkg/local_setup.zsh
[3.724s] -- Installing: /home/mido/Pictures/Aya workspace Version 1/aya_ws/install/custom_msgs_pkg/share/custom_msgs_pkg/local_setup.dsv
[3.724s] -- Installing: /home/mido/Pictures/Aya workspace Version 1/aya_ws/install/custom_msgs_pkg/share/custom_msgs_pkg/package.dsv
[3.724s] -- Up-to-date: /home/mido/Pictures/Aya workspace Version 1/aya_ws/install/custom_msgs_pkg/share/ament_index/resource_index/packages/custom_msgs_pkg
[3.724s] -- Up-to-date: /home/mido/Pictures/Aya workspace Version 1/aya_ws/install/custom_msgs_pkg/share/custom_msgs_pkg/cmake/export_custom_msgs_pkg__rosidl_generator_cExport.cmake
[3.724s] -- Up-to-date: /home/mido/Pictures/Aya workspace Version 1/aya_ws/install/custom_msgs_pkg/share/custom_msgs_pkg/cmake/export_custom_msgs_pkg__rosidl_generator_cExport-noconfig.cmake
[3.724s] -- Up-to-date: /home/mido/Pictures/Aya workspace Version 1/aya_ws/install/custom_msgs_pkg/share/custom_msgs_pkg/cmake/export_custom_msgs_pkg__rosidl_typesupport_fastrtps_cExport.cmake
[3.725s] -- Up-to-date: /home/mido/Pictures/Aya workspace Version 1/aya_ws/install/custom_msgs_pkg/share/custom_msgs_pkg/cmake/export_custom_msgs_pkg__rosidl_typesupport_fastrtps_cExport-noconfig.cmake
[3.725s] -- Up-to-date: /home/mido/Pictures/Aya workspace Version 1/aya_ws/install/custom_msgs_pkg/share/custom_msgs_pkg/cmake/export_custom_msgs_pkg__rosidl_generator_cppExport.cmake
[3.725s] -- Up-to-date: /home/mido/Pictures/Aya workspace Version 1/aya_ws/install/custom_msgs_pkg/share/custom_msgs_pkg/cmake/export_custom_msgs_pkg__rosidl_typesupport_fastrtps_cppExport.cmake
[3.725s] -- Up-to-date: /home/mido/Pictures/Aya workspace Version 1/aya_ws/install/custom_msgs_pkg/share/custom_msgs_pkg/cmake/export_custom_msgs_pkg__rosidl_typesupport_fastrtps_cppExport-noconfig.cmake
[3.725s] -- Up-to-date: /home/mido/Pictures/Aya workspace Version 1/aya_ws/install/custom_msgs_pkg/share/custom_msgs_pkg/cmake/custom_msgs_pkg__rosidl_typesupport_introspection_cExport.cmake
[3.725s] -- Up-to-date: /home/mido/Pictures/Aya workspace Version 1/aya_ws/install/custom_msgs_pkg/share/custom_msgs_pkg/cmake/custom_msgs_pkg__rosidl_typesupport_introspection_cExport-noconfig.cmake
[3.725s] -- Up-to-date: /home/mido/Pictures/Aya workspace Version 1/aya_ws/install/custom_msgs_pkg/share/custom_msgs_pkg/cmake/custom_msgs_pkg__rosidl_typesupport_cExport.cmake
[3.725s] -- Up-to-date: /home/mido/Pictures/Aya workspace Version 1/aya_ws/install/custom_msgs_pkg/share/custom_msgs_pkg/cmake/custom_msgs_pkg__rosidl_typesupport_cExport-noconfig.cmake
[3.725s] -- Up-to-date: /home/mido/Pictures/Aya workspace Version 1/aya_ws/install/custom_msgs_pkg/share/custom_msgs_pkg/cmake/custom_msgs_pkg__rosidl_typesupport_introspection_cppExport.cmake
[3.725s] -- Up-to-date: /home/mido/Pictures/Aya workspace Version 1/aya_ws/install/custom_msgs_pkg/share/custom_msgs_pkg/cmake/custom_msgs_pkg__rosidl_typesupport_introspection_cppExport-noconfig.cmake
[3.725s] -- Up-to-date: /home/mido/Pictures/Aya workspace Version 1/aya_ws/install/custom_msgs_pkg/share/custom_msgs_pkg/cmake/custom_msgs_pkg__rosidl_typesupport_cppExport.cmake
[3.726s] -- Up-to-date: /home/mido/Pictures/Aya workspace Version 1/aya_ws/install/custom_msgs_pkg/share/custom_msgs_pkg/cmake/custom_msgs_pkg__rosidl_typesupport_cppExport-noconfig.cmake
[3.726s] -- Up-to-date: /home/mido/Pictures/Aya workspace Version 1/aya_ws/install/custom_msgs_pkg/share/custom_msgs_pkg/cmake/export_custom_msgs_pkg__rosidl_generator_pyExport.cmake
[3.726s] -- Up-to-date: /home/mido/Pictures/Aya workspace Version 1/aya_ws/install/custom_msgs_pkg/share/custom_msgs_pkg/cmake/export_custom_msgs_pkg__rosidl_generator_pyExport-noconfig.cmake
[3.726s] -- Installing: /home/mido/Pictures/Aya workspace Version 1/aya_ws/install/custom_msgs_pkg/share/custom_msgs_pkg/cmake/rosidl_cmake-extras.cmake
[3.726s] -- Up-to-date: /home/mido/Pictures/Aya workspace Version 1/aya_ws/install/custom_msgs_pkg/share/custom_msgs_pkg/cmake/ament_cmake_export_dependencies-extras.cmake
[3.726s] -- Up-to-date: /home/mido/Pictures/Aya workspace Version 1/aya_ws/install/custom_msgs_pkg/share/custom_msgs_pkg/cmake/ament_cmake_export_include_directories-extras.cmake
[3.726s] -- Up-to-date: /home/mido/Pictures/Aya workspace Version 1/aya_ws/install/custom_msgs_pkg/share/custom_msgs_pkg/cmake/ament_cmake_export_libraries-extras.cmake
[3.726s] -- Up-to-date: /home/mido/Pictures/Aya workspace Version 1/aya_ws/install/custom_msgs_pkg/share/custom_msgs_pkg/cmake/ament_cmake_export_targets-extras.cmake
[3.726s] -- Up-to-date: /home/mido/Pictures/Aya workspace Version 1/aya_ws/install/custom_msgs_pkg/share/custom_msgs_pkg/cmake/rosidl_cmake_export_typesupport_targets-extras.cmake
[3.726s] -- Up-to-date: /home/mido/Pictures/Aya workspace Version 1/aya_ws/install/custom_msgs_pkg/share/custom_msgs_pkg/cmake/rosidl_cmake_export_typesupport_libraries-extras.cmake
[3.726s] -- Up-to-date: /home/mido/Pictures/Aya workspace Version 1/aya_ws/install/custom_msgs_pkg/share/custom_msgs_pkg/cmake/custom_msgs_pkgConfig.cmake
[3.726s] -- Up-to-date: /home/mido/Pictures/Aya workspace Version 1/aya_ws/install/custom_msgs_pkg/share/custom_msgs_pkg/cmake/custom_msgs_pkgConfig-version.cmake
[3.726s] -- Up-to-date: /home/mido/Pictures/Aya workspace Version 1/aya_ws/install/custom_msgs_pkg/share/custom_msgs_pkg/package.xml
[3.729s] Invoked command in '/home/mido/Pictures/Aya workspace Version 1/aya_ws/build/custom_msgs_pkg' returned '0': CMAKE_PREFIX_PATH=${CMAKE_PREFIX_PATH}:/home/mido/Pictures/Aya workspace Version 1/aya_ws/install/perception_pkg:/opt/ros/humble /usr/bin/cmake --install /home/mido/Pictures/Aya workspace Version 1/aya_ws/build/custom_msgs_pkg
