/home/mido/Pictures/Aya workspace Version 1/aya_ws/install/perception_pkg/lib/python3.10/site-packages/perception_pkg/depth_estimator.py
/home/mido/Pictures/Aya workspace Version 1/aya_ws/install/perception_pkg/lib/python3.10/site-packages/perception_pkg/perception_processor.py
/home/mido/Pictures/Aya workspace Version 1/aya_ws/install/perception_pkg/lib/python3.10/site-packages/perception_pkg/__init__.py
/home/mido/Pictures/Aya workspace Version 1/aya_ws/install/perception_pkg/lib/python3.10/site-packages/perception_pkg/object_detector_2d.py
/home/mido/Pictures/Aya workspace Version 1/aya_ws/install/perception_pkg/lib/python3.10/site-packages/perception_pkg/camera_streamer.py
/home/mido/Pictures/Aya workspace Version 1/aya_ws/install/perception_pkg/lib/python3.10/site-packages/perception_pkg/__pycache__/depth_estimator.cpython-310.pyc
/home/mido/Pictures/Aya workspace Version 1/aya_ws/install/perception_pkg/lib/python3.10/site-packages/perception_pkg/__pycache__/perception_processor.cpython-310.pyc
/home/mido/Pictures/Aya workspace Version 1/aya_ws/install/perception_pkg/lib/python3.10/site-packages/perception_pkg/__pycache__/__init__.cpython-310.pyc
/home/mido/Pictures/Aya workspace Version 1/aya_ws/install/perception_pkg/lib/python3.10/site-packages/perception_pkg/__pycache__/object_detector_2d.cpython-310.pyc
/home/mido/Pictures/Aya workspace Version 1/aya_ws/install/perception_pkg/lib/python3.10/site-packages/perception_pkg/__pycache__/camera_streamer.cpython-310.pyc
/home/mido/Pictures/Aya workspace Version 1/aya_ws/install/perception_pkg/share/ament_index/resource_index/packages/perception_pkg
/home/mido/Pictures/Aya workspace Version 1/aya_ws/install/perception_pkg/share/perception_pkg/package.xml
/home/mido/Pictures/Aya workspace Version 1/aya_ws/install/perception_pkg/lib/python3.10/site-packages/perception_pkg-0.0.0-py3.10.egg-info/requires.txt
/home/mido/Pictures/Aya workspace Version 1/aya_ws/install/perception_pkg/lib/python3.10/site-packages/perception_pkg-0.0.0-py3.10.egg-info/zip-safe
/home/mido/Pictures/Aya workspace Version 1/aya_ws/install/perception_pkg/lib/python3.10/site-packages/perception_pkg-0.0.0-py3.10.egg-info/PKG-INFO
/home/mido/Pictures/Aya workspace Version 1/aya_ws/install/perception_pkg/lib/python3.10/site-packages/perception_pkg-0.0.0-py3.10.egg-info/top_level.txt
/home/mido/Pictures/Aya workspace Version 1/aya_ws/install/perception_pkg/lib/python3.10/site-packages/perception_pkg-0.0.0-py3.10.egg-info/dependency_links.txt
/home/mido/Pictures/Aya workspace Version 1/aya_ws/install/perception_pkg/lib/python3.10/site-packages/perception_pkg-0.0.0-py3.10.egg-info/SOURCES.txt
/home/mido/Pictures/Aya workspace Version 1/aya_ws/install/perception_pkg/lib/python3.10/site-packages/perception_pkg-0.0.0-py3.10.egg-info/entry_points.txt
/home/mido/Pictures/Aya workspace Version 1/aya_ws/install/perception_pkg/lib/perception_pkg/cam_stream
/home/mido/Pictures/Aya workspace Version 1/aya_ws/install/perception_pkg/lib/perception_pkg/depth_estimator
/home/mido/Pictures/Aya workspace Version 1/aya_ws/install/perception_pkg/lib/perception_pkg/object_detector
/home/mido/Pictures/Aya workspace Version 1/aya_ws/install/perception_pkg/lib/perception_pkg/perception_processor
