[0.089s] DEBUG:colcon:Command line arguments: ['/usr/bin/colcon', 'build']
[0.089s] DEBUG:colcon:Parsed command line arguments: Namespace(log_base=None, log_level=None, verb_name='build', build_base='build', install_base='install', merge_install=False, symlink_install=False, test_result_base=None, continue_on_error=False, executor='parallel', parallel_workers=16, event_handlers=None, ignore_user_meta=False, metas=['./colcon.meta'], base_paths=['.'], packages_ignore=None, packages_ignore_regex=None, paths=None, packages_up_to=None, packages_up_to_regex=None, packages_above=None, packages_above_and_dependencies=None, packages_above_depth=None, packages_select_by_dep=None, packages_skip_by_dep=None, packages_skip_up_to=None, packages_select_build_failed=False, packages_skip_build_finished=False, packages_select_test_failures=False, packages_skip_test_passed=False, packages_select=None, packages_skip=None, packages_select_regex=None, packages_skip_regex=None, packages_start=None, packages_end=None, allow_overriding=[], cmake_args=None, cmake_target=None, cmake_target_skip_unavailable=False, cmake_clean_cache=False, cmake_clean_first=False, cmake_force_configure=False, ament_cmake_args=None, catkin_cmake_args=None, catkin_skip_building_tests=False, mixin_files=None, mixin=None, verb_parser=<colcon_mixin.mixin.mixin_argument.MixinArgumentDecorator object at 0x7d63c7557640>, verb_extension=<colcon_core.verb.build.BuildVerb object at 0x7d63c75570d0>, main=<bound method BuildVerb.main of <colcon_core.verb.build.BuildVerb object at 0x7d63c75570d0>>, mixin_verb=('build',))
[0.258s] Level 1:colcon.colcon_core.package_discovery:discover_packages(colcon_meta) check parameters
[0.258s] Level 1:colcon.colcon_core.package_discovery:discover_packages(recursive) check parameters
[0.258s] Level 1:colcon.colcon_core.package_discovery:discover_packages(ignore) check parameters
[0.258s] Level 1:colcon.colcon_core.package_discovery:discover_packages(path) check parameters
[0.258s] Level 1:colcon.colcon_core.package_discovery:discover_packages(colcon_meta) discover
[0.258s] Level 1:colcon.colcon_core.package_discovery:discover_packages(recursive) discover
[0.258s] INFO:colcon.colcon_core.package_discovery:Crawling recursively for packages in '/home/mido/Pictures/Aya workspace Version 1/aya_ws'
[0.258s] Level 1:colcon.colcon_core.package_identification:_identify(.) by extensions ['ignore', 'ignore_ament_install']
[0.258s] Level 1:colcon.colcon_core.package_identification:_identify(.) by extension 'ignore'
[0.258s] Level 1:colcon.colcon_core.package_identification:_identify(.) by extension 'ignore_ament_install'
[0.258s] Level 1:colcon.colcon_core.package_identification:_identify(.) by extensions ['colcon_pkg']
[0.258s] Level 1:colcon.colcon_core.package_identification:_identify(.) by extension 'colcon_pkg'
[0.258s] Level 1:colcon.colcon_core.package_identification:_identify(.) by extensions ['colcon_meta']
[0.258s] Level 1:colcon.colcon_core.package_identification:_identify(.) by extension 'colcon_meta'
[0.258s] Level 1:colcon.colcon_core.package_identification:_identify(.) by extensions ['ros']
[0.258s] Level 1:colcon.colcon_core.package_identification:_identify(.) by extension 'ros'
[0.274s] Level 1:colcon.colcon_core.package_identification:_identify(.) by extensions ['cmake', 'python']
[0.274s] Level 1:colcon.colcon_core.package_identification:_identify(.) by extension 'cmake'
[0.274s] Level 1:colcon.colcon_core.package_identification:_identify(.) by extension 'python'
[0.274s] Level 1:colcon.colcon_core.package_identification:_identify(.) by extensions ['python_setup_py']
[0.274s] Level 1:colcon.colcon_core.package_identification:_identify(.) by extension 'python_setup_py'
[0.274s] Level 1:colcon.colcon_core.package_identification:_identify(build) by extensions ['ignore', 'ignore_ament_install']
[0.274s] Level 1:colcon.colcon_core.package_identification:_identify(build) by extension 'ignore'
[0.274s] Level 1:colcon.colcon_core.package_identification:_identify(build) ignored
[0.274s] Level 1:colcon.colcon_core.package_identification:_identify(install) by extensions ['ignore', 'ignore_ament_install']
[0.275s] Level 1:colcon.colcon_core.package_identification:_identify(install) by extension 'ignore'
[0.275s] Level 1:colcon.colcon_core.package_identification:_identify(install) ignored
[0.275s] Level 1:colcon.colcon_core.package_identification:_identify(log) by extensions ['ignore', 'ignore_ament_install']
[0.275s] Level 1:colcon.colcon_core.package_identification:_identify(log) by extension 'ignore'
[0.275s] Level 1:colcon.colcon_core.package_identification:_identify(log) ignored
[0.275s] Level 1:colcon.colcon_core.package_identification:_identify(src) by extensions ['ignore', 'ignore_ament_install']
[0.275s] Level 1:colcon.colcon_core.package_identification:_identify(src) by extension 'ignore'
[0.275s] Level 1:colcon.colcon_core.package_identification:_identify(src) by extension 'ignore_ament_install'
[0.275s] Level 1:colcon.colcon_core.package_identification:_identify(src) by extensions ['colcon_pkg']
[0.275s] Level 1:colcon.colcon_core.package_identification:_identify(src) by extension 'colcon_pkg'
[0.275s] Level 1:colcon.colcon_core.package_identification:_identify(src) by extensions ['colcon_meta']
[0.275s] Level 1:colcon.colcon_core.package_identification:_identify(src) by extension 'colcon_meta'
[0.275s] Level 1:colcon.colcon_core.package_identification:_identify(src) by extensions ['ros']
[0.275s] Level 1:colcon.colcon_core.package_identification:_identify(src) by extension 'ros'
[0.275s] Level 1:colcon.colcon_core.package_identification:_identify(src) by extensions ['cmake', 'python']
[0.275s] Level 1:colcon.colcon_core.package_identification:_identify(src) by extension 'cmake'
[0.275s] Level 1:colcon.colcon_core.package_identification:_identify(src) by extension 'python'
[0.275s] Level 1:colcon.colcon_core.package_identification:_identify(src) by extensions ['python_setup_py']
[0.275s] Level 1:colcon.colcon_core.package_identification:_identify(src) by extension 'python_setup_py'
[0.276s] Level 1:colcon.colcon_core.package_identification:_identify(src/custom_msgs_pkg) by extensions ['ignore', 'ignore_ament_install']
[0.276s] Level 1:colcon.colcon_core.package_identification:_identify(src/custom_msgs_pkg) by extension 'ignore'
[0.276s] Level 1:colcon.colcon_core.package_identification:_identify(src/custom_msgs_pkg) by extension 'ignore_ament_install'
[0.276s] Level 1:colcon.colcon_core.package_identification:_identify(src/custom_msgs_pkg) by extensions ['colcon_pkg']
[0.276s] Level 1:colcon.colcon_core.package_identification:_identify(src/custom_msgs_pkg) by extension 'colcon_pkg'
[0.276s] Level 1:colcon.colcon_core.package_identification:_identify(src/custom_msgs_pkg) by extensions ['colcon_meta']
[0.276s] Level 1:colcon.colcon_core.package_identification:_identify(src/custom_msgs_pkg) by extension 'colcon_meta'
[0.276s] Level 1:colcon.colcon_core.package_identification:_identify(src/custom_msgs_pkg) by extensions ['ros']
[0.276s] Level 1:colcon.colcon_core.package_identification:_identify(src/custom_msgs_pkg) by extension 'ros'
[0.278s] DEBUG:colcon.colcon_core.package_identification:Package 'src/custom_msgs_pkg' with type 'ros.ament_cmake' and name 'custom_msgs_pkg'
[0.278s] Level 1:colcon.colcon_core.package_identification:_identify(src/perception_pkg) by extensions ['ignore', 'ignore_ament_install']
[0.278s] Level 1:colcon.colcon_core.package_identification:_identify(src/perception_pkg) by extension 'ignore'
[0.278s] Level 1:colcon.colcon_core.package_identification:_identify(src/perception_pkg) by extension 'ignore_ament_install'
[0.278s] Level 1:colcon.colcon_core.package_identification:_identify(src/perception_pkg) by extensions ['colcon_pkg']
[0.278s] Level 1:colcon.colcon_core.package_identification:_identify(src/perception_pkg) by extension 'colcon_pkg'
[0.279s] Level 1:colcon.colcon_core.package_identification:_identify(src/perception_pkg) by extensions ['colcon_meta']
[0.279s] Level 1:colcon.colcon_core.package_identification:_identify(src/perception_pkg) by extension 'colcon_meta'
[0.279s] Level 1:colcon.colcon_core.package_identification:_identify(src/perception_pkg) by extensions ['ros']
[0.279s] Level 1:colcon.colcon_core.package_identification:_identify(src/perception_pkg) by extension 'ros'
[0.279s] DEBUG:colcon.colcon_core.package_identification:Package 'src/perception_pkg' with type 'ros.ament_python' and name 'perception_pkg'
[0.279s] Level 1:colcon.colcon_core.package_discovery:discover_packages(recursive) using defaults
[0.280s] Level 1:colcon.colcon_core.package_discovery:discover_packages(ignore) discover
[0.280s] Level 1:colcon.colcon_core.package_discovery:discover_packages(ignore) using defaults
[0.280s] Level 1:colcon.colcon_core.package_discovery:discover_packages(path) discover
[0.280s] Level 1:colcon.colcon_core.package_discovery:discover_packages(path) using defaults
[0.295s] Level 1:colcon.colcon_core.package_discovery:discover_packages(prefix_path) check parameters
[0.295s] Level 1:colcon.colcon_core.package_discovery:discover_packages(prefix_path) discover
[0.296s] DEBUG:colcon.colcon_installed_package_information.package_discovery:Found 2 installed packages in /home/mido/Pictures/Aya workspace Version 1/aya_ws/install
[0.298s] DEBUG:colcon.colcon_installed_package_information.package_discovery:Found 437 installed packages in /opt/ros/humble
[0.300s] Level 1:colcon.colcon_core.package_discovery:discover_packages(prefix_path) using defaults
[0.344s] Level 5:colcon.colcon_core.verb:set package 'custom_msgs_pkg' build argument 'cmake_args' from command line to 'None'
[0.344s] Level 5:colcon.colcon_core.verb:set package 'custom_msgs_pkg' build argument 'cmake_target' from command line to 'None'
[0.344s] Level 5:colcon.colcon_core.verb:set package 'custom_msgs_pkg' build argument 'cmake_target_skip_unavailable' from command line to 'False'
[0.344s] Level 5:colcon.colcon_core.verb:set package 'custom_msgs_pkg' build argument 'cmake_clean_cache' from command line to 'False'
[0.344s] Level 5:colcon.colcon_core.verb:set package 'custom_msgs_pkg' build argument 'cmake_clean_first' from command line to 'False'
[0.344s] Level 5:colcon.colcon_core.verb:set package 'custom_msgs_pkg' build argument 'cmake_force_configure' from command line to 'False'
[0.344s] Level 5:colcon.colcon_core.verb:set package 'custom_msgs_pkg' build argument 'ament_cmake_args' from command line to 'None'
[0.344s] Level 5:colcon.colcon_core.verb:set package 'custom_msgs_pkg' build argument 'catkin_cmake_args' from command line to 'None'
[0.344s] Level 5:colcon.colcon_core.verb:set package 'custom_msgs_pkg' build argument 'catkin_skip_building_tests' from command line to 'False'
[0.344s] DEBUG:colcon.colcon_core.verb:Building package 'custom_msgs_pkg' with the following arguments: {'ament_cmake_args': None, 'build_base': '/home/mido/Pictures/Aya workspace Version 1/aya_ws/build/custom_msgs_pkg', 'catkin_cmake_args': None, 'catkin_skip_building_tests': False, 'cmake_args': None, 'cmake_clean_cache': False, 'cmake_clean_first': False, 'cmake_force_configure': False, 'cmake_target': None, 'cmake_target_skip_unavailable': False, 'install_base': '/home/mido/Pictures/Aya workspace Version 1/aya_ws/install/custom_msgs_pkg', 'merge_install': False, 'path': '/home/mido/Pictures/Aya workspace Version 1/aya_ws/src/custom_msgs_pkg', 'symlink_install': False, 'test_result_base': None}
[0.345s] Level 5:colcon.colcon_core.verb:set package 'perception_pkg' build argument 'cmake_args' from command line to 'None'
[0.345s] Level 5:colcon.colcon_core.verb:set package 'perception_pkg' build argument 'cmake_target' from command line to 'None'
[0.345s] Level 5:colcon.colcon_core.verb:set package 'perception_pkg' build argument 'cmake_target_skip_unavailable' from command line to 'False'
[0.345s] Level 5:colcon.colcon_core.verb:set package 'perception_pkg' build argument 'cmake_clean_cache' from command line to 'False'
[0.345s] Level 5:colcon.colcon_core.verb:set package 'perception_pkg' build argument 'cmake_clean_first' from command line to 'False'
[0.345s] Level 5:colcon.colcon_core.verb:set package 'perception_pkg' build argument 'cmake_force_configure' from command line to 'False'
[0.345s] Level 5:colcon.colcon_core.verb:set package 'perception_pkg' build argument 'ament_cmake_args' from command line to 'None'
[0.345s] Level 5:colcon.colcon_core.verb:set package 'perception_pkg' build argument 'catkin_cmake_args' from command line to 'None'
[0.345s] Level 5:colcon.colcon_core.verb:set package 'perception_pkg' build argument 'catkin_skip_building_tests' from command line to 'False'
[0.345s] DEBUG:colcon.colcon_core.verb:Building package 'perception_pkg' with the following arguments: {'ament_cmake_args': None, 'build_base': '/home/mido/Pictures/Aya workspace Version 1/aya_ws/build/perception_pkg', 'catkin_cmake_args': None, 'catkin_skip_building_tests': False, 'cmake_args': None, 'cmake_clean_cache': False, 'cmake_clean_first': False, 'cmake_force_configure': False, 'cmake_target': None, 'cmake_target_skip_unavailable': False, 'install_base': '/home/mido/Pictures/Aya workspace Version 1/aya_ws/install/perception_pkg', 'merge_install': False, 'path': '/home/mido/Pictures/Aya workspace Version 1/aya_ws/src/perception_pkg', 'symlink_install': False, 'test_result_base': None}
[0.345s] INFO:colcon.colcon_core.executor:Executing jobs using 'parallel' executor
[0.346s] DEBUG:colcon.colcon_parallel_executor.executor.parallel:run_until_complete
[0.346s] INFO:colcon.colcon_ros.task.ament_cmake.build:Building ROS package in '/home/mido/Pictures/Aya workspace Version 1/aya_ws/src/custom_msgs_pkg' with build type 'ament_cmake'
[0.346s] INFO:colcon.colcon_cmake.task.cmake.build:Building CMake package in '/home/mido/Pictures/Aya workspace Version 1/aya_ws/src/custom_msgs_pkg'
[0.348s] INFO:colcon.colcon_core.plugin_system:Skipping extension 'colcon_core.shell.bat': Not used on non-Windows systems
[0.348s] INFO:colcon.colcon_core.shell:Skip shell extension 'powershell' for command environment: Not usable outside of PowerShell
[0.348s] DEBUG:colcon.colcon_core.shell:Skip shell extension 'dsv' for command environment
[0.351s] INFO:colcon.colcon_ros.task.ament_python.build:Building ROS package in '/home/mido/Pictures/Aya workspace Version 1/aya_ws/src/perception_pkg' with build type 'ament_python'
[0.351s] Level 1:colcon.colcon_core.shell:create_environment_hook('perception_pkg', 'ament_prefix_path')
[0.351s] INFO:colcon.colcon_core.shell:Creating environment hook '/home/mido/Pictures/Aya workspace Version 1/aya_ws/install/perception_pkg/share/perception_pkg/hook/ament_prefix_path.ps1'
[0.352s] INFO:colcon.colcon_core.shell:Creating environment descriptor '/home/mido/Pictures/Aya workspace Version 1/aya_ws/install/perception_pkg/share/perception_pkg/hook/ament_prefix_path.dsv'
[0.352s] INFO:colcon.colcon_core.shell:Creating environment hook '/home/mido/Pictures/Aya workspace Version 1/aya_ws/install/perception_pkg/share/perception_pkg/hook/ament_prefix_path.sh'
[0.353s] INFO:colcon.colcon_core.shell:Skip shell extension 'powershell' for command environment: Not usable outside of PowerShell
[0.353s] DEBUG:colcon.colcon_core.shell:Skip shell extension 'dsv' for command environment
[0.361s] DEBUG:colcon.colcon_core.event_handler.log_command:Invoking command in '/home/mido/Pictures/Aya workspace Version 1/aya_ws/build/custom_msgs_pkg': CMAKE_PREFIX_PATH=${CMAKE_PREFIX_PATH}:/home/mido/Pictures/Aya workspace Version 1/aya_ws/install/perception_pkg:/opt/ros/humble /usr/bin/cmake --build /home/mido/Pictures/Aya workspace Version 1/aya_ws/build/custom_msgs_pkg -- -j16 -l16
[0.608s] INFO:colcon.colcon_core.task.python.build:Building Python package in '/home/mido/Pictures/Aya workspace Version 1/aya_ws/src/perception_pkg'
[0.608s] INFO:colcon.colcon_core.shell:Skip shell extension 'powershell' for command environment: Not usable outside of PowerShell
[0.608s] DEBUG:colcon.colcon_core.shell:Skip shell extension 'dsv' for command environment
[0.724s] DEBUG:colcon.colcon_core.event_handler.log_command:Invoked command in '/home/mido/Pictures/Aya workspace Version 1/aya_ws/build/custom_msgs_pkg' returned '0': CMAKE_PREFIX_PATH=${CMAKE_PREFIX_PATH}:/home/mido/Pictures/Aya workspace Version 1/aya_ws/install/perception_pkg:/opt/ros/humble /usr/bin/cmake --build /home/mido/Pictures/Aya workspace Version 1/aya_ws/build/custom_msgs_pkg -- -j16 -l16
[0.735s] DEBUG:colcon.colcon_core.event_handler.log_command:Invoking command in '/home/mido/Pictures/Aya workspace Version 1/aya_ws/build/custom_msgs_pkg': CMAKE_PREFIX_PATH=${CMAKE_PREFIX_PATH}:/home/mido/Pictures/Aya workspace Version 1/aya_ws/install/perception_pkg:/opt/ros/humble /usr/bin/cmake --install /home/mido/Pictures/Aya workspace Version 1/aya_ws/build/custom_msgs_pkg
[0.789s] Level 1:colcon.colcon_core.environment:create_environment_scripts_only(custom_msgs_pkg)
[0.790s] DEBUG:colcon.colcon_core.event_handler.log_command:Invoked command in '/home/mido/Pictures/Aya workspace Version 1/aya_ws/build/custom_msgs_pkg' returned '0': CMAKE_PREFIX_PATH=${CMAKE_PREFIX_PATH}:/home/mido/Pictures/Aya workspace Version 1/aya_ws/install/perception_pkg:/opt/ros/humble /usr/bin/cmake --install /home/mido/Pictures/Aya workspace Version 1/aya_ws/build/custom_msgs_pkg
[0.791s] Level 1:colcon.colcon_core.environment:checking '/home/mido/Pictures/Aya workspace Version 1/aya_ws/install/custom_msgs_pkg' for CMake module files
[0.792s] Level 1:colcon.colcon_core.environment:checking '/home/mido/Pictures/Aya workspace Version 1/aya_ws/install/custom_msgs_pkg' for CMake config files
[0.792s] Level 1:colcon.colcon_core.shell:create_environment_hook('custom_msgs_pkg', 'cmake_prefix_path')
[0.792s] INFO:colcon.colcon_core.shell:Creating environment hook '/home/mido/Pictures/Aya workspace Version 1/aya_ws/install/custom_msgs_pkg/share/custom_msgs_pkg/hook/cmake_prefix_path.ps1'
[0.793s] INFO:colcon.colcon_core.shell:Creating environment descriptor '/home/mido/Pictures/Aya workspace Version 1/aya_ws/install/custom_msgs_pkg/share/custom_msgs_pkg/hook/cmake_prefix_path.dsv'
[0.793s] INFO:colcon.colcon_core.shell:Creating environment hook '/home/mido/Pictures/Aya workspace Version 1/aya_ws/install/custom_msgs_pkg/share/custom_msgs_pkg/hook/cmake_prefix_path.sh'
[0.794s] Level 1:colcon.colcon_core.environment:checking '/home/mido/Pictures/Aya workspace Version 1/aya_ws/install/custom_msgs_pkg/lib'
[0.794s] Level 1:colcon.colcon_core.shell:create_environment_hook('custom_msgs_pkg', 'ld_library_path_lib')
[0.794s] INFO:colcon.colcon_core.shell:Creating environment hook '/home/mido/Pictures/Aya workspace Version 1/aya_ws/install/custom_msgs_pkg/share/custom_msgs_pkg/hook/ld_library_path_lib.ps1'
[0.794s] INFO:colcon.colcon_core.shell:Creating environment descriptor '/home/mido/Pictures/Aya workspace Version 1/aya_ws/install/custom_msgs_pkg/share/custom_msgs_pkg/hook/ld_library_path_lib.dsv'
[0.795s] INFO:colcon.colcon_core.shell:Creating environment hook '/home/mido/Pictures/Aya workspace Version 1/aya_ws/install/custom_msgs_pkg/share/custom_msgs_pkg/hook/ld_library_path_lib.sh'
[0.795s] Level 1:colcon.colcon_core.environment:checking '/home/mido/Pictures/Aya workspace Version 1/aya_ws/install/custom_msgs_pkg/bin'
[0.795s] Level 1:colcon.colcon_core.environment:checking '/home/mido/Pictures/Aya workspace Version 1/aya_ws/install/custom_msgs_pkg/lib/pkgconfig/custom_msgs_pkg.pc'
[0.795s] Level 1:colcon.colcon_core.environment:checking '/home/mido/Pictures/Aya workspace Version 1/aya_ws/install/custom_msgs_pkg/lib/python3.10/site-packages'
[0.795s] Level 1:colcon.colcon_core.environment:checking '/home/mido/Pictures/Aya workspace Version 1/aya_ws/install/custom_msgs_pkg/bin'
[0.796s] INFO:colcon.colcon_core.shell:Creating package script '/home/mido/Pictures/Aya workspace Version 1/aya_ws/install/custom_msgs_pkg/share/custom_msgs_pkg/package.ps1'
[0.796s] INFO:colcon.colcon_core.shell:Creating package descriptor '/home/mido/Pictures/Aya workspace Version 1/aya_ws/install/custom_msgs_pkg/share/custom_msgs_pkg/package.dsv'
[0.797s] INFO:colcon.colcon_core.shell:Creating package script '/home/mido/Pictures/Aya workspace Version 1/aya_ws/install/custom_msgs_pkg/share/custom_msgs_pkg/package.sh'
[0.798s] INFO:colcon.colcon_core.shell:Creating package script '/home/mido/Pictures/Aya workspace Version 1/aya_ws/install/custom_msgs_pkg/share/custom_msgs_pkg/package.bash'
[0.798s] INFO:colcon.colcon_core.shell:Creating package script '/home/mido/Pictures/Aya workspace Version 1/aya_ws/install/custom_msgs_pkg/share/custom_msgs_pkg/package.zsh'
[0.799s] Level 1:colcon.colcon_core.environment:create_file_with_runtime_dependencies(/home/mido/Pictures/Aya workspace Version 1/aya_ws/install/custom_msgs_pkg/share/colcon-core/packages/custom_msgs_pkg)
[0.800s] Level 1:colcon.colcon_core.environment:create_environment_scripts_only(custom_msgs_pkg)
[0.800s] Level 1:colcon.colcon_core.environment:checking '/home/mido/Pictures/Aya workspace Version 1/aya_ws/install/custom_msgs_pkg' for CMake module files
[0.800s] Level 1:colcon.colcon_core.environment:checking '/home/mido/Pictures/Aya workspace Version 1/aya_ws/install/custom_msgs_pkg' for CMake config files
[0.801s] Level 1:colcon.colcon_core.shell:create_environment_hook('custom_msgs_pkg', 'cmake_prefix_path')
[0.801s] INFO:colcon.colcon_core.shell:Creating environment hook '/home/mido/Pictures/Aya workspace Version 1/aya_ws/install/custom_msgs_pkg/share/custom_msgs_pkg/hook/cmake_prefix_path.ps1'
[0.801s] INFO:colcon.colcon_core.shell:Creating environment descriptor '/home/mido/Pictures/Aya workspace Version 1/aya_ws/install/custom_msgs_pkg/share/custom_msgs_pkg/hook/cmake_prefix_path.dsv'
[0.802s] INFO:colcon.colcon_core.shell:Creating environment hook '/home/mido/Pictures/Aya workspace Version 1/aya_ws/install/custom_msgs_pkg/share/custom_msgs_pkg/hook/cmake_prefix_path.sh'
[0.802s] Level 1:colcon.colcon_core.environment:checking '/home/mido/Pictures/Aya workspace Version 1/aya_ws/install/custom_msgs_pkg/lib'
[0.802s] Level 1:colcon.colcon_core.shell:create_environment_hook('custom_msgs_pkg', 'ld_library_path_lib')
[0.802s] INFO:colcon.colcon_core.shell:Creating environment hook '/home/mido/Pictures/Aya workspace Version 1/aya_ws/install/custom_msgs_pkg/share/custom_msgs_pkg/hook/ld_library_path_lib.ps1'
[0.803s] INFO:colcon.colcon_core.shell:Creating environment descriptor '/home/mido/Pictures/Aya workspace Version 1/aya_ws/install/custom_msgs_pkg/share/custom_msgs_pkg/hook/ld_library_path_lib.dsv'
[0.803s] INFO:colcon.colcon_core.shell:Creating environment hook '/home/mido/Pictures/Aya workspace Version 1/aya_ws/install/custom_msgs_pkg/share/custom_msgs_pkg/hook/ld_library_path_lib.sh'
[0.803s] Level 1:colcon.colcon_core.environment:checking '/home/mido/Pictures/Aya workspace Version 1/aya_ws/install/custom_msgs_pkg/bin'
[0.803s] Level 1:colcon.colcon_core.environment:checking '/home/mido/Pictures/Aya workspace Version 1/aya_ws/install/custom_msgs_pkg/lib/pkgconfig/custom_msgs_pkg.pc'
[0.804s] Level 1:colcon.colcon_core.environment:checking '/home/mido/Pictures/Aya workspace Version 1/aya_ws/install/custom_msgs_pkg/lib/python3.10/site-packages'
[0.804s] Level 1:colcon.colcon_core.environment:checking '/home/mido/Pictures/Aya workspace Version 1/aya_ws/install/custom_msgs_pkg/bin'
[0.804s] INFO:colcon.colcon_core.shell:Creating package script '/home/mido/Pictures/Aya workspace Version 1/aya_ws/install/custom_msgs_pkg/share/custom_msgs_pkg/package.ps1'
[0.804s] INFO:colcon.colcon_core.shell:Creating package descriptor '/home/mido/Pictures/Aya workspace Version 1/aya_ws/install/custom_msgs_pkg/share/custom_msgs_pkg/package.dsv'
[0.805s] INFO:colcon.colcon_core.shell:Creating package script '/home/mido/Pictures/Aya workspace Version 1/aya_ws/install/custom_msgs_pkg/share/custom_msgs_pkg/package.sh'
[0.805s] INFO:colcon.colcon_core.shell:Creating package script '/home/mido/Pictures/Aya workspace Version 1/aya_ws/install/custom_msgs_pkg/share/custom_msgs_pkg/package.bash'
[0.805s] INFO:colcon.colcon_core.shell:Creating package script '/home/mido/Pictures/Aya workspace Version 1/aya_ws/install/custom_msgs_pkg/share/custom_msgs_pkg/package.zsh'
[0.806s] Level 1:colcon.colcon_core.environment:create_file_with_runtime_dependencies(/home/mido/Pictures/Aya workspace Version 1/aya_ws/install/custom_msgs_pkg/share/colcon-core/packages/custom_msgs_pkg)
[0.945s] DEBUG:colcon.colcon_core.event_handler.log_command:Invoking command in '/home/mido/Pictures/Aya workspace Version 1/aya_ws/src/perception_pkg': PYTHONPATH=/home/mido/Pictures/Aya workspace Version 1/aya_ws/build/perception_pkg/prefix_override:/usr/lib/python3/dist-packages/colcon_core/task/python/colcon_distutils_commands:/home/mido/Pictures/Aya workspace Version 1/aya_ws/install/perception_pkg/lib/python3.10/site-packages:${PYTHONPATH} /usr/bin/python3 -W ignore:setup.py install is deprecated -W ignore:easy_install command is deprecated setup.py egg_info --egg-base ../../build/perception_pkg build --build-base /home/mido/Pictures/Aya workspace Version 1/aya_ws/build/perception_pkg/build install --record /home/mido/Pictures/Aya workspace Version 1/aya_ws/build/perception_pkg/install.log --single-version-externally-managed install_data
[1.227s] Level 1:colcon.colcon_core.environment:checking '/home/mido/Pictures/Aya workspace Version 1/aya_ws/install/perception_pkg' for CMake module files
[1.228s] DEBUG:colcon.colcon_core.event_handler.log_command:Invoked command in '/home/mido/Pictures/Aya workspace Version 1/aya_ws/src/perception_pkg' returned '0': PYTHONPATH=/home/mido/Pictures/Aya workspace Version 1/aya_ws/build/perception_pkg/prefix_override:/usr/lib/python3/dist-packages/colcon_core/task/python/colcon_distutils_commands:/home/mido/Pictures/Aya workspace Version 1/aya_ws/install/perception_pkg/lib/python3.10/site-packages:${PYTHONPATH} /usr/bin/python3 -W ignore:setup.py install is deprecated -W ignore:easy_install command is deprecated setup.py egg_info --egg-base ../../build/perception_pkg build --build-base /home/mido/Pictures/Aya workspace Version 1/aya_ws/build/perception_pkg/build install --record /home/mido/Pictures/Aya workspace Version 1/aya_ws/build/perception_pkg/install.log --single-version-externally-managed install_data
[1.228s] Level 1:colcon.colcon_core.environment:checking '/home/mido/Pictures/Aya workspace Version 1/aya_ws/install/perception_pkg' for CMake config files
[1.229s] Level 1:colcon.colcon_core.environment:checking '/home/mido/Pictures/Aya workspace Version 1/aya_ws/install/perception_pkg/lib'
[1.229s] Level 1:colcon.colcon_core.environment:checking '/home/mido/Pictures/Aya workspace Version 1/aya_ws/install/perception_pkg/bin'
[1.229s] Level 1:colcon.colcon_core.environment:checking '/home/mido/Pictures/Aya workspace Version 1/aya_ws/install/perception_pkg/lib/pkgconfig/perception_pkg.pc'
[1.229s] Level 1:colcon.colcon_core.environment:checking '/home/mido/Pictures/Aya workspace Version 1/aya_ws/install/perception_pkg/lib/python3.10/site-packages'
[1.229s] Level 1:colcon.colcon_core.shell:create_environment_hook('perception_pkg', 'pythonpath')
[1.229s] INFO:colcon.colcon_core.shell:Creating environment hook '/home/mido/Pictures/Aya workspace Version 1/aya_ws/install/perception_pkg/share/perception_pkg/hook/pythonpath.ps1'
[1.230s] INFO:colcon.colcon_core.shell:Creating environment descriptor '/home/mido/Pictures/Aya workspace Version 1/aya_ws/install/perception_pkg/share/perception_pkg/hook/pythonpath.dsv'
[1.230s] INFO:colcon.colcon_core.shell:Creating environment hook '/home/mido/Pictures/Aya workspace Version 1/aya_ws/install/perception_pkg/share/perception_pkg/hook/pythonpath.sh'
[1.230s] Level 1:colcon.colcon_core.environment:checking '/home/mido/Pictures/Aya workspace Version 1/aya_ws/install/perception_pkg/bin'
[1.230s] Level 1:colcon.colcon_core.environment:create_environment_scripts_only(perception_pkg)
[1.231s] INFO:colcon.colcon_core.shell:Creating package script '/home/mido/Pictures/Aya workspace Version 1/aya_ws/install/perception_pkg/share/perception_pkg/package.ps1'
[1.231s] INFO:colcon.colcon_core.shell:Creating package descriptor '/home/mido/Pictures/Aya workspace Version 1/aya_ws/install/perception_pkg/share/perception_pkg/package.dsv'
[1.231s] INFO:colcon.colcon_core.shell:Creating package script '/home/mido/Pictures/Aya workspace Version 1/aya_ws/install/perception_pkg/share/perception_pkg/package.sh'
[1.232s] INFO:colcon.colcon_core.shell:Creating package script '/home/mido/Pictures/Aya workspace Version 1/aya_ws/install/perception_pkg/share/perception_pkg/package.bash'
[1.232s] INFO:colcon.colcon_core.shell:Creating package script '/home/mido/Pictures/Aya workspace Version 1/aya_ws/install/perception_pkg/share/perception_pkg/package.zsh'
[1.232s] Level 1:colcon.colcon_core.environment:create_file_with_runtime_dependencies(/home/mido/Pictures/Aya workspace Version 1/aya_ws/install/perception_pkg/share/colcon-core/packages/perception_pkg)
[1.233s] DEBUG:colcon.colcon_parallel_executor.executor.parallel:closing loop
[1.233s] DEBUG:colcon.colcon_parallel_executor.executor.parallel:loop closed
[1.233s] DEBUG:colcon.colcon_parallel_executor.executor.parallel:run_until_complete finished with '0'
[1.233s] DEBUG:colcon.colcon_core.event_reactor:joining thread
[1.238s] INFO:colcon.colcon_core.plugin_system:Skipping extension 'colcon_notification.desktop_notification.terminal_notifier': Not used on non-Darwin systems
[1.238s] INFO:colcon.colcon_core.plugin_system:Skipping extension 'colcon_notification.desktop_notification.win32': Not used on non-Windows systems
[1.238s] INFO:colcon.colcon_notification.desktop_notification:Sending desktop notification using 'notify2'
[1.245s] DEBUG:colcon.colcon_core.event_reactor:joined thread
[1.246s] INFO:colcon.colcon_core.shell:Creating prefix script '/home/mido/Pictures/Aya workspace Version 1/aya_ws/install/local_setup.ps1'
[1.247s] INFO:colcon.colcon_core.shell:Creating prefix util module '/home/mido/Pictures/Aya workspace Version 1/aya_ws/install/_local_setup_util_ps1.py'
[1.248s] INFO:colcon.colcon_core.shell:Creating prefix chain script '/home/mido/Pictures/Aya workspace Version 1/aya_ws/install/setup.ps1'
[1.249s] INFO:colcon.colcon_core.shell:Creating prefix script '/home/mido/Pictures/Aya workspace Version 1/aya_ws/install/local_setup.sh'
[1.249s] INFO:colcon.colcon_core.shell:Creating prefix util module '/home/mido/Pictures/Aya workspace Version 1/aya_ws/install/_local_setup_util_sh.py'
[1.250s] INFO:colcon.colcon_core.shell:Creating prefix chain script '/home/mido/Pictures/Aya workspace Version 1/aya_ws/install/setup.sh'
[1.251s] INFO:colcon.colcon_core.shell:Creating prefix script '/home/mido/Pictures/Aya workspace Version 1/aya_ws/install/local_setup.bash'
[1.251s] INFO:colcon.colcon_core.shell:Creating prefix chain script '/home/mido/Pictures/Aya workspace Version 1/aya_ws/install/setup.bash'
[1.252s] INFO:colcon.colcon_core.shell:Creating prefix script '/home/mido/Pictures/Aya workspace Version 1/aya_ws/install/local_setup.zsh'
[1.252s] INFO:colcon.colcon_core.shell:Creating prefix chain script '/home/mido/Pictures/Aya workspace Version 1/aya_ws/install/setup.zsh'
